<?xml version="1.0" encoding="UTF-8"?>
<testsuite xmlns:xsi="http://www.w3.org/2001/XMLSchema-instance" xsi:noNamespaceSchemaLocation="https://maven.apache.org/surefire/maven-surefire-plugin/xsd/surefire-test-report.xsd" version="3.0.2" name="infrax.teama.submit_service.SubmitServiceApplicationTests" time="46.584" tests="12" errors="0" skipped="0" failures="0" flakes="0">
  <properties>
[...]
</properties>
  <testcase name="testSubmitPatientFormWithLowercaseFirstName" classname="infrax.teama.submit_service.SubmitServiceApplicationTests" time="4.373">
    <system-out><![CDATA[12:06:54.965 [main] INFO org.springframework.test.context.support.AnnotationConfigContextLoaderUtils -- Could not detect default configuration classes for test class [infrax.teama.submit_service.SubmitServiceApplicationTests]: SubmitServiceApplicationTests does not declare any static, non-private, non-final, nested classes annotated with @Configuration.
12:06:55.568 [main] INFO org.springframework.boot.test.context.SpringBootTestContextBootstrapper -- Found @SpringBootConfiguration infrax.teama.submit_service.SubmitServiceApplication for test class infrax.teama.submit_service.SubmitServiceApplicationTests
12:06:56.352 [main] INFO org.springframework.test.context.support.AnnotationConfigContextLoaderUtils -- Could not detect default configuration classes for test class [infrax.teama.submit_service.SubmitServiceApplicationTests]: SubmitServiceApplicationTests does not declare any static, non-private, non-final, nested classes annotated with @Configuration.
12:06:56.360 [main] INFO org.springframework.boot.test.context.SpringBootTestContextBootstrapper -- Found @SpringBootConfiguration infrax.teama.submit_service.SubmitServiceApplication for test class infrax.teama.submit_service.SubmitServiceApplicationTests

  .   ____          _            __ _ _
 /\\ / ___'_ __ _ _(_)_ __  __ _ \ \ \ \
( ( )\___ | '_ | '_| | '_ \/ _` | \ \ \ \
 \\/  ___)| |_)| | | | | || (_| |  ) ) ) )
  '  |____| .__|_| |_|_| |_\__, | / / / /
 =========|_|==============|___/=/_/_/_/

 :: Spring Boot ::                (v4.0.5)

2026-05-05T12:06:58.536+03:00  INFO 18256 --- [submit-service] [           main] i.t.s.SubmitServiceApplicationTests      : Starting SubmitServiceApplicationTests using Java 17.0.12 with PID 18256 (started by Hanin1 in D:\team-a\submit-service\submit-service)
2026-05-05T12:06:58.539+03:00 DEBUG 18256 --- [submit-service] [           main] i.t.s.SubmitServiceApplicationTests      : Running with Spring Boot v4.0.5, Spring v7.0.6
2026-05-05T12:06:58.543+03:00  INFO 18256 --- [submit-service] [           main] i.t.s.SubmitServiceApplicationTests      : The following 1 profile is active: "test"
2026-05-05T12:06:58.741+03:00 DEBUG 18256 --- [submit-service] [           main] o.s.w.c.s.GenericWebApplicationContext   : Refreshing org.springframework.web.context.support.GenericWebApplicationContext@33f98231
2026-05-05T12:07:03.959+03:00  INFO 18256 --- [submit-service] [           main] .s.d.r.c.RepositoryConfigurationDelegate : Bootstrapping Spring Data JPA repositories in DEFAULT mode.
2026-05-05T12:07:04.300+03:00  INFO 18256 --- [submit-service] [           main] .s.d.r.c.RepositoryConfigurationDelegate : Finished Spring Data repository scanning in 274 ms. Found 1 JPA repository interface.
2026-05-05T12:07:08.791+03:00  INFO 18256 --- [submit-service] [           main] org.hibernate.orm.jpa                    : HHH008540: Processing PersistenceUnitInfo [name: default]
2026-05-05T12:07:09.145+03:00  INFO 18256 --- [submit-service] [           main] org.hibernate.orm.core                   : HHH000001: Hibernate ORM core version 7.2.7.Final
2026-05-05T12:07:12.229+03:00  INFO 18256 --- [submit-service] [           main] o.s.o.j.p.SpringPersistenceUnitInfo      : No LoadTimeWeaver setup: ignoring JPA class transformer
2026-05-05T12:07:12.375+03:00  INFO 18256 --- [submit-service] [           main] com.zaxxer.hikari.HikariDataSource       : HikariPool-1 - Starting...
2026-05-05T12:07:12.719+03:00  INFO 18256 --- [submit-service] [           main] com.zaxxer.hikari.pool.HikariPool        : HikariPool-1 - Added connection org.mariadb.jdbc.Connection@51da7b08
2026-05-05T12:07:12.728+03:00  INFO 18256 --- [submit-service] [           main] com.zaxxer.hikari.HikariDataSource       : HikariPool-1 - Start completed.
2026-05-05T12:07:12.879+03:00  WARN 18256 --- [submit-service] [           main] org.hibernate.orm.deprecation            : HHH90000025: MariaDBDialect does not need to be specified explicitly using 'hibernate.dialect' (remove the property setting and it will be selected by default)
2026-05-05T12:07:13.022+03:00  INFO 18256 --- [submit-service] [           main] org.hibernate.orm.connections.pooling    : HHH10001005: Database info:
	Database JDBC URL [jdbc:mariadb://localhost/clinicdb?user=root&password=***&serverTimezone=UTC&usePipelineAuth=false&allowMultiQueries=true]
	Database driver: MariaDB Connector/J
	Database dialect: MariaDBDialect
	Database version: 11.8.6
	Default catalog/schema: clinicdb/undefined
	Autocommit mode: undefined/unknown
	Isolation level: REPEATABLE_READ [default REPEATABLE_READ]
	JDBC fetch size: none
	Pool: DataSourceConnectionProvider
	Minimum pool size: undefined/unknown
	Maximum pool size: undefined/unknown
2026-05-05T12:07:18.103+03:00  INFO 18256 --- [submit-service] [           main] org.hibernate.orm.core                   : HHH000489: No JTA platform available (set 'hibernate.transaction.jta.platform' to enable JTA platform integration)
2026-05-05T12:07:18.584+03:00  INFO 18256 --- [submit-service] [           main] j.LocalContainerEntityManagerFactoryBean : Initialized JPA EntityManagerFactory for persistence unit 'default'
2026-05-05T12:07:19.593+03:00  INFO 18256 --- [submit-service] [           main] o.s.d.j.r.query.QueryEnhancerFactories   : Hibernate is in classpath; If applicable, HQL parser will be used.
2026-05-05T12:07:21.915+03:00  WARN 18256 --- [submit-service] [           main] JpaBaseConfiguration$JpaWebConfiguration : spring.jpa.open-in-view is enabled by default. Therefore, database queries may be performed during view rendering. Explicitly configure spring.jpa.open-in-view to disable this warning
2026-05-05T12:07:23.158+03:00  WARN 18256 --- [submit-service] [           main] .s.a.UserDetailsServiceAutoConfiguration : 

Using generated security password: 19ed814b-0bdc-413c-be1e-e8d1f8cf233c

This generated password is for development use only. Your security configuration must be updated before running your application in production.

2026-05-05T12:07:23.208+03:00  INFO 18256 --- [submit-service] [           main] r$InitializeUserDetailsManagerConfigurer : Global AuthenticationManager configured with UserDetailsService bean with name inMemoryUserDetailsManager
2026-05-05T12:07:25.432+03:00 DEBUG 18256 --- [submit-service] [           main] s.w.s.m.m.a.RequestMappingHandlerMapping : 7 mappings in 'requestMappingHandlerMapping'
2026-05-05T12:07:26.209+03:00 DEBUG 18256 --- [submit-service] [           main] o.s.w.s.handler.SimpleUrlHandlerMapping  : Patterns [/webjars/**, /**] in 'resourceHandlerMapping'
2026-05-05T12:07:26.612+03:00 DEBUG 18256 --- [submit-service] [           main] s.w.s.m.m.a.RequestMappingHandlerAdapter : ControllerAdvice beans: 0 @ModelAttribute, 0 @InitBinder, 2 RequestBodyAdvice, 1 ResponseBodyAdvice
2026-05-05T12:07:27.045+03:00 DEBUG 18256 --- [submit-service] [           main] .m.m.a.ExceptionHandlerExceptionResolver : ControllerAdvice beans: 1 @ExceptionHandler, 1 ResponseBodyAdvice
2026-05-05T12:07:29.588+03:00  INFO 18256 --- [submit-service] [           main] o.s.b.a.e.web.EndpointLinksResolver      : Exposing 2 endpoints beneath base path '/actuator'
2026-05-05T12:07:30.505+03:00  INFO 18256 --- [submit-service] [           main] i.t.s.SubmitServiceApplicationTests      : Started SubmitServiceApplicationTests in 33.657 seconds (process running for 39.829)
2026-05-05T12:07:33.042+03:00  INFO 18256 --- [submit-service] [           main] o.s.b.t.m.w.SpringBootMockServletContext : Initializing Spring TestDispatcherServlet ''
2026-05-05T12:07:33.043+03:00  INFO 18256 --- [submit-service] [           main] o.s.t.web.servlet.TestDispatcherServlet  : Initializing Servlet ''
2026-05-05T12:07:33.051+03:00  INFO 18256 --- [submit-service] [           main] o.s.t.web.servlet.TestDispatcherServlet  : Completed initialization in 8 ms
2026-05-05T12:07:33.290+03:00 DEBUG 18256 --- [submit-service] [           main] s.w.s.m.m.a.RequestMappingHandlerMapping : Mapped to infrax.teama.submit_service.controller.PatientFormController#submitForm(PatientFormRequest)
2026-05-05T12:07:34.103+03:00 DEBUG 18256 --- [submit-service] [           main] m.m.a.RequestResponseBodyMethodProcessor : Read "application/json" to [PatientFormRequest(firstName=john, lastName=DOE, dateOfBirth=1990-01-15, streetName=MAINSTREET, stre (truncated)...]
2026-05-05T12:07:34.849+03:00 DEBUG 18256 --- [submit-service] [           main] .m.m.a.ExceptionHandlerExceptionResolver : Using @ExceptionHandler infrax.teama.submit_service.advice.GlobalExceptionHandler#handleValidationException(MethodArgumentNotValidException, WebRequest)
2026-05-05T12:07:34.857+03:00  WARN 18256 --- [submit-service] [           main] i.t.s.advice.GlobalExceptionHandler      : Validation error occurred: Validation failed for argument [0] in public org.springframework.http.ResponseEntity<infrax.teama.submit_service.dto.PatientFormResponseDto> infrax.teama.submit_service.controller.PatientFormController.submitForm(infrax.teama.submit_service.dto.PatientFormRequest): [Field error in object 'patientFormRequest' on field 'firstName': rejected value [john]; codes [Pattern.patientFormRequest.firstName,Pattern.firstName,Pattern.java.lang.String,Pattern]; arguments [org.springframework.context.support.DefaultMessageSourceResolvable: codes [patientFormRequest.firstName,firstName]; arguments []; default message [firstName],[Ljakarta.validation.constraints.Pattern$Flag;@2703fabd,[A-Z]+]; default message [First name must be uppercase letters only]] 
2026-05-05T12:07:34.900+03:00 DEBUG 18256 --- [submit-service] [           main] o.s.w.s.m.m.a.HttpEntityMethodProcessor  : Using 'application/json', given [*/*] and supported [application/json, application/*+json]
2026-05-05T12:07:34.902+03:00 DEBUG 18256 --- [submit-service] [           main] o.s.w.s.m.m.a.HttpEntityMethodProcessor  : Writing [{path=/api/submit/forms, message=Validation failed, errors={firstName=First name must be uppercase l (truncated)...]
2026-05-05T12:07:35.059+03:00 DEBUG 18256 --- [submit-service] [           main] .m.m.a.ExceptionHandlerExceptionResolver : Resolved [org.springframework.web.bind.MethodArgumentNotValidException: Validation failed for argument [0] in public org.springframework.http.ResponseEntity<infrax.teama.submit_service.dto.PatientFormResponseDto> infrax.teama.submit_service.controller.PatientFormController.submitForm(infrax.teama.submit_service.dto.PatientFormRequest): [Field error in object 'patientFormRequest' on field 'firstName': rejected value [john]; codes [Pattern.patientFormRequest.firstName,Pattern.firstName,Pattern.java.lang.String,Pattern]; arguments [org.springframework.context.support.DefaultMessageSourceResolvable: codes [patientFormRequest.firstName,firstName]; arguments []; default message [firstName],[Ljakarta.validation.constraints.Pattern$Flag;@2703fabd,[A-Z]+]; default message [First name must be uppercase letters only]] ]
]]></system-out>
  </testcase>
  <testcase name="testSubmitMultiplePatientFormsSequentially" classname="infrax.teama.submit_service.SubmitServiceApplicationTests" time="1.728">
    <system-out><![CDATA[2026-05-05T12:07:35.266+03:00  INFO 18256 --- [submit-service] [           main] o.s.b.t.m.w.SpringBootMockServletContext : Initializing Spring TestDispatcherServlet ''
2026-05-05T12:07:35.267+03:00  INFO 18256 --- [submit-service] [           main] o.s.t.web.servlet.TestDispatcherServlet  : Initializing Servlet ''
2026-05-05T12:07:35.274+03:00  INFO 18256 --- [submit-service] [           main] o.s.t.web.servlet.TestDispatcherServlet  : Completed initialization in 7 ms
2026-05-05T12:07:35.279+03:00 DEBUG 18256 --- [submit-service] [           main] s.w.s.m.m.a.RequestMappingHandlerMapping : Mapped to infrax.teama.submit_service.controller.PatientFormController#submitForm(PatientFormRequest)
2026-05-05T12:07:35.286+03:00 DEBUG 18256 --- [submit-service] [           main] m.m.a.RequestResponseBodyMethodProcessor : Read "application/json" to [PatientFormRequest(firstName=JOHN, lastName=DOE, dateOfBirth=1990-01-15, streetName=MAINSTREET, stre (truncated)...]
2026-05-05T12:07:35.294+03:00  INFO 18256 --- [submit-service] [           main] i.t.s.controller.PatientFormController   : Received form submission request: PatientFormRequest(firstName=JOHN, lastName=DOE, dateOfBirth=1990-01-15, streetName=MAINSTREET, streetNumber=123, city=BERLIN, postalCode=10115, phoneNumber=+49301234567, emailAddress=john.doe@example.com, symptoms=[FEVER, COUGH], otherSymptoms=null, allergies=[POLLEN], otherAllergies=null, medications=[PARACETAMOL], otherMedications=null, preExistingConditions=[DIABETES], otherPreExistingConditions=null, signatureDataUrl=null)
2026-05-05T12:07:35.521+03:00  INFO 18256 --- [submit-service] [           main] i.t.s.service.PatientFormService         : Submitting new form for patient: JOHN DOE
2026-05-05T12:07:36.384+03:00  INFO 18256 --- [submit-service] [           main] i.t.s.controller.PatientFormController   : Form submitted successfully with ID: 16
2026-05-05T12:07:36.394+03:00 DEBUG 18256 --- [submit-service] [           main] o.s.w.s.m.m.a.HttpEntityMethodProcessor  : Using 'application/json', given [*/*] and supported [application/json, application/*+json]
2026-05-05T12:07:36.442+03:00 DEBUG 18256 --- [submit-service] [           main] o.s.w.s.m.m.a.HttpEntityMethodProcessor  : Writing [PatientFormResponseDto(id=16, firstName=JOHN, lastName=DOE, dateOfBirth=1990-01-15, streetName=MAINS (truncated)...]
2026-05-05T12:07:36.659+03:00 DEBUG 18256 --- [submit-service] [           main] s.w.s.m.m.a.RequestMappingHandlerMapping : Mapped to infrax.teama.submit_service.controller.PatientFormController#submitForm(PatientFormRequest)
2026-05-05T12:07:36.662+03:00 DEBUG 18256 --- [submit-service] [           main] m.m.a.RequestResponseBodyMethodProcessor : Read "application/json" to [PatientFormRequest(firstName=JANE, lastName=DOE, dateOfBirth=1990-01-15, streetName=MAINSTREET, stre (truncated)...]
2026-05-05T12:07:36.672+03:00  INFO 18256 --- [submit-service] [           main] i.t.s.controller.PatientFormController   : Received form submission request: PatientFormRequest(firstName=JANE, lastName=DOE, dateOfBirth=1990-01-15, streetName=MAINSTREET, streetNumber=123, city=BERLIN, postalCode=10115, phoneNumber=+49301234567, emailAddress=john.doe@example.com, symptoms=[FEVER, COUGH], otherSymptoms=null, allergies=[POLLEN], otherAllergies=null, medications=[PARACETAMOL], otherMedications=null, preExistingConditions=[DIABETES], otherPreExistingConditions=null, signatureDataUrl=null)
2026-05-05T12:07:36.691+03:00  INFO 18256 --- [submit-service] [           main] i.t.s.service.PatientFormService         : Submitting new form for patient: JANE DOE
2026-05-05T12:07:36.964+03:00  INFO 18256 --- [submit-service] [           main] i.t.s.controller.PatientFormController   : Form submitted successfully with ID: 17
2026-05-05T12:07:36.966+03:00 DEBUG 18256 --- [submit-service] [           main] o.s.w.s.m.m.a.HttpEntityMethodProcessor  : Using 'application/json', given [*/*] and supported [application/json, application/*+json]
2026-05-05T12:07:36.967+03:00 DEBUG 18256 --- [submit-service] [           main] o.s.w.s.m.m.a.HttpEntityMethodProcessor  : Writing [PatientFormResponseDto(id=17, firstName=JANE, lastName=DOE, dateOfBirth=1990-01-15, streetName=MAINS (truncated)...]
]]></system-out>
  </testcase>
  <testcase name="testSubmitPatientFormWithMissingFirstName" classname="infrax.teama.submit_service.SubmitServiceApplicationTests" time="0.161">
    <system-out><![CDATA[2026-05-05T12:07:36.995+03:00  INFO 18256 --- [submit-service] [           main] o.s.b.t.m.w.SpringBootMockServletContext : Initializing Spring TestDispatcherServlet ''
2026-05-05T12:07:36.995+03:00  INFO 18256 --- [submit-service] [           main] o.s.t.web.servlet.TestDispatcherServlet  : Initializing Servlet ''
2026-05-05T12:07:37.007+03:00  INFO 18256 --- [submit-service] [           main] o.s.t.web.servlet.TestDispatcherServlet  : Completed initialization in 7 ms
2026-05-05T12:07:37.040+03:00 DEBUG 18256 --- [submit-service] [           main] s.w.s.m.m.a.RequestMappingHandlerMapping : Mapped to infrax.teama.submit_service.controller.PatientFormController#submitForm(PatientFormRequest)
2026-05-05T12:07:37.043+03:00 DEBUG 18256 --- [submit-service] [           main] m.m.a.RequestResponseBodyMethodProcessor : Read "application/json" to [PatientFormRequest(firstName=null, lastName=DOE, dateOfBirth=1990-01-15, streetName=MAINSTREET, stre (truncated)...]
2026-05-05T12:07:37.106+03:00 DEBUG 18256 --- [submit-service] [           main] .m.m.a.ExceptionHandlerExceptionResolver : Using @ExceptionHandler infrax.teama.submit_service.advice.GlobalExceptionHandler#handleValidationException(MethodArgumentNotValidException, WebRequest)
2026-05-05T12:07:37.106+03:00  WARN 18256 --- [submit-service] [           main] i.t.s.advice.GlobalExceptionHandler      : Validation error occurred: Validation failed for argument [0] in public org.springframework.http.ResponseEntity<infrax.teama.submit_service.dto.PatientFormResponseDto> infrax.teama.submit_service.controller.PatientFormController.submitForm(infrax.teama.submit_service.dto.PatientFormRequest): [Field error in object 'patientFormRequest' on field 'firstName': rejected value [null]; codes [NotBlank.patientFormRequest.firstName,NotBlank.firstName,NotBlank.java.lang.String,NotBlank]; arguments [org.springframework.context.support.DefaultMessageSourceResolvable: codes [patientFormRequest.firstName,firstName]; arguments []; default message [firstName]]; default message [must not be blank]] 
2026-05-05T12:07:37.108+03:00 DEBUG 18256 --- [submit-service] [           main] o.s.w.s.m.m.a.HttpEntityMethodProcessor  : Using 'application/json', given [*/*] and supported [application/json, application/*+json]
2026-05-05T12:07:37.110+03:00 DEBUG 18256 --- [submit-service] [           main] o.s.w.s.m.m.a.HttpEntityMethodProcessor  : Writing [{path=/api/submit/forms, message=Validation failed, errors={firstName=must not be blank}, timestamp= (truncated)...]
2026-05-05T12:07:37.125+03:00 DEBUG 18256 --- [submit-service] [           main] .m.m.a.ExceptionHandlerExceptionResolver : Resolved [org.springframework.web.bind.MethodArgumentNotValidException: Validation failed for argument [0] in public org.springframework.http.ResponseEntity<infrax.teama.submit_service.dto.PatientFormResponseDto> infrax.teama.submit_service.controller.PatientFormController.submitForm(infrax.teama.submit_service.dto.PatientFormRequest): [Field error in object 'patientFormRequest' on field 'firstName': rejected value [null]; codes [NotBlank.patientFormRequest.firstName,NotBlank.firstName,NotBlank.java.lang.String,NotBlank]; arguments [org.springframework.context.support.DefaultMessageSourceResolvable: codes [patientFormRequest.firstName,firstName]; arguments []; default message [firstName]]; default message [must not be blank]] ]
]]></system-out>
  </testcase>
  <testcase name="testSubmitPatientFormWithMissingLastName" classname="infrax.teama.submit_service.SubmitServiceApplicationTests" time="0.229">
    <system-out><![CDATA[2026-05-05T12:07:37.206+03:00  INFO 18256 --- [submit-service] [           main] o.s.b.t.m.w.SpringBootMockServletContext : Initializing Spring TestDispatcherServlet ''
2026-05-05T12:07:37.210+03:00  INFO 18256 --- [submit-service] [           main] o.s.t.web.servlet.TestDispatcherServlet  : Initializing Servlet ''
2026-05-05T12:07:37.277+03:00  INFO 18256 --- [submit-service] [           main] o.s.t.web.servlet.TestDispatcherServlet  : Completed initialization in 62 ms
2026-05-05T12:07:37.290+03:00 DEBUG 18256 --- [submit-service] [           main] s.w.s.m.m.a.RequestMappingHandlerMapping : Mapped to infrax.teama.submit_service.controller.PatientFormController#submitForm(PatientFormRequest)
2026-05-05T12:07:37.292+03:00 DEBUG 18256 --- [submit-service] [           main] m.m.a.RequestResponseBodyMethodProcessor : Read "application/json" to [PatientFormRequest(firstName=JOHN, lastName=null, dateOfBirth=1990-01-15, streetName=MAINSTREET, str (truncated)...]
2026-05-05T12:07:37.336+03:00 DEBUG 18256 --- [submit-service] [           main] .m.m.a.ExceptionHandlerExceptionResolver : Using @ExceptionHandler infrax.teama.submit_service.advice.GlobalExceptionHandler#handleValidationException(MethodArgumentNotValidException, WebRequest)
2026-05-05T12:07:37.336+03:00  WARN 18256 --- [submit-service] [           main] i.t.s.advice.GlobalExceptionHandler      : Validation error occurred: Validation failed for argument [0] in public org.springframework.http.ResponseEntity<infrax.teama.submit_service.dto.PatientFormResponseDto> infrax.teama.submit_service.controller.PatientFormController.submitForm(infrax.teama.submit_service.dto.PatientFormRequest): [Field error in object 'patientFormRequest' on field 'lastName': rejected value [null]; codes [NotBlank.patientFormRequest.lastName,NotBlank.lastName,NotBlank.java.lang.String,NotBlank]; arguments [org.springframework.context.support.DefaultMessageSourceResolvable: codes [patientFormRequest.lastName,lastName]; arguments []; default message [lastName]]; default message [must not be blank]] 
2026-05-05T12:07:37.347+03:00 DEBUG 18256 --- [submit-service] [           main] o.s.w.s.m.m.a.HttpEntityMethodProcessor  : Using 'application/json', given [*/*] and supported [application/json, application/*+json]
2026-05-05T12:07:37.367+03:00 DEBUG 18256 --- [submit-service] [           main] o.s.w.s.m.m.a.HttpEntityMethodProcessor  : Writing [{path=/api/submit/forms, message=Validation failed, errors={lastName=must not be blank}, timestamp=2 (truncated)...]
2026-05-05T12:07:37.391+03:00 DEBUG 18256 --- [submit-service] [           main] .m.m.a.ExceptionHandlerExceptionResolver : Resolved [org.springframework.web.bind.MethodArgumentNotValidException: Validation failed for argument [0] in public org.springframework.http.ResponseEntity<infrax.teama.submit_service.dto.PatientFormResponseDto> infrax.teama.submit_service.controller.PatientFormController.submitForm(infrax.teama.submit_service.dto.PatientFormRequest): [Field error in object 'patientFormRequest' on field 'lastName': rejected value [null]; codes [NotBlank.patientFormRequest.lastName,NotBlank.lastName,NotBlank.java.lang.String,NotBlank]; arguments [org.springframework.context.support.DefaultMessageSourceResolvable: codes [patientFormRequest.lastName,lastName]; arguments []; default message [lastName]]; default message [must not be blank]] ]
]]></system-out>
  </testcase>
  <testcase name="testSubmitPatientFormWithAllMedicalData" classname="infrax.teama.submit_service.SubmitServiceApplicationTests" time="0.787">
    <system-out><![CDATA[2026-05-05T12:07:37.440+03:00  INFO 18256 --- [submit-service] [           main] o.s.b.t.m.w.SpringBootMockServletContext : Initializing Spring TestDispatcherServlet ''
2026-05-05T12:07:37.440+03:00  INFO 18256 --- [submit-service] [           main] o.s.t.web.servlet.TestDispatcherServlet  : Initializing Servlet ''
2026-05-05T12:07:37.444+03:00  INFO 18256 --- [submit-service] [           main] o.s.t.web.servlet.TestDispatcherServlet  : Completed initialization in 4 ms
2026-05-05T12:07:37.451+03:00 DEBUG 18256 --- [submit-service] [           main] s.w.s.m.m.a.RequestMappingHandlerMapping : Mapped to infrax.teama.submit_service.controller.PatientFormController#submitForm(PatientFormRequest)
2026-05-05T12:07:37.459+03:00 DEBUG 18256 --- [submit-service] [           main] m.m.a.RequestResponseBodyMethodProcessor : Read "application/json" to [PatientFormRequest(firstName=JOHN, lastName=DOE, dateOfBirth=1990-01-15, streetName=MAINSTREET, stre (truncated)...]
2026-05-05T12:07:37.550+03:00  INFO 18256 --- [submit-service] [           main] i.t.s.controller.PatientFormController   : Received form submission request: PatientFormRequest(firstName=JOHN, lastName=DOE, dateOfBirth=1990-01-15, streetName=MAINSTREET, streetNumber=123, city=BERLIN, postalCode=10115, phoneNumber=+49301234567, emailAddress=john.doe@example.com, symptoms=[FEVER, COUGH, HEADACHE], otherSymptoms=Fatigue, allergies=[POLLEN, PENICILLIN], otherAllergies=Shellfish, medications=[PARACETAMOL, IBUPROFEN], otherMedications=Vitamin D, preExistingConditions=[DIABETES, ASTHMA], otherPreExistingConditions=Food sensitivity, signatureDataUrl=null)
2026-05-05T12:07:37.843+03:00  INFO 18256 --- [submit-service] [           main] i.t.s.service.PatientFormService         : Submitting new form for patient: JOHN DOE
2026-05-05T12:07:38.001+03:00  INFO 18256 --- [submit-service] [           main] i.t.s.controller.PatientFormController   : Form submitted successfully with ID: 18
2026-05-05T12:07:38.002+03:00 DEBUG 18256 --- [submit-service] [           main] o.s.w.s.m.m.a.HttpEntityMethodProcessor  : Using 'application/json', given [*/*] and supported [application/json, application/*+json]
2026-05-05T12:07:38.006+03:00 DEBUG 18256 --- [submit-service] [           main] o.s.w.s.m.m.a.HttpEntityMethodProcessor  : Writing [PatientFormResponseDto(id=18, firstName=JOHN, lastName=DOE, dateOfBirth=1990-01-15, streetName=MAINS (truncated)...]
]]></system-out>
  </testcase>
  <testcase name="testSubmitPatientFormWithInvalidEmail" classname="infrax.teama.submit_service.SubmitServiceApplicationTests" time="0.115">
    <system-out><![CDATA[2026-05-05T12:07:38.218+03:00  INFO 18256 --- [submit-service] [           main] o.s.b.t.m.w.SpringBootMockServletContext : Initializing Spring TestDispatcherServlet ''
2026-05-05T12:07:38.218+03:00  INFO 18256 --- [submit-service] [           main] o.s.t.web.servlet.TestDispatcherServlet  : Initializing Servlet ''
2026-05-05T12:07:38.222+03:00  INFO 18256 --- [submit-service] [           main] o.s.t.web.servlet.TestDispatcherServlet  : Completed initialization in 3 ms
2026-05-05T12:07:38.227+03:00 DEBUG 18256 --- [submit-service] [           main] s.w.s.m.m.a.RequestMappingHandlerMapping : Mapped to infrax.teama.submit_service.controller.PatientFormController#submitForm(PatientFormRequest)
2026-05-05T12:07:38.269+03:00 DEBUG 18256 --- [submit-service] [           main] m.m.a.RequestResponseBodyMethodProcessor : Read "application/json" to [PatientFormRequest(firstName=JOHN, lastName=DOE, dateOfBirth=1990-01-15, streetName=MAINSTREET, stre (truncated)...]
2026-05-05T12:07:38.302+03:00 DEBUG 18256 --- [submit-service] [           main] .m.m.a.ExceptionHandlerExceptionResolver : Using @ExceptionHandler infrax.teama.submit_service.advice.GlobalExceptionHandler#handleValidationException(MethodArgumentNotValidException, WebRequest)
2026-05-05T12:07:38.304+03:00  WARN 18256 --- [submit-service] [           main] i.t.s.advice.GlobalExceptionHandler      : Validation error occurred: Validation failed for argument [0] in public org.springframework.http.ResponseEntity<infrax.teama.submit_service.dto.PatientFormResponseDto> infrax.teama.submit_service.controller.PatientFormController.submitForm(infrax.teama.submit_service.dto.PatientFormRequest): [Field error in object 'patientFormRequest' on field 'emailAddress': rejected value [not-an-email]; codes [Email.patientFormRequest.emailAddress,Email.emailAddress,Email.java.lang.String,Email]; arguments [org.springframework.context.support.DefaultMessageSourceResolvable: codes [patientFormRequest.emailAddress,emailAddress]; arguments []; default message [emailAddress],[Ljakarta.validation.constraints.Pattern$Flag;@3d48674,.*]; default message [must be a well-formed email address]] 
2026-05-05T12:07:38.305+03:00 DEBUG 18256 --- [submit-service] [           main] o.s.w.s.m.m.a.HttpEntityMethodProcessor  : Using 'application/json', given [*/*] and supported [application/json, application/*+json]
2026-05-05T12:07:38.307+03:00 DEBUG 18256 --- [submit-service] [           main] o.s.w.s.m.m.a.HttpEntityMethodProcessor  : Writing [{path=/api/submit/forms, message=Validation failed, errors={emailAddress=must be a well-formed email (truncated)...]
2026-05-05T12:07:38.309+03:00 DEBUG 18256 --- [submit-service] [           main] .m.m.a.ExceptionHandlerExceptionResolver : Resolved [org.springframework.web.bind.MethodArgumentNotValidException: Validation failed for argument [0] in public org.springframework.http.ResponseEntity<infrax.teama.submit_service.dto.PatientFormResponseDto> infrax.teama.submit_service.controller.PatientFormController.submitForm(infrax.teama.submit_service.dto.PatientFormRequest): [Field error in object 'patientFormRequest' on field 'emailAddress': rejected value [not-an-email]; codes [Email.patientFormRequest.emailAddress,Email.emailAddress,Email.java.lang.String,Email]; arguments [org.springframework.context.support.DefaultMessageSourceResolvable: codes [patientFormRequest.emailAddress,emailAddress]; arguments []; default message [emailAddress],[Ljakarta.validation.constraints.Pattern$Flag;@3d48674,.*]; default message [must be a well-formed email address]] ]
]]></system-out>
  </testcase>
  <testcase name="testSubmitPatientFormResponseFormat" classname="infrax.teama.submit_service.SubmitServiceApplicationTests" time="0.49">
    <system-out><![CDATA[2026-05-05T12:07:38.348+03:00  INFO 18256 --- [submit-service] [           main] o.s.b.t.m.w.SpringBootMockServletContext : Initializing Spring TestDispatcherServlet ''
2026-05-05T12:07:38.349+03:00  INFO 18256 --- [submit-service] [           main] o.s.t.web.servlet.TestDispatcherServlet  : Initializing Servlet ''
2026-05-05T12:07:38.370+03:00  INFO 18256 --- [submit-service] [           main] o.s.t.web.servlet.TestDispatcherServlet  : Completed initialization in 10 ms
2026-05-05T12:07:38.415+03:00 DEBUG 18256 --- [submit-service] [           main] s.w.s.m.m.a.RequestMappingHandlerMapping : Mapped to infrax.teama.submit_service.controller.PatientFormController#submitForm(PatientFormRequest)
2026-05-05T12:07:38.433+03:00 DEBUG 18256 --- [submit-service] [           main] m.m.a.RequestResponseBodyMethodProcessor : Read "application/json" to [PatientFormRequest(firstName=JOHN, lastName=DOE, dateOfBirth=1990-01-15, streetName=MAINSTREET, stre (truncated)...]
2026-05-05T12:07:38.449+03:00  INFO 18256 --- [submit-service] [           main] i.t.s.controller.PatientFormController   : Received form submission request: PatientFormRequest(firstName=JOHN, lastName=DOE, dateOfBirth=1990-01-15, streetName=MAINSTREET, streetNumber=123, city=BERLIN, postalCode=10115, phoneNumber=+49301234567, emailAddress=john.doe@example.com, symptoms=[FEVER, COUGH], otherSymptoms=null, allergies=[POLLEN], otherAllergies=null, medications=[PARACETAMOL], otherMedications=null, preExistingConditions=[DIABETES], otherPreExistingConditions=null, signatureDataUrl=null)
2026-05-05T12:07:38.542+03:00  INFO 18256 --- [submit-service] [           main] i.t.s.service.PatientFormService         : Submitting new form for patient: JOHN DOE
2026-05-05T12:07:38.795+03:00  INFO 18256 --- [submit-service] [           main] i.t.s.controller.PatientFormController   : Form submitted successfully with ID: 19
2026-05-05T12:07:38.798+03:00 DEBUG 18256 --- [submit-service] [           main] o.s.w.s.m.m.a.HttpEntityMethodProcessor  : Using 'application/json', given [*/*] and supported [application/json, application/*+json]
2026-05-05T12:07:38.799+03:00 DEBUG 18256 --- [submit-service] [           main] o.s.w.s.m.m.a.HttpEntityMethodProcessor  : Writing [PatientFormResponseDto(id=19, firstName=JOHN, lastName=DOE, dateOfBirth=1990-01-15, streetName=MAINS (truncated)...]
]]></system-out>
  </testcase>
  <testcase name="testSubmitPatientFormWithNonNumericStreetNumber" classname="infrax.teama.submit_service.SubmitServiceApplicationTests" time="0.042">
    <system-out><![CDATA[2026-05-05T12:07:38.832+03:00  INFO 18256 --- [submit-service] [           main] o.s.b.t.m.w.SpringBootMockServletContext : Initializing Spring TestDispatcherServlet ''
2026-05-05T12:07:38.833+03:00  INFO 18256 --- [submit-service] [           main] o.s.t.web.servlet.TestDispatcherServlet  : Initializing Servlet ''
2026-05-05T12:07:38.836+03:00  INFO 18256 --- [submit-service] [           main] o.s.t.web.servlet.TestDispatcherServlet  : Completed initialization in 3 ms
2026-05-05T12:07:38.845+03:00 DEBUG 18256 --- [submit-service] [           main] s.w.s.m.m.a.RequestMappingHandlerMapping : Mapped to infrax.teama.submit_service.controller.PatientFormController#submitForm(PatientFormRequest)
2026-05-05T12:07:38.852+03:00 DEBUG 18256 --- [submit-service] [           main] m.m.a.RequestResponseBodyMethodProcessor : Read "application/json" to [PatientFormRequest(firstName=JOHN, lastName=DOE, dateOfBirth=1990-01-15, streetName=MAINSTREET, stre (truncated)...]
2026-05-05T12:07:38.855+03:00 DEBUG 18256 --- [submit-service] [           main] .m.m.a.ExceptionHandlerExceptionResolver : Using @ExceptionHandler infrax.teama.submit_service.advice.GlobalExceptionHandler#handleValidationException(MethodArgumentNotValidException, WebRequest)
2026-05-05T12:07:38.855+03:00  WARN 18256 --- [submit-service] [           main] i.t.s.advice.GlobalExceptionHandler      : Validation error occurred: Validation failed for argument [0] in public org.springframework.http.ResponseEntity<infrax.teama.submit_service.dto.PatientFormResponseDto> infrax.teama.submit_service.controller.PatientFormController.submitForm(infrax.teama.submit_service.dto.PatientFormRequest): [Field error in object 'patientFormRequest' on field 'streetNumber': rejected value [ABC]; codes [Pattern.patientFormRequest.streetNumber,Pattern.streetNumber,Pattern.java.lang.String,Pattern]; arguments [org.springframework.context.support.DefaultMessageSourceResolvable: codes [patientFormRequest.streetNumber,streetNumber]; arguments []; default message [streetNumber],[Ljakarta.validation.constraints.Pattern$Flag;@2703fabd,\d+]; default message [Street number must be numeric]] 
2026-05-05T12:07:38.856+03:00 DEBUG 18256 --- [submit-service] [           main] o.s.w.s.m.m.a.HttpEntityMethodProcessor  : Using 'application/json', given [*/*] and supported [application/json, application/*+json]
2026-05-05T12:07:38.857+03:00 DEBUG 18256 --- [submit-service] [           main] o.s.w.s.m.m.a.HttpEntityMethodProcessor  : Writing [{path=/api/submit/forms, message=Validation failed, errors={streetNumber=Street number must be numer (truncated)...]
2026-05-05T12:07:38.859+03:00 DEBUG 18256 --- [submit-service] [           main] .m.m.a.ExceptionHandlerExceptionResolver : Resolved [org.springframework.web.bind.MethodArgumentNotValidException: Validation failed for argument [0] in public org.springframework.http.ResponseEntity<infrax.teama.submit_service.dto.PatientFormResponseDto> infrax.teama.submit_service.controller.PatientFormController.submitForm(infrax.teama.submit_service.dto.PatientFormRequest): [Field error in object 'patientFormRequest' on field 'streetNumber': rejected value [ABC]; codes [Pattern.patientFormRequest.streetNumber,Pattern.streetNumber,Pattern.java.lang.String,Pattern]; arguments [org.springframework.context.support.DefaultMessageSourceResolvable: codes [patientFormRequest.streetNumber,streetNumber]; arguments []; default message [streetNumber],[Ljakarta.validation.constraints.Pattern$Flag;@2703fabd,\d+]; default message [Street number must be numeric]] ]
]]></system-out>
  </testcase>
  <testcase name="contextLoads" classname="infrax.teama.submit_service.SubmitServiceApplicationTests" time="0.189">
    <system-out><![CDATA[2026-05-05T12:07:38.911+03:00  INFO 18256 --- [submit-service] [           main] o.s.b.t.m.w.SpringBootMockServletContext : Initializing Spring TestDispatcherServlet ''
2026-05-05T12:07:38.917+03:00  INFO 18256 --- [submit-service] [           main] o.s.t.web.servlet.TestDispatcherServlet  : Initializing Servlet ''
2026-05-05T12:07:38.929+03:00  INFO 18256 --- [submit-service] [           main] o.s.t.web.servlet.TestDispatcherServlet  : Completed initialization in 12 ms
]]></system-out>
  </testcase>
  <testcase name="testSubmitPatientFormWithValidData" classname="infrax.teama.submit_service.SubmitServiceApplicationTests" time="0.954">
    <system-out><![CDATA[2026-05-05T12:07:39.097+03:00  INFO 18256 --- [submit-service] [           main] o.s.b.t.m.w.SpringBootMockServletContext : Initializing Spring TestDispatcherServlet ''
2026-05-05T12:07:39.108+03:00  INFO 18256 --- [submit-service] [           main] o.s.t.web.servlet.TestDispatcherServlet  : Initializing Servlet ''
2026-05-05T12:07:39.134+03:00  INFO 18256 --- [submit-service] [           main] o.s.t.web.servlet.TestDispatcherServlet  : Completed initialization in 25 ms
2026-05-05T12:07:39.150+03:00 DEBUG 18256 --- [submit-service] [           main] s.w.s.m.m.a.RequestMappingHandlerMapping : Mapped to infrax.teama.submit_service.controller.PatientFormController#submitForm(PatientFormRequest)
2026-05-05T12:07:39.162+03:00 DEBUG 18256 --- [submit-service] [           main] m.m.a.RequestResponseBodyMethodProcessor : Read "application/json" to [PatientFormRequest(firstName=JOHN, lastName=DOE, dateOfBirth=1990-01-15, streetName=MAINSTREET, stre (truncated)...]
2026-05-05T12:07:39.191+03:00  INFO 18256 --- [submit-service] [           main] i.t.s.controller.PatientFormController   : Received form submission request: PatientFormRequest(firstName=JOHN, lastName=DOE, dateOfBirth=1990-01-15, streetName=MAINSTREET, streetNumber=123, city=BERLIN, postalCode=10115, phoneNumber=+49301234567, emailAddress=john.doe@example.com, symptoms=[FEVER, COUGH], otherSymptoms=null, allergies=[POLLEN], otherAllergies=null, medications=[PARACETAMOL], otherMedications=null, preExistingConditions=[DIABETES], otherPreExistingConditions=null, signatureDataUrl=null)
2026-05-05T12:07:39.420+03:00  INFO 18256 --- [submit-service] [           main] i.t.s.service.PatientFormService         : Submitting new form for patient: JOHN DOE
2026-05-05T12:07:40.011+03:00  INFO 18256 --- [submit-service] [           main] i.t.s.controller.PatientFormController   : Form submitted successfully with ID: 20
2026-05-05T12:07:40.016+03:00 DEBUG 18256 --- [submit-service] [           main] o.s.w.s.m.m.a.HttpEntityMethodProcessor  : Using 'application/json', given [*/*] and supported [application/json, application/*+json]
2026-05-05T12:07:40.018+03:00 DEBUG 18256 --- [submit-service] [           main] o.s.w.s.m.m.a.HttpEntityMethodProcessor  : Writing [PatientFormResponseDto(id=20, firstName=JOHN, lastName=DOE, dateOfBirth=1990-01-15, streetName=MAINS (truncated)...]
]]></system-out>
  </testcase>
  <testcase name="testSubmitPatientFormWithMissingMedicalData" classname="infrax.teama.submit_service.SubmitServiceApplicationTests" time="0.577">
    <system-out><![CDATA[2026-05-05T12:07:40.043+03:00  INFO 18256 --- [submit-service] [           main] o.s.b.t.m.w.SpringBootMockServletContext : Initializing Spring TestDispatcherServlet ''
2026-05-05T12:07:40.044+03:00  INFO 18256 --- [submit-service] [           main] o.s.t.web.servlet.TestDispatcherServlet  : Initializing Servlet ''
2026-05-05T12:07:40.051+03:00  INFO 18256 --- [submit-service] [           main] o.s.t.web.servlet.TestDispatcherServlet  : Completed initialization in 7 ms
2026-05-05T12:07:40.053+03:00 DEBUG 18256 --- [submit-service] [           main] s.w.s.m.m.a.RequestMappingHandlerMapping : Mapped to infrax.teama.submit_service.controller.PatientFormController#submitForm(PatientFormRequest)
2026-05-05T12:07:40.055+03:00 DEBUG 18256 --- [submit-service] [           main] m.m.a.RequestResponseBodyMethodProcessor : Read "application/json" to [PatientFormRequest(firstName=JOHN, lastName=DOE, dateOfBirth=1990-01-15, streetName=MAINSTREET, stre (truncated)...]
2026-05-05T12:07:40.058+03:00  INFO 18256 --- [submit-service] [           main] i.t.s.controller.PatientFormController   : Received form submission request: PatientFormRequest(firstName=JOHN, lastName=DOE, dateOfBirth=1990-01-15, streetName=MAINSTREET, streetNumber=123, city=BERLIN, postalCode=10115, phoneNumber=+49301234567, emailAddress=john.doe@example.com, symptoms=null, otherSymptoms=null, allergies=null, otherAllergies=null, medications=null, otherMedications=null, preExistingConditions=null, otherPreExistingConditions=null, signatureDataUrl=null)
2026-05-05T12:07:40.165+03:00  INFO 18256 --- [submit-service] [           main] i.t.s.service.PatientFormService         : Submitting new form for patient: JOHN DOE
2026-05-05T12:07:40.608+03:00  INFO 18256 --- [submit-service] [           main] i.t.s.controller.PatientFormController   : Form submitted successfully with ID: 21
2026-05-05T12:07:40.609+03:00 DEBUG 18256 --- [submit-service] [           main] o.s.w.s.m.m.a.HttpEntityMethodProcessor  : Using 'application/json', given [*/*] and supported [application/json, application/*+json]
2026-05-05T12:07:40.610+03:00 DEBUG 18256 --- [submit-service] [           main] o.s.w.s.m.m.a.HttpEntityMethodProcessor  : Writing [PatientFormResponseDto(id=21, firstName=JOHN, lastName=DOE, dateOfBirth=1990-01-15, streetName=MAINS (truncated)...]
]]></system-out>
  </testcase>
  <testcase name="testSubmitPatientFormWithInvalidPhoneNumber" classname="infrax.teama.submit_service.SubmitServiceApplicationTests" time="0.031">
    <system-out><![CDATA[2026-05-05T12:07:40.626+03:00  INFO 18256 --- [submit-service] [           main] o.s.b.t.m.w.SpringBootMockServletContext : Initializing Spring TestDispatcherServlet ''
2026-05-05T12:07:40.626+03:00  INFO 18256 --- [submit-service] [           main] o.s.t.web.servlet.TestDispatcherServlet  : Initializing Servlet ''
2026-05-05T12:07:40.633+03:00  INFO 18256 --- [submit-service] [           main] o.s.t.web.servlet.TestDispatcherServlet  : Completed initialization in 6 ms
2026-05-05T12:07:40.635+03:00 DEBUG 18256 --- [submit-service] [           main] s.w.s.m.m.a.RequestMappingHandlerMapping : Mapped to infrax.teama.submit_service.controller.PatientFormController#submitForm(PatientFormRequest)
2026-05-05T12:07:40.638+03:00 DEBUG 18256 --- [submit-service] [           main] m.m.a.RequestResponseBodyMethodProcessor : Read "application/json" to [PatientFormRequest(firstName=JOHN, lastName=DOE, dateOfBirth=1990-01-15, streetName=MAINSTREET, stre (truncated)...]
2026-05-05T12:07:40.641+03:00 DEBUG 18256 --- [submit-service] [           main] .m.m.a.ExceptionHandlerExceptionResolver : Using @ExceptionHandler infrax.teama.submit_service.advice.GlobalExceptionHandler#handleValidationException(MethodArgumentNotValidException, WebRequest)
2026-05-05T12:07:40.642+03:00  WARN 18256 --- [submit-service] [           main] i.t.s.advice.GlobalExceptionHandler      : Validation error occurred: Validation failed for argument [0] in public org.springframework.http.ResponseEntity<infrax.teama.submit_service.dto.PatientFormResponseDto> infrax.teama.submit_service.controller.PatientFormController.submitForm(infrax.teama.submit_service.dto.PatientFormRequest): [Field error in object 'patientFormRequest' on field 'phoneNumber': rejected value [invalid]; codes [Pattern.patientFormRequest.phoneNumber,Pattern.phoneNumber,Pattern.java.lang.String,Pattern]; arguments [org.springframework.context.support.DefaultMessageSourceResolvable: codes [patientFormRequest.phoneNumber,phoneNumber]; arguments []; default message [phoneNumber],[Ljakarta.validation.constraints.Pattern$Flag;@2703fabd,[\+]?([0-9\- ]+)]; default message [Invalid phone number format]] 
2026-05-05T12:07:40.643+03:00 DEBUG 18256 --- [submit-service] [           main] o.s.w.s.m.m.a.HttpEntityMethodProcessor  : Using 'application/json', given [*/*] and supported [application/json, application/*+json]
2026-05-05T12:07:40.644+03:00 DEBUG 18256 --- [submit-service] [           main] o.s.w.s.m.m.a.HttpEntityMethodProcessor  : Writing [{path=/api/submit/forms, message=Validation failed, errors={phoneNumber=Invalid phone number format} (truncated)...]
2026-05-05T12:07:40.649+03:00 DEBUG 18256 --- [submit-service] [           main] .m.m.a.ExceptionHandlerExceptionResolver : Resolved [org.springframework.web.bind.MethodArgumentNotValidException: Validation failed for argument [0] in public org.springframework.http.ResponseEntity<infrax.teama.submit_service.dto.PatientFormResponseDto> infrax.teama.submit_service.controller.PatientFormController.submitForm(infrax.teama.submit_service.dto.PatientFormRequest): [Field error in object 'patientFormRequest' on field 'phoneNumber': rejected value [invalid]; codes [Pattern.patientFormRequest.phoneNumber,Pattern.phoneNumber,Pattern.java.lang.String,Pattern]; arguments [org.springframework.context.support.DefaultMessageSourceResolvable: codes [patientFormRequest.phoneNumber,phoneNumber]; arguments []; default message [phoneNumber],[Ljakarta.validation.constraints.Pattern$Flag;@2703fabd,[\+]?([0-9\- ]+)]; default message [Invalid phone number format]] ]
]]></system-out>
  </testcase>
</testsuite>