<?xml version="1.0" encoding="UTF-8"?>
<testsuite xmlns:xsi="http://www.w3.org/2001/XMLSchema-instance" xsi:noNamespaceSchemaLocation="https://maven.apache.org/surefire/maven-surefire-plugin/xsd/surefire-test-report.xsd" version="3.0.2" name="infrax.teama.submit_service.SubmitServiceApplicationTests" time="3.311" tests="12" errors="0" skipped="0" failures="0" flakes="0">
  <properties>
[...]
</properties>
  <testcase name="testSubmitPatientFormWithLowercaseFirstName" classname="infrax.teama.submit_service.SubmitServiceApplicationTests" time="0.046">
    <system-out><![CDATA[2026-05-05T16:45:55.159+03:00  INFO 8220 --- [submit-service] [           main] t.c.s.AnnotationConfigContextLoaderUtils : Could not detect default configuration classes for test class [infrax.teama.submit_service.SubmitServiceApplicationTests]: SubmitServiceApplicationTests does not declare any static, non-private, non-final, nested classes annotated with @Configuration.
2026-05-05T16:45:55.174+03:00  INFO 8220 --- [submit-service] [           main] .b.t.c.SpringBootTestContextBootstrapper : Found @SpringBootConfiguration infrax.teama.submit_service.SubmitServiceApplication for test class infrax.teama.submit_service.SubmitServiceApplicationTests
2026-05-05T16:45:55.180+03:00  INFO 8220 --- [submit-service] [           main] t.c.s.AnnotationConfigContextLoaderUtils : Could not detect default configuration classes for test class [infrax.teama.submit_service.SubmitServiceApplicationTests]: SubmitServiceApplicationTests does not declare any static, non-private, non-final, nested classes annotated with @Configuration.
2026-05-05T16:45:55.182+03:00  INFO 8220 --- [submit-service] [           main] .b.t.c.SpringBootTestContextBootstrapper : Found @SpringBootConfiguration infrax.teama.submit_service.SubmitServiceApplication for test class infrax.teama.submit_service.SubmitServiceApplicationTests
2026-05-05T16:45:55.198+03:00  INFO 8220 --- [submit-service] [           main] o.s.b.t.m.w.SpringBootMockServletContext : Initializing Spring TestDispatcherServlet ''
2026-05-05T16:45:55.199+03:00  INFO 8220 --- [submit-service] [           main] o.s.t.web.servlet.TestDispatcherServlet  : Initializing Servlet ''
2026-05-05T16:45:55.202+03:00  INFO 8220 --- [submit-service] [           main] o.s.t.web.servlet.TestDispatcherServlet  : Completed initialization in 3 ms
2026-05-05T16:45:55.208+03:00 DEBUG 8220 --- [submit-service] [           main] s.w.s.m.m.a.RequestMappingHandlerMapping : Mapped to infrax.teama.submit_service.controller.PatientFormController#submitForm(PatientFormRequest)
2026-05-05T16:45:55.209+03:00 DEBUG 8220 --- [submit-service] [           main] m.m.a.RequestResponseBodyMethodProcessor : Read "application/json" to [PatientFormRequest(firstName=john, lastName=DOE, dateOfBirth=1990-01-15, streetName=MAINSTREET, stre (truncated)...]
2026-05-05T16:45:55.210+03:00 DEBUG 8220 --- [submit-service] [           main] .m.m.a.ExceptionHandlerExceptionResolver : Using @ExceptionHandler infrax.teama.submit_service.advice.GlobalExceptionHandler#handleValidationException(MethodArgumentNotValidException, WebRequest)
2026-05-05T16:45:55.211+03:00  WARN 8220 --- [submit-service] [           main] i.t.s.advice.GlobalExceptionHandler      : Validation error occurred: Validation failed for argument [0] in public org.springframework.http.ResponseEntity<infrax.teama.submit_service.dto.PatientFormResponseDto> infrax.teama.submit_service.controller.PatientFormController.submitForm(infrax.teama.submit_service.dto.PatientFormRequest): [Field error in object 'patientFormRequest' on field 'firstName': rejected value [john]; codes [Pattern.patientFormRequest.firstName,Pattern.firstName,Pattern.java.lang.String,Pattern]; arguments [org.springframework.context.support.DefaultMessageSourceResolvable: codes [patientFormRequest.firstName,firstName]; arguments []; default message [firstName],[Ljakarta.validation.constraints.Pattern$Flag;@7a6cab6f,[A-Z]+]; default message [First name must be uppercase letters only]] 
2026-05-05T16:45:55.211+03:00 DEBUG 8220 --- [submit-service] [           main] o.s.w.s.m.m.a.HttpEntityMethodProcessor  : Using 'application/json', given [*/*] and supported [application/json, application/*+json]
2026-05-05T16:45:55.212+03:00 DEBUG 8220 --- [submit-service] [           main] o.s.w.s.m.m.a.HttpEntityMethodProcessor  : Writing [{path=/api/submit/forms, message=Validation failed, errors={firstName=First name must be uppercase l (truncated)...]
2026-05-05T16:45:55.213+03:00 DEBUG 8220 --- [submit-service] [           main] .m.m.a.ExceptionHandlerExceptionResolver : Resolved [org.springframework.web.bind.MethodArgumentNotValidException: Validation failed for argument [0] in public org.springframework.http.ResponseEntity<infrax.teama.submit_service.dto.PatientFormResponseDto> infrax.teama.submit_service.controller.PatientFormController.submitForm(infrax.teama.submit_service.dto.PatientFormRequest): [Field error in object 'patientFormRequest' on field 'firstName': rejected value [john]; codes [Pattern.patientFormRequest.firstName,Pattern.firstName,Pattern.java.lang.String,Pattern]; arguments [org.springframework.context.support.DefaultMessageSourceResolvable: codes [patientFormRequest.firstName,firstName]; arguments []; default message [firstName],[Ljakarta.validation.constraints.Pattern$Flag;@7a6cab6f,[A-Z]+]; default message [First name must be uppercase letters only]] ]
]]></system-out>
  </testcase>
  <testcase name="testSubmitMultiplePatientFormsSequentially" classname="infrax.teama.submit_service.SubmitServiceApplicationTests" time="0.476">
    <system-out><![CDATA[2026-05-05T16:45:55.253+03:00  INFO 8220 --- [submit-service] [           main] o.s.b.t.m.w.SpringBootMockServletContext : Initializing Spring TestDispatcherServlet ''
2026-05-05T16:45:55.253+03:00  INFO 8220 --- [submit-service] [           main] o.s.t.web.servlet.TestDispatcherServlet  : Initializing Servlet ''
2026-05-05T16:45:55.304+03:00  INFO 8220 --- [submit-service] [           main] o.s.t.web.servlet.TestDispatcherServlet  : Completed initialization in 51 ms
2026-05-05T16:45:55.306+03:00 DEBUG 8220 --- [submit-service] [           main] s.w.s.m.m.a.RequestMappingHandlerMapping : Mapped to infrax.teama.submit_service.controller.PatientFormController#submitForm(PatientFormRequest)
2026-05-05T16:45:55.310+03:00 DEBUG 8220 --- [submit-service] [           main] m.m.a.RequestResponseBodyMethodProcessor : Read "application/json" to [PatientFormRequest(firstName=JOHN, lastName=DOE, dateOfBirth=1990-01-15, streetName=MAINSTREET, stre (truncated)...]
2026-05-05T16:45:55.316+03:00  INFO 8220 --- [submit-service] [           main] i.t.s.controller.PatientFormController   : Received form submission request: PatientFormRequest(firstName=JOHN, lastName=DOE, dateOfBirth=1990-01-15, streetName=MAINSTREET, streetNumber=123, city=BERLIN, postalCode=10115, phoneNumber=+49301234567, emailAddress=john.doe@example.com, symptoms=[FEVER, COUGH], otherSymptoms=null, allergies=[POLLEN], otherAllergies=null, medications=[PARACETAMOL], otherMedications=null, preExistingConditions=[DIABETES], otherPreExistingConditions=null, signatureDataUrl=null)
2026-05-05T16:45:55.338+03:00  INFO 8220 --- [submit-service] [           main] i.t.s.service.PatientFormService         : Submitting new form for patient: JOHN DOE
2026-05-05T16:45:55.644+03:00  INFO 8220 --- [submit-service] [           main] i.t.s.controller.PatientFormController   : Form submitted successfully with ID: 724
2026-05-05T16:45:55.644+03:00 DEBUG 8220 --- [submit-service] [           main] o.s.w.s.m.m.a.HttpEntityMethodProcessor  : Using 'application/json', given [*/*] and supported [application/json, application/*+json]
2026-05-05T16:45:55.644+03:00 DEBUG 8220 --- [submit-service] [           main] o.s.w.s.m.m.a.HttpEntityMethodProcessor  : Writing [PatientFormResponseDto(id=724, firstName=JOHN, lastName=DOE, dateOfBirth=1990-01-15, streetName=MAIN (truncated)...]
2026-05-05T16:45:55.646+03:00 DEBUG 8220 --- [submit-service] [           main] s.w.s.m.m.a.RequestMappingHandlerMapping : Mapped to infrax.teama.submit_service.controller.PatientFormController#submitForm(PatientFormRequest)
2026-05-05T16:45:55.647+03:00 DEBUG 8220 --- [submit-service] [           main] m.m.a.RequestResponseBodyMethodProcessor : Read "application/json" to [PatientFormRequest(firstName=JANE, lastName=DOE, dateOfBirth=1990-01-15, streetName=MAINSTREET, stre (truncated)...]
2026-05-05T16:45:55.648+03:00  INFO 8220 --- [submit-service] [           main] i.t.s.controller.PatientFormController   : Received form submission request: PatientFormRequest(firstName=JANE, lastName=DOE, dateOfBirth=1990-01-15, streetName=MAINSTREET, streetNumber=123, city=BERLIN, postalCode=10115, phoneNumber=+49301234567, emailAddress=john.doe@example.com, symptoms=[FEVER, COUGH], otherSymptoms=null, allergies=[POLLEN], otherAllergies=null, medications=[PARACETAMOL], otherMedications=null, preExistingConditions=[DIABETES], otherPreExistingConditions=null, signatureDataUrl=null)
2026-05-05T16:45:55.652+03:00  INFO 8220 --- [submit-service] [           main] i.t.s.service.PatientFormService         : Submitting new form for patient: JANE DOE
2026-05-05T16:45:55.719+03:00  INFO 8220 --- [submit-service] [           main] i.t.s.controller.PatientFormController   : Form submitted successfully with ID: 725
2026-05-05T16:45:55.719+03:00 DEBUG 8220 --- [submit-service] [           main] o.s.w.s.m.m.a.HttpEntityMethodProcessor  : Using 'application/json', given [*/*] and supported [application/json, application/*+json]
2026-05-05T16:45:55.719+03:00 DEBUG 8220 --- [submit-service] [           main] o.s.w.s.m.m.a.HttpEntityMethodProcessor  : Writing [PatientFormResponseDto(id=725, firstName=JANE, lastName=DOE, dateOfBirth=1990-01-15, streetName=MAIN (truncated)...]
]]></system-out>
  </testcase>
  <testcase name="testSubmitPatientFormWithMissingFirstName" classname="infrax.teama.submit_service.SubmitServiceApplicationTests" time="0.019">
    <system-out><![CDATA[2026-05-05T16:45:55.727+03:00  INFO 8220 --- [submit-service] [           main] o.s.b.t.m.w.SpringBootMockServletContext : Initializing Spring TestDispatcherServlet ''
2026-05-05T16:45:55.727+03:00  INFO 8220 --- [submit-service] [           main] o.s.t.web.servlet.TestDispatcherServlet  : Initializing Servlet ''
2026-05-05T16:45:55.730+03:00  INFO 8220 --- [submit-service] [           main] o.s.t.web.servlet.TestDispatcherServlet  : Completed initialization in 3 ms
2026-05-05T16:45:55.734+03:00 DEBUG 8220 --- [submit-service] [           main] s.w.s.m.m.a.RequestMappingHandlerMapping : Mapped to infrax.teama.submit_service.controller.PatientFormController#submitForm(PatientFormRequest)
2026-05-05T16:45:55.735+03:00 DEBUG 8220 --- [submit-service] [           main] m.m.a.RequestResponseBodyMethodProcessor : Read "application/json" to [PatientFormRequest(firstName=null, lastName=DOE, dateOfBirth=1990-01-15, streetName=MAINSTREET, stre (truncated)...]
2026-05-05T16:45:55.741+03:00 DEBUG 8220 --- [submit-service] [           main] .m.m.a.ExceptionHandlerExceptionResolver : Using @ExceptionHandler infrax.teama.submit_service.advice.GlobalExceptionHandler#handleValidationException(MethodArgumentNotValidException, WebRequest)
2026-05-05T16:45:55.741+03:00  WARN 8220 --- [submit-service] [           main] i.t.s.advice.GlobalExceptionHandler      : Validation error occurred: Validation failed for argument [0] in public org.springframework.http.ResponseEntity<infrax.teama.submit_service.dto.PatientFormResponseDto> infrax.teama.submit_service.controller.PatientFormController.submitForm(infrax.teama.submit_service.dto.PatientFormRequest): [Field error in object 'patientFormRequest' on field 'firstName': rejected value [null]; codes [NotBlank.patientFormRequest.firstName,NotBlank.firstName,NotBlank.java.lang.String,NotBlank]; arguments [org.springframework.context.support.DefaultMessageSourceResolvable: codes [patientFormRequest.firstName,firstName]; arguments []; default message [firstName]]; default message [must not be blank]] 
2026-05-05T16:45:55.742+03:00 DEBUG 8220 --- [submit-service] [           main] o.s.w.s.m.m.a.HttpEntityMethodProcessor  : Using 'application/json', given [*/*] and supported [application/json, application/*+json]
2026-05-05T16:45:55.742+03:00 DEBUG 8220 --- [submit-service] [           main] o.s.w.s.m.m.a.HttpEntityMethodProcessor  : Writing [{path=/api/submit/forms, message=Validation failed, errors={firstName=must not be blank}, timestamp= (truncated)...]
2026-05-05T16:45:55.742+03:00 DEBUG 8220 --- [submit-service] [           main] .m.m.a.ExceptionHandlerExceptionResolver : Resolved [org.springframework.web.bind.MethodArgumentNotValidException: Validation failed for argument [0] in public org.springframework.http.ResponseEntity<infrax.teama.submit_service.dto.PatientFormResponseDto> infrax.teama.submit_service.controller.PatientFormController.submitForm(infrax.teama.submit_service.dto.PatientFormRequest): [Field error in object 'patientFormRequest' on field 'firstName': rejected value [null]; codes [NotBlank.patientFormRequest.firstName,NotBlank.firstName,NotBlank.java.lang.String,NotBlank]; arguments [org.springframework.context.support.DefaultMessageSourceResolvable: codes [patientFormRequest.firstName,firstName]; arguments []; default message [firstName]]; default message [must not be blank]] ]
]]></system-out>
  </testcase>
  <testcase name="testSubmitPatientFormWithMissingLastName" classname="infrax.teama.submit_service.SubmitServiceApplicationTests" time="0.017">
    <system-out><![CDATA[2026-05-05T16:45:55.750+03:00  INFO 8220 --- [submit-service] [           main] o.s.b.t.m.w.SpringBootMockServletContext : Initializing Spring TestDispatcherServlet ''
2026-05-05T16:45:55.750+03:00  INFO 8220 --- [submit-service] [           main] o.s.t.web.servlet.TestDispatcherServlet  : Initializing Servlet ''
2026-05-05T16:45:55.753+03:00  INFO 8220 --- [submit-service] [           main] o.s.t.web.servlet.TestDispatcherServlet  : Completed initialization in 3 ms
2026-05-05T16:45:55.754+03:00 DEBUG 8220 --- [submit-service] [           main] s.w.s.m.m.a.RequestMappingHandlerMapping : Mapped to infrax.teama.submit_service.controller.PatientFormController#submitForm(PatientFormRequest)
2026-05-05T16:45:55.756+03:00 DEBUG 8220 --- [submit-service] [           main] m.m.a.RequestResponseBodyMethodProcessor : Read "application/json" to [PatientFormRequest(firstName=JOHN, lastName=null, dateOfBirth=1990-01-15, streetName=MAINSTREET, str (truncated)...]
2026-05-05T16:45:55.758+03:00 DEBUG 8220 --- [submit-service] [           main] .m.m.a.ExceptionHandlerExceptionResolver : Using @ExceptionHandler infrax.teama.submit_service.advice.GlobalExceptionHandler#handleValidationException(MethodArgumentNotValidException, WebRequest)
2026-05-05T16:45:55.758+03:00  WARN 8220 --- [submit-service] [           main] i.t.s.advice.GlobalExceptionHandler      : Validation error occurred: Validation failed for argument [0] in public org.springframework.http.ResponseEntity<infrax.teama.submit_service.dto.PatientFormResponseDto> infrax.teama.submit_service.controller.PatientFormController.submitForm(infrax.teama.submit_service.dto.PatientFormRequest): [Field error in object 'patientFormRequest' on field 'lastName': rejected value [null]; codes [NotBlank.patientFormRequest.lastName,NotBlank.lastName,NotBlank.java.lang.String,NotBlank]; arguments [org.springframework.context.support.DefaultMessageSourceResolvable: codes [patientFormRequest.lastName,lastName]; arguments []; default message [lastName]]; default message [must not be blank]] 
2026-05-05T16:45:55.758+03:00 DEBUG 8220 --- [submit-service] [           main] o.s.w.s.m.m.a.HttpEntityMethodProcessor  : Using 'application/json', given [*/*] and supported [application/json, application/*+json]
2026-05-05T16:45:55.758+03:00 DEBUG 8220 --- [submit-service] [           main] o.s.w.s.m.m.a.HttpEntityMethodProcessor  : Writing [{path=/api/submit/forms, message=Validation failed, errors={lastName=must not be blank}, timestamp=2 (truncated)...]
2026-05-05T16:45:55.759+03:00 DEBUG 8220 --- [submit-service] [           main] .m.m.a.ExceptionHandlerExceptionResolver : Resolved [org.springframework.web.bind.MethodArgumentNotValidException: Validation failed for argument [0] in public org.springframework.http.ResponseEntity<infrax.teama.submit_service.dto.PatientFormResponseDto> infrax.teama.submit_service.controller.PatientFormController.submitForm(infrax.teama.submit_service.dto.PatientFormRequest): [Field error in object 'patientFormRequest' on field 'lastName': rejected value [null]; codes [NotBlank.patientFormRequest.lastName,NotBlank.lastName,NotBlank.java.lang.String,NotBlank]; arguments [org.springframework.context.support.DefaultMessageSourceResolvable: codes [patientFormRequest.lastName,lastName]; arguments []; default message [lastName]]; default message [must not be blank]] ]
]]></system-out>
  </testcase>
  <testcase name="testSubmitPatientFormWithAllMedicalData" classname="infrax.teama.submit_service.SubmitServiceApplicationTests" time="1.335">
    <system-out><![CDATA[2026-05-05T16:45:55.778+03:00  INFO 8220 --- [submit-service] [           main] o.s.b.t.m.w.SpringBootMockServletContext : Initializing Spring TestDispatcherServlet ''
2026-05-05T16:45:55.778+03:00  INFO 8220 --- [submit-service] [           main] o.s.t.web.servlet.TestDispatcherServlet  : Initializing Servlet ''
2026-05-05T16:45:55.781+03:00  INFO 8220 --- [submit-service] [           main] o.s.t.web.servlet.TestDispatcherServlet  : Completed initialization in 3 ms
2026-05-05T16:45:55.782+03:00 DEBUG 8220 --- [submit-service] [           main] s.w.s.m.m.a.RequestMappingHandlerMapping : Mapped to infrax.teama.submit_service.controller.PatientFormController#submitForm(PatientFormRequest)
2026-05-05T16:45:55.784+03:00 DEBUG 8220 --- [submit-service] [           main] m.m.a.RequestResponseBodyMethodProcessor : Read "application/json" to [PatientFormRequest(firstName=JOHN, lastName=DOE, dateOfBirth=1990-01-15, streetName=MAINSTREET, stre (truncated)...]
2026-05-05T16:45:55.785+03:00  INFO 8220 --- [submit-service] [           main] i.t.s.controller.PatientFormController   : Received form submission request: PatientFormRequest(firstName=JOHN, lastName=DOE, dateOfBirth=1990-01-15, streetName=MAINSTREET, streetNumber=123, city=BERLIN, postalCode=10115, phoneNumber=+49301234567, emailAddress=john.doe@example.com, symptoms=[FEVER, COUGH, HEADACHE], otherSymptoms=Fatigue, allergies=[POLLEN, PENICILLIN], otherAllergies=Shellfish, medications=[PARACETAMOL, IBUPROFEN], otherMedications=Vitamin D, preExistingConditions=[DIABETES, ASTHMA], otherPreExistingConditions=Food sensitivity, signatureDataUrl=null)
2026-05-05T16:45:55.803+03:00  INFO 8220 --- [submit-service] [           main] i.t.s.service.PatientFormService         : Submitting new form for patient: JOHN DOE
2026-05-05T16:45:57.100+03:00  INFO 8220 --- [submit-service] [           main] i.t.s.controller.PatientFormController   : Form submitted successfully with ID: 726
2026-05-05T16:45:57.101+03:00 DEBUG 8220 --- [submit-service] [           main] o.s.w.s.m.m.a.HttpEntityMethodProcessor  : Using 'application/json', given [*/*] and supported [application/json, application/*+json]
2026-05-05T16:45:57.102+03:00 DEBUG 8220 --- [submit-service] [           main] o.s.w.s.m.m.a.HttpEntityMethodProcessor  : Writing [PatientFormResponseDto(id=726, firstName=JOHN, lastName=DOE, dateOfBirth=1990-01-15, streetName=MAIN (truncated)...]
]]></system-out>
  </testcase>
  <testcase name="testSubmitPatientFormWithInvalidEmail" classname="infrax.teama.submit_service.SubmitServiceApplicationTests" time="0.013">
    <system-out><![CDATA[2026-05-05T16:45:57.112+03:00  INFO 8220 --- [submit-service] [           main] o.s.b.t.m.w.SpringBootMockServletContext : Initializing Spring TestDispatcherServlet ''
2026-05-05T16:45:57.113+03:00  INFO 8220 --- [submit-service] [           main] o.s.t.web.servlet.TestDispatcherServlet  : Initializing Servlet ''
2026-05-05T16:45:57.115+03:00  INFO 8220 --- [submit-service] [           main] o.s.t.web.servlet.TestDispatcherServlet  : Completed initialization in 2 ms
2026-05-05T16:45:57.117+03:00 DEBUG 8220 --- [submit-service] [           main] s.w.s.m.m.a.RequestMappingHandlerMapping : Mapped to infrax.teama.submit_service.controller.PatientFormController#submitForm(PatientFormRequest)
2026-05-05T16:45:57.118+03:00 DEBUG 8220 --- [submit-service] [           main] m.m.a.RequestResponseBodyMethodProcessor : Read "application/json" to [PatientFormRequest(firstName=JOHN, lastName=DOE, dateOfBirth=1990-01-15, streetName=MAINSTREET, stre (truncated)...]
2026-05-05T16:45:57.118+03:00 DEBUG 8220 --- [submit-service] [           main] .m.m.a.ExceptionHandlerExceptionResolver : Using @ExceptionHandler infrax.teama.submit_service.advice.GlobalExceptionHandler#handleValidationException(MethodArgumentNotValidException, WebRequest)
2026-05-05T16:45:57.119+03:00  WARN 8220 --- [submit-service] [           main] i.t.s.advice.GlobalExceptionHandler      : Validation error occurred: Validation failed for argument [0] in public org.springframework.http.ResponseEntity<infrax.teama.submit_service.dto.PatientFormResponseDto> infrax.teama.submit_service.controller.PatientFormController.submitForm(infrax.teama.submit_service.dto.PatientFormRequest): [Field error in object 'patientFormRequest' on field 'emailAddress': rejected value [not-an-email]; codes [Email.patientFormRequest.emailAddress,Email.emailAddress,Email.java.lang.String,Email]; arguments [org.springframework.context.support.DefaultMessageSourceResolvable: codes [patientFormRequest.emailAddress,emailAddress]; arguments []; default message [emailAddress],[Ljakarta.validation.constraints.Pattern$Flag;@6b0dc462,.*]; default message [must be a well-formed email address]] 
2026-05-05T16:45:57.119+03:00 DEBUG 8220 --- [submit-service] [           main] o.s.w.s.m.m.a.HttpEntityMethodProcessor  : Using 'application/json', given [*/*] and supported [application/json, application/*+json]
2026-05-05T16:45:57.119+03:00 DEBUG 8220 --- [submit-service] [           main] o.s.w.s.m.m.a.HttpEntityMethodProcessor  : Writing [{path=/api/submit/forms, message=Validation failed, errors={emailAddress=must be a well-formed email (truncated)...]
2026-05-05T16:45:57.120+03:00 DEBUG 8220 --- [submit-service] [           main] .m.m.a.ExceptionHandlerExceptionResolver : Resolved [org.springframework.web.bind.MethodArgumentNotValidException: Validation failed for argument [0] in public org.springframework.http.ResponseEntity<infrax.teama.submit_service.dto.PatientFormResponseDto> infrax.teama.submit_service.controller.PatientFormController.submitForm(infrax.teama.submit_service.dto.PatientFormRequest): [Field error in object 'patientFormRequest' on field 'emailAddress': rejected value [not-an-email]; codes [Email.patientFormRequest.emailAddress,Email.emailAddress,Email.java.lang.String,Email]; arguments [org.springframework.context.support.DefaultMessageSourceResolvable: codes [patientFormRequest.emailAddress,emailAddress]; arguments []; default message [emailAddress],[Ljakarta.validation.constraints.Pattern$Flag;@6b0dc462,.*]; default message [must be a well-formed email address]] ]
]]></system-out>
  </testcase>
  <testcase name="testSubmitPatientFormResponseFormat" classname="infrax.teama.submit_service.SubmitServiceApplicationTests" time="0.556">
    <system-out><![CDATA[2026-05-05T16:45:57.126+03:00  INFO 8220 --- [submit-service] [           main] o.s.b.t.m.w.SpringBootMockServletContext : Initializing Spring TestDispatcherServlet ''
2026-05-05T16:45:57.126+03:00  INFO 8220 --- [submit-service] [           main] o.s.t.web.servlet.TestDispatcherServlet  : Initializing Servlet ''
2026-05-05T16:45:57.128+03:00  INFO 8220 --- [submit-service] [           main] o.s.t.web.servlet.TestDispatcherServlet  : Completed initialization in 2 ms
2026-05-05T16:45:57.130+03:00 DEBUG 8220 --- [submit-service] [           main] s.w.s.m.m.a.RequestMappingHandlerMapping : Mapped to infrax.teama.submit_service.controller.PatientFormController#submitForm(PatientFormRequest)
2026-05-05T16:45:57.131+03:00 DEBUG 8220 --- [submit-service] [           main] m.m.a.RequestResponseBodyMethodProcessor : Read "application/json" to [PatientFormRequest(firstName=JOHN, lastName=DOE, dateOfBirth=1990-01-15, streetName=MAINSTREET, stre (truncated)...]
2026-05-05T16:45:57.131+03:00  INFO 8220 --- [submit-service] [           main] i.t.s.controller.PatientFormController   : Received form submission request: PatientFormRequest(firstName=JOHN, lastName=DOE, dateOfBirth=1990-01-15, streetName=MAINSTREET, streetNumber=123, city=BERLIN, postalCode=10115, phoneNumber=+49301234567, emailAddress=john.doe@example.com, symptoms=[FEVER, COUGH], otherSymptoms=null, allergies=[POLLEN], otherAllergies=null, medications=[PARACETAMOL], otherMedications=null, preExistingConditions=[DIABETES], otherPreExistingConditions=null, signatureDataUrl=null)
2026-05-05T16:45:57.188+03:00  INFO 8220 --- [submit-service] [           main] i.t.s.service.PatientFormService         : Submitting new form for patient: JOHN DOE
2026-05-05T16:45:57.672+03:00  INFO 8220 --- [submit-service] [           main] i.t.s.controller.PatientFormController   : Form submitted successfully with ID: 727
2026-05-05T16:45:57.673+03:00 DEBUG 8220 --- [submit-service] [           main] o.s.w.s.m.m.a.HttpEntityMethodProcessor  : Using 'application/json', given [*/*] and supported [application/json, application/*+json]
2026-05-05T16:45:57.673+03:00 DEBUG 8220 --- [submit-service] [           main] o.s.w.s.m.m.a.HttpEntityMethodProcessor  : Writing [PatientFormResponseDto(id=727, firstName=JOHN, lastName=DOE, dateOfBirth=1990-01-15, streetName=MAIN (truncated)...]
]]></system-out>
  </testcase>
  <testcase name="testSubmitPatientFormWithNonNumericStreetNumber" classname="infrax.teama.submit_service.SubmitServiceApplicationTests" time="0.013">
    <system-out><![CDATA[2026-05-05T16:45:57.686+03:00  INFO 8220 --- [submit-service] [           main] o.s.b.t.m.w.SpringBootMockServletContext : Initializing Spring TestDispatcherServlet ''
2026-05-05T16:45:57.686+03:00  INFO 8220 --- [submit-service] [           main] o.s.t.web.servlet.TestDispatcherServlet  : Initializing Servlet ''
2026-05-05T16:45:57.688+03:00  INFO 8220 --- [submit-service] [           main] o.s.t.web.servlet.TestDispatcherServlet  : Completed initialization in 2 ms
2026-05-05T16:45:57.689+03:00 DEBUG 8220 --- [submit-service] [           main] s.w.s.m.m.a.RequestMappingHandlerMapping : Mapped to infrax.teama.submit_service.controller.PatientFormController#submitForm(PatientFormRequest)
2026-05-05T16:45:57.690+03:00 DEBUG 8220 --- [submit-service] [           main] m.m.a.RequestResponseBodyMethodProcessor : Read "application/json" to [PatientFormRequest(firstName=JOHN, lastName=DOE, dateOfBirth=1990-01-15, streetName=MAINSTREET, stre (truncated)...]
2026-05-05T16:45:57.691+03:00 DEBUG 8220 --- [submit-service] [           main] .m.m.a.ExceptionHandlerExceptionResolver : Using @ExceptionHandler infrax.teama.submit_service.advice.GlobalExceptionHandler#handleValidationException(MethodArgumentNotValidException, WebRequest)
2026-05-05T16:45:57.691+03:00  WARN 8220 --- [submit-service] [           main] i.t.s.advice.GlobalExceptionHandler      : Validation error occurred: Validation failed for argument [0] in public org.springframework.http.ResponseEntity<infrax.teama.submit_service.dto.PatientFormResponseDto> infrax.teama.submit_service.controller.PatientFormController.submitForm(infrax.teama.submit_service.dto.PatientFormRequest): [Field error in object 'patientFormRequest' on field 'streetNumber': rejected value [ABC]; codes [Pattern.patientFormRequest.streetNumber,Pattern.streetNumber,Pattern.java.lang.String,Pattern]; arguments [org.springframework.context.support.DefaultMessageSourceResolvable: codes [patientFormRequest.streetNumber,streetNumber]; arguments []; default message [streetNumber],[Ljakarta.validation.constraints.Pattern$Flag;@7a6cab6f,\d+]; default message [Street number must be numeric]] 
2026-05-05T16:45:57.691+03:00 DEBUG 8220 --- [submit-service] [           main] o.s.w.s.m.m.a.HttpEntityMethodProcessor  : Using 'application/json', given [*/*] and supported [application/json, application/*+json]
2026-05-05T16:45:57.692+03:00 DEBUG 8220 --- [submit-service] [           main] o.s.w.s.m.m.a.HttpEntityMethodProcessor  : Writing [{path=/api/submit/forms, message=Validation failed, errors={streetNumber=Street number must be numer (truncated)...]
2026-05-05T16:45:57.692+03:00 DEBUG 8220 --- [submit-service] [           main] .m.m.a.ExceptionHandlerExceptionResolver : Resolved [org.springframework.web.bind.MethodArgumentNotValidException: Validation failed for argument [0] in public org.springframework.http.ResponseEntity<infrax.teama.submit_service.dto.PatientFormResponseDto> infrax.teama.submit_service.controller.PatientFormController.submitForm(infrax.teama.submit_service.dto.PatientFormRequest): [Field error in object 'patientFormRequest' on field 'streetNumber': rejected value [ABC]; codes [Pattern.patientFormRequest.streetNumber,Pattern.streetNumber,Pattern.java.lang.String,Pattern]; arguments [org.springframework.context.support.DefaultMessageSourceResolvable: codes [patientFormRequest.streetNumber,streetNumber]; arguments []; default message [streetNumber],[Ljakarta.validation.constraints.Pattern$Flag;@7a6cab6f,\d+]; default message [Street number must be numeric]] ]
]]></system-out>
  </testcase>
  <testcase name="contextLoads" classname="infrax.teama.submit_service.SubmitServiceApplicationTests" time="0.008">
    <system-out><![CDATA[2026-05-05T16:45:57.700+03:00  INFO 8220 --- [submit-service] [           main] o.s.b.t.m.w.SpringBootMockServletContext : Initializing Spring TestDispatcherServlet ''
2026-05-05T16:45:57.700+03:00  INFO 8220 --- [submit-service] [           main] o.s.t.web.servlet.TestDispatcherServlet  : Initializing Servlet ''
2026-05-05T16:45:57.702+03:00  INFO 8220 --- [submit-service] [           main] o.s.t.web.servlet.TestDispatcherServlet  : Completed initialization in 2 ms
]]></system-out>
  </testcase>
  <testcase name="testSubmitPatientFormWithValidData" classname="infrax.teama.submit_service.SubmitServiceApplicationTests" time="0.266">
    <system-out><![CDATA[2026-05-05T16:45:57.712+03:00  INFO 8220 --- [submit-service] [           main] o.s.b.t.m.w.SpringBootMockServletContext : Initializing Spring TestDispatcherServlet ''
2026-05-05T16:45:57.712+03:00  INFO 8220 --- [submit-service] [           main] o.s.t.web.servlet.TestDispatcherServlet  : Initializing Servlet ''
2026-05-05T16:45:57.715+03:00  INFO 8220 --- [submit-service] [           main] o.s.t.web.servlet.TestDispatcherServlet  : Completed initialization in 2 ms
2026-05-05T16:45:57.716+03:00 DEBUG 8220 --- [submit-service] [           main] s.w.s.m.m.a.RequestMappingHandlerMapping : Mapped to infrax.teama.submit_service.controller.PatientFormController#submitForm(PatientFormRequest)
2026-05-05T16:45:57.718+03:00 DEBUG 8220 --- [submit-service] [           main] m.m.a.RequestResponseBodyMethodProcessor : Read "application/json" to [PatientFormRequest(firstName=JOHN, lastName=DOE, dateOfBirth=1990-01-15, streetName=MAINSTREET, stre (truncated)...]
2026-05-05T16:45:57.718+03:00  INFO 8220 --- [submit-service] [           main] i.t.s.controller.PatientFormController   : Received form submission request: PatientFormRequest(firstName=JOHN, lastName=DOE, dateOfBirth=1990-01-15, streetName=MAINSTREET, streetNumber=123, city=BERLIN, postalCode=10115, phoneNumber=+49301234567, emailAddress=john.doe@example.com, symptoms=[FEVER, COUGH], otherSymptoms=null, allergies=[POLLEN], otherAllergies=null, medications=[PARACETAMOL], otherMedications=null, preExistingConditions=[DIABETES], otherPreExistingConditions=null, signatureDataUrl=null)
2026-05-05T16:45:57.757+03:00  INFO 8220 --- [submit-service] [           main] i.t.s.service.PatientFormService         : Submitting new form for patient: JOHN DOE
2026-05-05T16:45:57.944+03:00  INFO 8220 --- [submit-service] [           main] i.t.s.controller.PatientFormController   : Form submitted successfully with ID: 728
2026-05-05T16:45:57.949+03:00 DEBUG 8220 --- [submit-service] [           main] o.s.w.s.m.m.a.HttpEntityMethodProcessor  : Using 'application/json', given [*/*] and supported [application/json, application/*+json]
2026-05-05T16:45:57.951+03:00 DEBUG 8220 --- [submit-service] [           main] o.s.w.s.m.m.a.HttpEntityMethodProcessor  : Writing [PatientFormResponseDto(id=728, firstName=JOHN, lastName=DOE, dateOfBirth=1990-01-15, streetName=MAIN (truncated)...]
]]></system-out>
  </testcase>
  <testcase name="testSubmitPatientFormWithMissingMedicalData" classname="infrax.teama.submit_service.SubmitServiceApplicationTests" time="0.471">
    <system-out><![CDATA[2026-05-05T16:45:57.980+03:00  INFO 8220 --- [submit-service] [           main] o.s.b.t.m.w.SpringBootMockServletContext : Initializing Spring TestDispatcherServlet ''
2026-05-05T16:45:57.980+03:00  INFO 8220 --- [submit-service] [           main] o.s.t.web.servlet.TestDispatcherServlet  : Initializing Servlet ''
2026-05-05T16:45:57.982+03:00  INFO 8220 --- [submit-service] [           main] o.s.t.web.servlet.TestDispatcherServlet  : Completed initialization in 2 ms
2026-05-05T16:45:57.983+03:00 DEBUG 8220 --- [submit-service] [           main] s.w.s.m.m.a.RequestMappingHandlerMapping : Mapped to infrax.teama.submit_service.controller.PatientFormController#submitForm(PatientFormRequest)
2026-05-05T16:45:57.985+03:00 DEBUG 8220 --- [submit-service] [           main] m.m.a.RequestResponseBodyMethodProcessor : Read "application/json" to [PatientFormRequest(firstName=JOHN, lastName=DOE, dateOfBirth=1990-01-15, streetName=MAINSTREET, stre (truncated)...]
2026-05-05T16:45:57.986+03:00  INFO 8220 --- [submit-service] [           main] i.t.s.controller.PatientFormController   : Received form submission request: PatientFormRequest(firstName=JOHN, lastName=DOE, dateOfBirth=1990-01-15, streetName=MAINSTREET, streetNumber=123, city=BERLIN, postalCode=10115, phoneNumber=+49301234567, emailAddress=john.doe@example.com, symptoms=null, otherSymptoms=null, allergies=null, otherAllergies=null, medications=null, otherMedications=null, preExistingConditions=null, otherPreExistingConditions=null, signatureDataUrl=null)
2026-05-05T16:45:58.259+03:00  INFO 8220 --- [submit-service] [           main] i.t.s.service.PatientFormService         : Submitting new form for patient: JOHN DOE
2026-05-05T16:45:58.446+03:00  INFO 8220 --- [submit-service] [           main] i.t.s.controller.PatientFormController   : Form submitted successfully with ID: 729
2026-05-05T16:45:58.446+03:00 DEBUG 8220 --- [submit-service] [           main] o.s.w.s.m.m.a.HttpEntityMethodProcessor  : Using 'application/json', given [*/*] and supported [application/json, application/*+json]
2026-05-05T16:45:58.446+03:00 DEBUG 8220 --- [submit-service] [           main] o.s.w.s.m.m.a.HttpEntityMethodProcessor  : Writing [PatientFormResponseDto(id=729, firstName=JOHN, lastName=DOE, dateOfBirth=1990-01-15, streetName=MAIN (truncated)...]
]]></system-out>
  </testcase>
  <testcase name="testSubmitPatientFormWithInvalidPhoneNumber" classname="infrax.teama.submit_service.SubmitServiceApplicationTests" time="0.016">
    <system-out><![CDATA[2026-05-05T16:45:58.453+03:00  INFO 8220 --- [submit-service] [           main] o.s.b.t.m.w.SpringBootMockServletContext : Initializing Spring TestDispatcherServlet ''
2026-05-05T16:45:58.454+03:00  INFO 8220 --- [submit-service] [           main] o.s.t.web.servlet.TestDispatcherServlet  : Initializing Servlet ''
2026-05-05T16:45:58.456+03:00  INFO 8220 --- [submit-service] [           main] o.s.t.web.servlet.TestDispatcherServlet  : Completed initialization in 2 ms
2026-05-05T16:45:58.458+03:00 DEBUG 8220 --- [submit-service] [           main] s.w.s.m.m.a.RequestMappingHandlerMapping : Mapped to infrax.teama.submit_service.controller.PatientFormController#submitForm(PatientFormRequest)
2026-05-05T16:45:58.459+03:00 DEBUG 8220 --- [submit-service] [           main] m.m.a.RequestResponseBodyMethodProcessor : Read "application/json" to [PatientFormRequest(firstName=JOHN, lastName=DOE, dateOfBirth=1990-01-15, streetName=MAINSTREET, stre (truncated)...]
2026-05-05T16:45:58.461+03:00 DEBUG 8220 --- [submit-service] [           main] .m.m.a.ExceptionHandlerExceptionResolver : Using @ExceptionHandler infrax.teama.submit_service.advice.GlobalExceptionHandler#handleValidationException(MethodArgumentNotValidException, WebRequest)
2026-05-05T16:45:58.461+03:00  WARN 8220 --- [submit-service] [           main] i.t.s.advice.GlobalExceptionHandler      : Validation error occurred: Validation failed for argument [0] in public org.springframework.http.ResponseEntity<infrax.teama.submit_service.dto.PatientFormResponseDto> infrax.teama.submit_service.controller.PatientFormController.submitForm(infrax.teama.submit_service.dto.PatientFormRequest): [Field error in object 'patientFormRequest' on field 'phoneNumber': rejected value [invalid]; codes [Pattern.patientFormRequest.phoneNumber,Pattern.phoneNumber,Pattern.java.lang.String,Pattern]; arguments [org.springframework.context.support.DefaultMessageSourceResolvable: codes [patientFormRequest.phoneNumber,phoneNumber]; arguments []; default message [phoneNumber],[Ljakarta.validation.constraints.Pattern$Flag;@7a6cab6f,[\+]?([0-9\- ]+)]; default message [Invalid phone number format]] 
2026-05-05T16:45:58.462+03:00 DEBUG 8220 --- [submit-service] [           main] o.s.w.s.m.m.a.HttpEntityMethodProcessor  : Using 'application/json', given [*/*] and supported [application/json, application/*+json]
2026-05-05T16:45:58.462+03:00 DEBUG 8220 --- [submit-service] [           main] o.s.w.s.m.m.a.HttpEntityMethodProcessor  : Writing [{path=/api/submit/forms, message=Validation failed, errors={phoneNumber=Invalid phone number format} (truncated)...]
2026-05-05T16:45:58.463+03:00 DEBUG 8220 --- [submit-service] [           main] .m.m.a.ExceptionHandlerExceptionResolver : Resolved [org.springframework.web.bind.MethodArgumentNotValidException: Validation failed for argument [0] in public org.springframework.http.ResponseEntity<infrax.teama.submit_service.dto.PatientFormResponseDto> infrax.teama.submit_service.controller.PatientFormController.submitForm(infrax.teama.submit_service.dto.PatientFormRequest): [Field error in object 'patientFormRequest' on field 'phoneNumber': rejected value [invalid]; codes [Pattern.patientFormRequest.phoneNumber,Pattern.phoneNumber,Pattern.java.lang.String,Pattern]; arguments [org.springframework.context.support.DefaultMessageSourceResolvable: codes [patientFormRequest.phoneNumber,phoneNumber]; arguments []; default message [phoneNumber],[Ljakarta.validation.constraints.Pattern$Flag;@7a6cab6f,[\+]?([0-9\- ]+)]; default message [Invalid phone number format]] ]
]]></system-out>
  </testcase>
</testsuite>