<?xml version="1.0" encoding="UTF-8"?>
<testsuite xmlns:xsi="http://www.w3.org/2001/XMLSchema-instance" xsi:noNamespaceSchemaLocation="https://maven.apache.org/surefire/maven-surefire-plugin/xsd/surefire-test-report.xsd" version="3.0.2" name="infrax.teama.submit_service.integration.SubmitServiceE2ETest" time="46.235" tests="10" errors="0" skipped="0" failures="0" flakes="0">
  <properties>
[...]
</properties>
  <testcase name="testFormSubmissionWithValidationFailures" classname="infrax.teama.submit_service.integration.SubmitServiceE2ETest" time="3.553">
    <system-out><![CDATA[16:44:55.526 [main] INFO org.springframework.test.context.support.AnnotationConfigContextLoaderUtils -- Could not detect default configuration classes for test class [infrax.teama.submit_service.integration.SubmitServiceE2ETest]: SubmitServiceE2ETest does not declare any static, non-private, non-final, nested classes annotated with @Configuration.
16:44:56.097 [main] INFO org.springframework.boot.test.context.SpringBootTestContextBootstrapper -- Found @SpringBootConfiguration infrax.teama.submit_service.SubmitServiceApplication for test class infrax.teama.submit_service.integration.SubmitServiceE2ETest
16:44:56.621 [main] INFO org.springframework.test.context.support.AnnotationConfigContextLoaderUtils -- Could not detect default configuration classes for test class [infrax.teama.submit_service.integration.SubmitServiceE2ETest]: SubmitServiceE2ETest does not declare any static, non-private, non-final, nested classes annotated with @Configuration.
16:44:56.626 [main] INFO org.springframework.boot.test.context.SpringBootTestContextBootstrapper -- Found @SpringBootConfiguration infrax.teama.submit_service.SubmitServiceApplication for test class infrax.teama.submit_service.integration.SubmitServiceE2ETest

  .   ____          _            __ _ _
 /\\ / ___'_ __ _ _(_)_ __  __ _ \ \ \ \
( ( )\___ | '_ | '_| | '_ \/ _` | \ \ \ \
 \\/  ___)| |_)| | | | | || (_| |  ) ) ) )
  '  |____| .__|_| |_|_| |_\__, | / / / /
 =========|_|==============|___/=/_/_/_/

 :: Spring Boot ::                (v4.0.5)

2026-05-05T16:44:59.259+03:00  INFO 8220 --- [submit-service] [           main] i.t.s.integration.SubmitServiceE2ETest   : Starting SubmitServiceE2ETest using Java 17.0.12 with PID 8220 (started by Hanin1 in D:\team-a-H\submit-service\submit-service)
2026-05-05T16:44:59.268+03:00 DEBUG 8220 --- [submit-service] [           main] i.t.s.integration.SubmitServiceE2ETest   : Running with Spring Boot v4.0.5, Spring v7.0.6
2026-05-05T16:44:59.271+03:00  INFO 8220 --- [submit-service] [           main] i.t.s.integration.SubmitServiceE2ETest   : The following 1 profile is active: "test"
2026-05-05T16:44:59.511+03:00 DEBUG 8220 --- [submit-service] [           main] o.s.w.c.s.GenericWebApplicationContext   : Refreshing org.springframework.web.context.support.GenericWebApplicationContext@6eaa21d8
2026-05-05T16:45:05.892+03:00  INFO 8220 --- [submit-service] [           main] .s.d.r.c.RepositoryConfigurationDelegate : Bootstrapping Spring Data JPA repositories in DEFAULT mode.
2026-05-05T16:45:06.142+03:00  INFO 8220 --- [submit-service] [           main] .s.d.r.c.RepositoryConfigurationDelegate : Finished Spring Data repository scanning in 177 ms. Found 1 JPA repository interface.
2026-05-05T16:45:14.122+03:00  INFO 8220 --- [submit-service] [           main] org.hibernate.orm.jpa                    : HHH008540: Processing PersistenceUnitInfo [name: default]
2026-05-05T16:45:14.582+03:00  INFO 8220 --- [submit-service] [           main] org.hibernate.orm.core                   : HHH000001: Hibernate ORM core version 7.2.7.Final
2026-05-05T16:45:17.538+03:00  INFO 8220 --- [submit-service] [           main] o.s.o.j.p.SpringPersistenceUnitInfo      : No LoadTimeWeaver setup: ignoring JPA class transformer
2026-05-05T16:45:17.657+03:00  INFO 8220 --- [submit-service] [           main] com.zaxxer.hikari.HikariDataSource       : HikariPool-1 - Starting...
2026-05-05T16:45:18.113+03:00  INFO 8220 --- [submit-service] [           main] com.zaxxer.hikari.pool.HikariPool        : HikariPool-1 - Added connection org.mariadb.jdbc.Connection@6afaf27
2026-05-05T16:45:18.120+03:00  INFO 8220 --- [submit-service] [           main] com.zaxxer.hikari.HikariDataSource       : HikariPool-1 - Start completed.
2026-05-05T16:45:18.241+03:00  WARN 8220 --- [submit-service] [           main] org.hibernate.orm.deprecation            : HHH90000025: MariaDBDialect does not need to be specified explicitly using 'hibernate.dialect' (remove the property setting and it will be selected by default)
2026-05-05T16:45:18.321+03:00  INFO 8220 --- [submit-service] [           main] org.hibernate.orm.connections.pooling    : HHH10001005: Database info:
	Database JDBC URL [jdbc:mariadb://localhost/clinicdb?user=root&password=***&serverTimezone=UTC&usePipelineAuth=false&allowMultiQueries=true]
	Database driver: MariaDB Connector/J
	Database dialect: MariaDBDialect
	Database version: 11.8.6
	Default catalog/schema: clinicdb/undefined
	Autocommit mode: undefined/unknown
	Isolation level: REPEATABLE_READ [default REPEATABLE_READ]
	JDBC fetch size: none
	Pool: DataSourceConnectionProvider
	Minimum pool size: undefined/unknown
	Maximum pool size: undefined/unknown
2026-05-05T16:45:23.394+03:00  INFO 8220 --- [submit-service] [           main] org.hibernate.orm.core                   : HHH000489: No JTA platform available (set 'hibernate.transaction.jta.platform' to enable JTA platform integration)
2026-05-05T16:45:23.849+03:00  INFO 8220 --- [submit-service] [           main] j.LocalContainerEntityManagerFactoryBean : Initialized JPA EntityManagerFactory for persistence unit 'default'
2026-05-05T16:45:24.391+03:00  INFO 8220 --- [submit-service] [           main] o.s.d.j.r.query.QueryEnhancerFactories   : Hibernate is in classpath; If applicable, HQL parser will be used.
2026-05-05T16:45:26.225+03:00  WARN 8220 --- [submit-service] [           main] JpaBaseConfiguration$JpaWebConfiguration : spring.jpa.open-in-view is enabled by default. Therefore, database queries may be performed during view rendering. Explicitly configure spring.jpa.open-in-view to disable this warning
2026-05-05T16:45:27.061+03:00  WARN 8220 --- [submit-service] [           main] .s.a.UserDetailsServiceAutoConfiguration : 

Using generated security password: 2cd04b2d-964f-4c2b-b9b1-433ffd2ee18b

This generated password is for development use only. Your security configuration must be updated before running your application in production.

2026-05-05T16:45:27.090+03:00  INFO 8220 --- [submit-service] [           main] r$InitializeUserDetailsManagerConfigurer : Global AuthenticationManager configured with UserDetailsService bean with name inMemoryUserDetailsManager
2026-05-05T16:45:29.142+03:00 DEBUG 8220 --- [submit-service] [           main] s.w.s.m.m.a.RequestMappingHandlerMapping : 7 mappings in 'requestMappingHandlerMapping'
2026-05-05T16:45:29.377+03:00 DEBUG 8220 --- [submit-service] [           main] o.s.w.s.handler.SimpleUrlHandlerMapping  : Patterns [/webjars/**, /**] in 'resourceHandlerMapping'
2026-05-05T16:45:29.784+03:00 DEBUG 8220 --- [submit-service] [           main] s.w.s.m.m.a.RequestMappingHandlerAdapter : ControllerAdvice beans: 0 @ModelAttribute, 0 @InitBinder, 2 RequestBodyAdvice, 1 ResponseBodyAdvice
2026-05-05T16:45:30.138+03:00 DEBUG 8220 --- [submit-service] [           main] .m.m.a.ExceptionHandlerExceptionResolver : ControllerAdvice beans: 1 @ExceptionHandler, 1 ResponseBodyAdvice
2026-05-05T16:45:32.325+03:00  INFO 8220 --- [submit-service] [           main] o.s.b.a.e.web.EndpointLinksResolver      : Exposing 2 endpoints beneath base path '/actuator'
2026-05-05T16:45:32.781+03:00  INFO 8220 --- [submit-service] [           main] i.t.s.integration.SubmitServiceE2ETest   : Started SubmitServiceE2ETest in 35.576 seconds (process running for 45.0)
2026-05-05T16:45:35.063+03:00  INFO 8220 --- [submit-service] [           main] o.s.b.t.m.w.SpringBootMockServletContext : Initializing Spring TestDispatcherServlet ''
2026-05-05T16:45:35.065+03:00  INFO 8220 --- [submit-service] [           main] o.s.t.web.servlet.TestDispatcherServlet  : Initializing Servlet ''
2026-05-05T16:45:35.071+03:00  INFO 8220 --- [submit-service] [           main] o.s.t.web.servlet.TestDispatcherServlet  : Completed initialization in 5 ms
2026-05-05T16:45:35.238+03:00 DEBUG 8220 --- [submit-service] [           main] s.w.s.m.m.a.RequestMappingHandlerMapping : Mapped to infrax.teama.submit_service.controller.PatientFormController#submitForm(PatientFormRequest)
2026-05-05T16:45:35.805+03:00 DEBUG 8220 --- [submit-service] [           main] m.m.a.RequestResponseBodyMethodProcessor : Read "application/json" to [PatientFormRequest(firstName=john, lastName=DOE, dateOfBirth=1990-01-15, streetName=MAINSTREET, stre (truncated)...]
2026-05-05T16:45:36.302+03:00 DEBUG 8220 --- [submit-service] [           main] .m.m.a.ExceptionHandlerExceptionResolver : Using @ExceptionHandler infrax.teama.submit_service.advice.GlobalExceptionHandler#handleValidationException(MethodArgumentNotValidException, WebRequest)
2026-05-05T16:45:36.305+03:00  WARN 8220 --- [submit-service] [           main] i.t.s.advice.GlobalExceptionHandler      : Validation error occurred: Validation failed for argument [0] in public org.springframework.http.ResponseEntity<infrax.teama.submit_service.dto.PatientFormResponseDto> infrax.teama.submit_service.controller.PatientFormController.submitForm(infrax.teama.submit_service.dto.PatientFormRequest): [Field error in object 'patientFormRequest' on field 'firstName': rejected value [john]; codes [Pattern.patientFormRequest.firstName,Pattern.firstName,Pattern.java.lang.String,Pattern]; arguments [org.springframework.context.support.DefaultMessageSourceResolvable: codes [patientFormRequest.firstName,firstName]; arguments []; default message [firstName],[Ljakarta.validation.constraints.Pattern$Flag;@7a6cab6f,[A-Z]+]; default message [First name must be uppercase letters only]] 
2026-05-05T16:45:36.347+03:00 DEBUG 8220 --- [submit-service] [           main] o.s.w.s.m.m.a.HttpEntityMethodProcessor  : Using 'application/json', given [*/*] and supported [application/json, application/*+json]
2026-05-05T16:45:36.349+03:00 DEBUG 8220 --- [submit-service] [           main] o.s.w.s.m.m.a.HttpEntityMethodProcessor  : Writing [{path=/api/submit/forms, message=Validation failed, errors={firstName=First name must be uppercase l (truncated)...]
2026-05-05T16:45:36.474+03:00 DEBUG 8220 --- [submit-service] [           main] .m.m.a.ExceptionHandlerExceptionResolver : Resolved [org.springframework.web.bind.MethodArgumentNotValidException: Validation failed for argument [0] in public org.springframework.http.ResponseEntity<infrax.teama.submit_service.dto.PatientFormResponseDto> infrax.teama.submit_service.controller.PatientFormController.submitForm(infrax.teama.submit_service.dto.PatientFormRequest): [Field error in object 'patientFormRequest' on field 'firstName': rejected value [john]; codes [Pattern.patientFormRequest.firstName,Pattern.firstName,Pattern.java.lang.String,Pattern]; arguments [org.springframework.context.support.DefaultMessageSourceResolvable: codes [patientFormRequest.firstName,firstName]; arguments []; default message [firstName],[Ljakarta.validation.constraints.Pattern$Flag;@7a6cab6f,[A-Z]+]; default message [First name must be uppercase letters only]] ]
2026-05-05T16:45:36.491+03:00 DEBUG 8220 --- [submit-service] [           main] s.w.s.m.m.a.RequestMappingHandlerMapping : Mapped to infrax.teama.submit_service.controller.PatientFormController#submitForm(PatientFormRequest)
2026-05-05T16:45:36.495+03:00 DEBUG 8220 --- [submit-service] [           main] m.m.a.RequestResponseBodyMethodProcessor : Read "application/json" to [PatientFormRequest(firstName=JOHN, lastName=DOE, dateOfBirth=1990-01-15, streetName=MAINSTREET, stre (truncated)...]
2026-05-05T16:45:36.501+03:00 DEBUG 8220 --- [submit-service] [           main] .m.m.a.ExceptionHandlerExceptionResolver : Using @ExceptionHandler infrax.teama.submit_service.advice.GlobalExceptionHandler#handleValidationException(MethodArgumentNotValidException, WebRequest)
2026-05-05T16:45:36.502+03:00  WARN 8220 --- [submit-service] [           main] i.t.s.advice.GlobalExceptionHandler      : Validation error occurred: Validation failed for argument [0] in public org.springframework.http.ResponseEntity<infrax.teama.submit_service.dto.PatientFormResponseDto> infrax.teama.submit_service.controller.PatientFormController.submitForm(infrax.teama.submit_service.dto.PatientFormRequest): [Field error in object 'patientFormRequest' on field 'phoneNumber': rejected value [invalid]; codes [Pattern.patientFormRequest.phoneNumber,Pattern.phoneNumber,Pattern.java.lang.String,Pattern]; arguments [org.springframework.context.support.DefaultMessageSourceResolvable: codes [patientFormRequest.phoneNumber,phoneNumber]; arguments []; default message [phoneNumber],[Ljakarta.validation.constraints.Pattern$Flag;@7a6cab6f,[\+]?([0-9\- ]+)]; default message [Invalid phone number format]] 
2026-05-05T16:45:36.503+03:00 DEBUG 8220 --- [submit-service] [           main] o.s.w.s.m.m.a.HttpEntityMethodProcessor  : Using 'application/json', given [*/*] and supported [application/json, application/*+json]
2026-05-05T16:45:36.504+03:00 DEBUG 8220 --- [submit-service] [           main] o.s.w.s.m.m.a.HttpEntityMethodProcessor  : Writing [{path=/api/submit/forms, message=Validation failed, errors={phoneNumber=Invalid phone number format} (truncated)...]
2026-05-05T16:45:36.507+03:00 DEBUG 8220 --- [submit-service] [           main] .m.m.a.ExceptionHandlerExceptionResolver : Resolved [org.springframework.web.bind.MethodArgumentNotValidException: Validation failed for argument [0] in public org.springframework.http.ResponseEntity<infrax.teama.submit_service.dto.PatientFormResponseDto> infrax.teama.submit_service.controller.PatientFormController.submitForm(infrax.teama.submit_service.dto.PatientFormRequest): [Field error in object 'patientFormRequest' on field 'phoneNumber': rejected value [invalid]; codes [Pattern.patientFormRequest.phoneNumber,Pattern.phoneNumber,Pattern.java.lang.String,Pattern]; arguments [org.springframework.context.support.DefaultMessageSourceResolvable: codes [patientFormRequest.phoneNumber,phoneNumber]; arguments []; default message [phoneNumber],[Ljakarta.validation.constraints.Pattern$Flag;@7a6cab6f,[\+]?([0-9\- ]+)]; default message [Invalid phone number format]] ]
2026-05-05T16:45:36.511+03:00 DEBUG 8220 --- [submit-service] [           main] s.w.s.m.m.a.RequestMappingHandlerMapping : Mapped to infrax.teama.submit_service.controller.PatientFormController#submitForm(PatientFormRequest)
2026-05-05T16:45:36.513+03:00 DEBUG 8220 --- [submit-service] [           main] m.m.a.RequestResponseBodyMethodProcessor : Read "application/json" to [PatientFormRequest(firstName=JOHN, lastName=DOE, dateOfBirth=1990-01-15, streetName=MAINSTREET, stre (truncated)...]
2026-05-05T16:45:36.546+03:00 DEBUG 8220 --- [submit-service] [           main] .m.m.a.ExceptionHandlerExceptionResolver : Using @ExceptionHandler infrax.teama.submit_service.advice.GlobalExceptionHandler#handleValidationException(MethodArgumentNotValidException, WebRequest)
2026-05-05T16:45:36.547+03:00  WARN 8220 --- [submit-service] [           main] i.t.s.advice.GlobalExceptionHandler      : Validation error occurred: Validation failed for argument [0] in public org.springframework.http.ResponseEntity<infrax.teama.submit_service.dto.PatientFormResponseDto> infrax.teama.submit_service.controller.PatientFormController.submitForm(infrax.teama.submit_service.dto.PatientFormRequest): [Field error in object 'patientFormRequest' on field 'emailAddress': rejected value [not-an-email]; codes [Email.patientFormRequest.emailAddress,Email.emailAddress,Email.java.lang.String,Email]; arguments [org.springframework.context.support.DefaultMessageSourceResolvable: codes [patientFormRequest.emailAddress,emailAddress]; arguments []; default message [emailAddress],[Ljakarta.validation.constraints.Pattern$Flag;@6b0dc462,.*]; default message [must be a well-formed email address]] 
2026-05-05T16:45:36.548+03:00 DEBUG 8220 --- [submit-service] [           main] o.s.w.s.m.m.a.HttpEntityMethodProcessor  : Using 'application/json', given [*/*] and supported [application/json, application/*+json]
2026-05-05T16:45:36.548+03:00 DEBUG 8220 --- [submit-service] [           main] o.s.w.s.m.m.a.HttpEntityMethodProcessor  : Writing [{path=/api/submit/forms, message=Validation failed, errors={emailAddress=must be a well-formed email (truncated)...]
2026-05-05T16:45:36.552+03:00 DEBUG 8220 --- [submit-service] [           main] .m.m.a.ExceptionHandlerExceptionResolver : Resolved [org.springframework.web.bind.MethodArgumentNotValidException: Validation failed for argument [0] in public org.springframework.http.ResponseEntity<infrax.teama.submit_service.dto.PatientFormResponseDto> infrax.teama.submit_service.controller.PatientFormController.submitForm(infrax.teama.submit_service.dto.PatientFormRequest): [Field error in object 'patientFormRequest' on field 'emailAddress': rejected value [not-an-email]; codes [Email.patientFormRequest.emailAddress,Email.emailAddress,Email.java.lang.String,Email]; arguments [org.springframework.context.support.DefaultMessageSourceResolvable: codes [patientFormRequest.emailAddress,emailAddress]; arguments []; default message [emailAddress],[Ljakarta.validation.constraints.Pattern$Flag;@6b0dc462,.*]; default message [must be a well-formed email address]] ]
]]></system-out>
  </testcase>
  <testcase name="testFormSubmissionResponseStructure" classname="infrax.teama.submit_service.integration.SubmitServiceE2ETest" time="0.71">
    <system-out><![CDATA[2026-05-05T16:45:36.837+03:00  INFO 8220 --- [submit-service] [           main] o.s.b.t.m.w.SpringBootMockServletContext : Initializing Spring TestDispatcherServlet ''
2026-05-05T16:45:36.837+03:00  INFO 8220 --- [submit-service] [           main] o.s.t.web.servlet.TestDispatcherServlet  : Initializing Servlet ''
2026-05-05T16:45:36.876+03:00  INFO 8220 --- [submit-service] [           main] o.s.t.web.servlet.TestDispatcherServlet  : Completed initialization in 39 ms
2026-05-05T16:45:36.886+03:00 DEBUG 8220 --- [submit-service] [           main] s.w.s.m.m.a.RequestMappingHandlerMapping : Mapped to infrax.teama.submit_service.controller.PatientFormController#submitForm(PatientFormRequest)
2026-05-05T16:45:36.888+03:00 DEBUG 8220 --- [submit-service] [           main] m.m.a.RequestResponseBodyMethodProcessor : Read "application/json" to [PatientFormRequest(firstName=JOHN, lastName=DOE, dateOfBirth=1990-01-15, streetName=MAINSTREET, stre (truncated)...]
2026-05-05T16:45:36.902+03:00  INFO 8220 --- [submit-service] [           main] i.t.s.controller.PatientFormController   : Received form submission request: PatientFormRequest(firstName=JOHN, lastName=DOE, dateOfBirth=1990-01-15, streetName=MAINSTREET, streetNumber=123, city=BERLIN, postalCode=10115, phoneNumber=+49301234567, emailAddress=john.doe@example.com, symptoms=[FEVER, COUGH], otherSymptoms=null, allergies=[POLLEN], otherAllergies=null, medications=[PARACETAMOL], otherMedications=null, preExistingConditions=[DIABETES], otherPreExistingConditions=null, signatureDataUrl=null)
2026-05-05T16:45:37.035+03:00  INFO 8220 --- [submit-service] [           main] i.t.s.service.PatientFormService         : Submitting new form for patient: JOHN DOE
2026-05-05T16:45:37.297+03:00  INFO 8220 --- [submit-service] [           main] i.t.s.controller.PatientFormController   : Form submitted successfully with ID: 574
2026-05-05T16:45:37.305+03:00 DEBUG 8220 --- [submit-service] [           main] o.s.w.s.m.m.a.HttpEntityMethodProcessor  : Using 'application/json', given [*/*] and supported [application/json, application/*+json]
2026-05-05T16:45:37.332+03:00 DEBUG 8220 --- [submit-service] [           main] o.s.w.s.m.m.a.HttpEntityMethodProcessor  : Writing [PatientFormResponseDto(id=574, firstName=JOHN, lastName=DOE, dateOfBirth=1990-01-15, streetName=MAIN (truncated)...]
]]></system-out>
  </testcase>
  <testcase name="testLargeFormSubmission" classname="infrax.teama.submit_service.integration.SubmitServiceE2ETest" time="0.238">
    <system-out><![CDATA[2026-05-05T16:45:37.506+03:00  INFO 8220 --- [submit-service] [           main] o.s.b.t.m.w.SpringBootMockServletContext : Initializing Spring TestDispatcherServlet ''
2026-05-05T16:45:37.507+03:00  INFO 8220 --- [submit-service] [           main] o.s.t.web.servlet.TestDispatcherServlet  : Initializing Servlet ''
2026-05-05T16:45:37.510+03:00  INFO 8220 --- [submit-service] [           main] o.s.t.web.servlet.TestDispatcherServlet  : Completed initialization in 3 ms
2026-05-05T16:45:37.513+03:00 DEBUG 8220 --- [submit-service] [           main] s.w.s.m.m.a.RequestMappingHandlerMapping : Mapped to infrax.teama.submit_service.controller.PatientFormController#submitForm(PatientFormRequest)
2026-05-05T16:45:37.516+03:00 DEBUG 8220 --- [submit-service] [           main] m.m.a.RequestResponseBodyMethodProcessor : Read "application/json" to [PatientFormRequest(firstName=JOHN, lastName=DOE, dateOfBirth=1990-01-15, streetName=MAINSTREET, stre (truncated)...]
2026-05-05T16:45:37.519+03:00  INFO 8220 --- [submit-service] [           main] i.t.s.controller.PatientFormController   : Received form submission request: PatientFormRequest(firstName=JOHN, lastName=DOE, dateOfBirth=1990-01-15, streetName=MAINSTREET, streetNumber=123, city=BERLIN, postalCode=10115, phoneNumber=+49301234567, emailAddress=john.doe@example.com, symptoms=[FEVER, COUGH], otherSymptoms=Very long symptom description Very long symptom description Very long symptom description Very long symptom description Very long symptom description , allergies=[POLLEN], otherAllergies=Very long allergy description Very long allergy description Very long allergy description Very long allergy description Very long allergy description , medications=[PARACETAMOL], otherMedications=Very long medication description Very long medication description Very long medication description Very long medication description Very long medication description , preExistingConditions=[DIABETES], otherPreExistingConditions=Very long pre-existing condition description Very long pre-existing condition description Very long pre-existing condition description , signatureDataUrl=null)
2026-05-05T16:45:37.523+03:00  INFO 8220 --- [submit-service] [           main] i.t.s.service.PatientFormService         : Submitting new form for patient: JOHN DOE
2026-05-05T16:45:37.577+03:00  INFO 8220 --- [submit-service] [           main] i.t.s.controller.PatientFormController   : Form submitted successfully with ID: 575
2026-05-05T16:45:37.578+03:00 DEBUG 8220 --- [submit-service] [           main] o.s.w.s.m.m.a.HttpEntityMethodProcessor  : Using 'application/json', given [*/*] and supported [application/json, application/*+json]
2026-05-05T16:45:37.579+03:00 DEBUG 8220 --- [submit-service] [           main] o.s.w.s.m.m.a.HttpEntityMethodProcessor  : Writing [PatientFormResponseDto(id=575, firstName=JOHN, lastName=DOE, dateOfBirth=1990-01-15, streetName=MAIN (truncated)...]
]]></system-out>
  </testcase>
  <testcase name="testFormSubmissionWithCompleteValidation" classname="infrax.teama.submit_service.integration.SubmitServiceE2ETest" time="0.162">
    <system-out><![CDATA[2026-05-05T16:45:37.754+03:00  INFO 8220 --- [submit-service] [           main] o.s.b.t.m.w.SpringBootMockServletContext : Initializing Spring TestDispatcherServlet ''
2026-05-05T16:45:37.754+03:00  INFO 8220 --- [submit-service] [           main] o.s.t.web.servlet.TestDispatcherServlet  : Initializing Servlet ''
2026-05-05T16:45:37.765+03:00  INFO 8220 --- [submit-service] [           main] o.s.t.web.servlet.TestDispatcherServlet  : Completed initialization in 11 ms
2026-05-05T16:45:37.769+03:00 DEBUG 8220 --- [submit-service] [           main] s.w.s.m.m.a.RequestMappingHandlerMapping : Mapped to infrax.teama.submit_service.controller.PatientFormController#submitForm(PatientFormRequest)
2026-05-05T16:45:37.777+03:00 DEBUG 8220 --- [submit-service] [           main] m.m.a.RequestResponseBodyMethodProcessor : Read "application/json" to [PatientFormRequest(firstName=JOHN, lastName=DOE, dateOfBirth=1990-01-15, streetName=MAINSTREET, stre (truncated)...]
2026-05-05T16:45:37.785+03:00  INFO 8220 --- [submit-service] [           main] i.t.s.controller.PatientFormController   : Received form submission request: PatientFormRequest(firstName=JOHN, lastName=DOE, dateOfBirth=1990-01-15, streetName=MAINSTREET, streetNumber=123, city=BERLIN, postalCode=10115, phoneNumber=+49301234567, emailAddress=john.doe@example.com, symptoms=[FEVER, COUGH, HEADACHE], otherSymptoms=null, allergies=[POLLEN, PENICILLIN, NUTS], otherAllergies=null, medications=[PARACETAMOL, IBUPROFEN], otherMedications=null, preExistingConditions=[DIABETES, ASTHMA], otherPreExistingConditions=null, signatureDataUrl=null)
2026-05-05T16:45:37.793+03:00  INFO 8220 --- [submit-service] [           main] i.t.s.service.PatientFormService         : Submitting new form for patient: JOHN DOE
2026-05-05T16:45:37.898+03:00  INFO 8220 --- [submit-service] [           main] i.t.s.controller.PatientFormController   : Form submitted successfully with ID: 576
2026-05-05T16:45:37.899+03:00 DEBUG 8220 --- [submit-service] [           main] o.s.w.s.m.m.a.HttpEntityMethodProcessor  : Using 'application/json', given [*/*] and supported [application/json, application/*+json]
2026-05-05T16:45:37.899+03:00 DEBUG 8220 --- [submit-service] [           main] o.s.w.s.m.m.a.HttpEntityMethodProcessor  : Writing [PatientFormResponseDto(id=576, firstName=JOHN, lastName=DOE, dateOfBirth=1990-01-15, streetName=MAIN (truncated)...]
]]></system-out>
  </testcase>
  <testcase name="testFormSubmissionContentTypeValidation" classname="infrax.teama.submit_service.integration.SubmitServiceE2ETest" time="0.099">
    <system-out><![CDATA[2026-05-05T16:45:37.916+03:00  INFO 8220 --- [submit-service] [           main] o.s.b.t.m.w.SpringBootMockServletContext : Initializing Spring TestDispatcherServlet ''
2026-05-05T16:45:37.917+03:00  INFO 8220 --- [submit-service] [           main] o.s.t.web.servlet.TestDispatcherServlet  : Initializing Servlet ''
2026-05-05T16:45:37.920+03:00  INFO 8220 --- [submit-service] [           main] o.s.t.web.servlet.TestDispatcherServlet  : Completed initialization in 2 ms
2026-05-05T16:45:37.925+03:00 DEBUG 8220 --- [submit-service] [           main] s.w.s.m.m.a.RequestMappingHandlerMapping : Mapped to infrax.teama.submit_service.controller.PatientFormController#submitForm(PatientFormRequest)
2026-05-05T16:45:37.927+03:00 DEBUG 8220 --- [submit-service] [           main] m.m.a.RequestResponseBodyMethodProcessor : Read "application/json" to [PatientFormRequest(firstName=JOHN, lastName=DOE, dateOfBirth=1990-01-15, streetName=MAINSTREET, stre (truncated)...]
2026-05-05T16:45:37.928+03:00  INFO 8220 --- [submit-service] [           main] i.t.s.controller.PatientFormController   : Received form submission request: PatientFormRequest(firstName=JOHN, lastName=DOE, dateOfBirth=1990-01-15, streetName=MAINSTREET, streetNumber=123, city=BERLIN, postalCode=10115, phoneNumber=+49301234567, emailAddress=john.doe@example.com, symptoms=[FEVER, COUGH], otherSymptoms=null, allergies=[POLLEN], otherAllergies=null, medications=[PARACETAMOL], otherMedications=null, preExistingConditions=[DIABETES], otherPreExistingConditions=null, signatureDataUrl=null)
2026-05-05T16:45:37.943+03:00  INFO 8220 --- [submit-service] [           main] i.t.s.service.PatientFormService         : Submitting new form for patient: JOHN DOE
2026-05-05T16:45:38.004+03:00  INFO 8220 --- [submit-service] [           main] i.t.s.controller.PatientFormController   : Form submitted successfully with ID: 577
2026-05-05T16:45:38.006+03:00 DEBUG 8220 --- [submit-service] [           main] o.s.w.s.m.m.a.HttpEntityMethodProcessor  : Using 'application/json', given [application/json] and supported [application/json, application/*+json]
2026-05-05T16:45:38.007+03:00 DEBUG 8220 --- [submit-service] [           main] o.s.w.s.m.m.a.HttpEntityMethodProcessor  : Writing [PatientFormResponseDto(id=577, firstName=JOHN, lastName=DOE, dateOfBirth=1990-01-15, streetName=MAIN (truncated)...]
]]></system-out>
  </testcase>
  <testcase name="testCompletePatientFormSubmissionFlow" classname="infrax.teama.submit_service.integration.SubmitServiceE2ETest" time="0.697">
    <system-out><![CDATA[2026-05-05T16:45:38.020+03:00  INFO 8220 --- [submit-service] [           main] o.s.b.t.m.w.SpringBootMockServletContext : Initializing Spring TestDispatcherServlet ''
2026-05-05T16:45:38.020+03:00  INFO 8220 --- [submit-service] [           main] o.s.t.web.servlet.TestDispatcherServlet  : Initializing Servlet ''
2026-05-05T16:45:38.024+03:00  INFO 8220 --- [submit-service] [           main] o.s.t.web.servlet.TestDispatcherServlet  : Completed initialization in 3 ms
2026-05-05T16:45:38.026+03:00 DEBUG 8220 --- [submit-service] [           main] s.w.s.m.m.a.RequestMappingHandlerMapping : Mapped to infrax.teama.submit_service.controller.PatientFormController#submitForm(PatientFormRequest)
2026-05-05T16:45:38.028+03:00 DEBUG 8220 --- [submit-service] [           main] m.m.a.RequestResponseBodyMethodProcessor : Read "application/json" to [PatientFormRequest(firstName=JOHN, lastName=DOE, dateOfBirth=1990-01-15, streetName=MAINSTREET, stre (truncated)...]
2026-05-05T16:45:38.030+03:00  INFO 8220 --- [submit-service] [           main] i.t.s.controller.PatientFormController   : Received form submission request: PatientFormRequest(firstName=JOHN, lastName=DOE, dateOfBirth=1990-01-15, streetName=MAINSTREET, streetNumber=123, city=BERLIN, postalCode=10115, phoneNumber=+49301234567, emailAddress=john.doe@example.com, symptoms=[FEVER, COUGH], otherSymptoms=null, allergies=[POLLEN], otherAllergies=null, medications=[PARACETAMOL], otherMedications=null, preExistingConditions=[DIABETES], otherPreExistingConditions=null, signatureDataUrl=null)
2026-05-05T16:45:38.052+03:00  INFO 8220 --- [submit-service] [           main] i.t.s.service.PatientFormService         : Submitting new form for patient: JOHN DOE
2026-05-05T16:45:38.702+03:00  INFO 8220 --- [submit-service] [           main] i.t.s.controller.PatientFormController   : Form submitted successfully with ID: 578
2026-05-05T16:45:38.704+03:00 DEBUG 8220 --- [submit-service] [           main] o.s.w.s.m.m.a.HttpEntityMethodProcessor  : Using 'application/json', given [*/*] and supported [application/json, application/*+json]
2026-05-05T16:45:38.704+03:00 DEBUG 8220 --- [submit-service] [           main] o.s.w.s.m.m.a.HttpEntityMethodProcessor  : Writing [PatientFormResponseDto(id=578, firstName=JOHN, lastName=DOE, dateOfBirth=1990-01-15, streetName=MAIN (truncated)...]
]]></system-out>
  </testcase>
  <testcase name="testFormSubmissionWithBoundaryDates" classname="infrax.teama.submit_service.integration.SubmitServiceE2ETest" time="0.352">
    <system-out><![CDATA[2026-05-05T16:45:38.723+03:00  INFO 8220 --- [submit-service] [           main] o.s.b.t.m.w.SpringBootMockServletContext : Initializing Spring TestDispatcherServlet ''
2026-05-05T16:45:38.723+03:00  INFO 8220 --- [submit-service] [           main] o.s.t.web.servlet.TestDispatcherServlet  : Initializing Servlet ''
2026-05-05T16:45:38.728+03:00  INFO 8220 --- [submit-service] [           main] o.s.t.web.servlet.TestDispatcherServlet  : Completed initialization in 4 ms
2026-05-05T16:45:38.731+03:00 DEBUG 8220 --- [submit-service] [           main] s.w.s.m.m.a.RequestMappingHandlerMapping : Mapped to infrax.teama.submit_service.controller.PatientFormController#submitForm(PatientFormRequest)
2026-05-05T16:45:38.732+03:00 DEBUG 8220 --- [submit-service] [           main] m.m.a.RequestResponseBodyMethodProcessor : Read "application/json" to [PatientFormRequest(firstName=JOHN, lastName=DOE, dateOfBirth=1920-01-01, streetName=MAINSTREET, stre (truncated)...]
2026-05-05T16:45:38.735+03:00  INFO 8220 --- [submit-service] [           main] i.t.s.controller.PatientFormController   : Received form submission request: PatientFormRequest(firstName=JOHN, lastName=DOE, dateOfBirth=1920-01-01, streetName=MAINSTREET, streetNumber=123, city=BERLIN, postalCode=10115, phoneNumber=+49301234567, emailAddress=john.doe@example.com, symptoms=[FEVER, COUGH], otherSymptoms=null, allergies=[POLLEN], otherAllergies=null, medications=[PARACETAMOL], otherMedications=null, preExistingConditions=[DIABETES], otherPreExistingConditions=null, signatureDataUrl=null)
2026-05-05T16:45:38.809+03:00  INFO 8220 --- [submit-service] [           main] i.t.s.service.PatientFormService         : Submitting new form for patient: JOHN DOE
2026-05-05T16:45:38.933+03:00  INFO 8220 --- [submit-service] [           main] i.t.s.controller.PatientFormController   : Form submitted successfully with ID: 579
2026-05-05T16:45:38.934+03:00 DEBUG 8220 --- [submit-service] [           main] o.s.w.s.m.m.a.HttpEntityMethodProcessor  : Using 'application/json', given [*/*] and supported [application/json, application/*+json]
2026-05-05T16:45:38.936+03:00 DEBUG 8220 --- [submit-service] [           main] o.s.w.s.m.m.a.HttpEntityMethodProcessor  : Writing [PatientFormResponseDto(id=579, firstName=JOHN, lastName=DOE, dateOfBirth=1920-01-01, streetName=MAIN (truncated)...]
2026-05-05T16:45:38.938+03:00 DEBUG 8220 --- [submit-service] [           main] s.w.s.m.m.a.RequestMappingHandlerMapping : Mapped to infrax.teama.submit_service.controller.PatientFormController#submitForm(PatientFormRequest)
2026-05-05T16:45:38.939+03:00 DEBUG 8220 --- [submit-service] [           main] m.m.a.RequestResponseBodyMethodProcessor : Read "application/json" to [PatientFormRequest(firstName=JOHN, lastName=DOE, dateOfBirth=2025-05-05, streetName=MAINSTREET, stre (truncated)...]
2026-05-05T16:45:38.943+03:00  INFO 8220 --- [submit-service] [           main] i.t.s.controller.PatientFormController   : Received form submission request: PatientFormRequest(firstName=JOHN, lastName=DOE, dateOfBirth=2025-05-05, streetName=MAINSTREET, streetNumber=123, city=BERLIN, postalCode=10115, phoneNumber=+49301234567, emailAddress=john.doe@example.com, symptoms=[FEVER, COUGH], otherSymptoms=null, allergies=[POLLEN], otherAllergies=null, medications=[PARACETAMOL], otherMedications=null, preExistingConditions=[DIABETES], otherPreExistingConditions=null, signatureDataUrl=null)
2026-05-05T16:45:38.953+03:00  INFO 8220 --- [submit-service] [           main] i.t.s.service.PatientFormService         : Submitting new form for patient: JOHN DOE
2026-05-05T16:45:39.059+03:00  INFO 8220 --- [submit-service] [           main] i.t.s.controller.PatientFormController   : Form submitted successfully with ID: 580
2026-05-05T16:45:39.060+03:00 DEBUG 8220 --- [submit-service] [           main] o.s.w.s.m.m.a.HttpEntityMethodProcessor  : Using 'application/json', given [*/*] and supported [application/json, application/*+json]
2026-05-05T16:45:39.060+03:00 DEBUG 8220 --- [submit-service] [           main] o.s.w.s.m.m.a.HttpEntityMethodProcessor  : Writing [PatientFormResponseDto(id=580, firstName=JOHN, lastName=DOE, dateOfBirth=2025-05-05, streetName=MAIN (truncated)...]
]]></system-out>
  </testcase>
  <testcase name="testMultipleFormsSubmissionSequence" classname="infrax.teama.submit_service.integration.SubmitServiceE2ETest" time="0.496">
    <system-out><![CDATA[2026-05-05T16:45:39.092+03:00  INFO 8220 --- [submit-service] [           main] o.s.b.t.m.w.SpringBootMockServletContext : Initializing Spring TestDispatcherServlet ''
2026-05-05T16:45:39.092+03:00  INFO 8220 --- [submit-service] [           main] o.s.t.web.servlet.TestDispatcherServlet  : Initializing Servlet ''
2026-05-05T16:45:39.096+03:00  INFO 8220 --- [submit-service] [           main] o.s.t.web.servlet.TestDispatcherServlet  : Completed initialization in 4 ms
2026-05-05T16:45:39.099+03:00 DEBUG 8220 --- [submit-service] [           main] s.w.s.m.m.a.RequestMappingHandlerMapping : Mapped to infrax.teama.submit_service.controller.PatientFormController#submitForm(PatientFormRequest)
2026-05-05T16:45:39.102+03:00 DEBUG 8220 --- [submit-service] [           main] m.m.a.RequestResponseBodyMethodProcessor : Read "application/json" to [PatientFormRequest(firstName=NAMEA, lastName=DOE, dateOfBirth=1990-01-15, streetName=MAINSTREET, str (truncated)...]
2026-05-05T16:45:39.105+03:00  INFO 8220 --- [submit-service] [           main] i.t.s.controller.PatientFormController   : Received form submission request: PatientFormRequest(firstName=NAMEA, lastName=DOE, dateOfBirth=1990-01-15, streetName=MAINSTREET, streetNumber=123, city=BERLIN, postalCode=10115, phoneNumber=+49301234567, emailAddress=john.doe@example.com, symptoms=[FEVER, COUGH], otherSymptoms=null, allergies=[POLLEN], otherAllergies=null, medications=[PARACETAMOL], otherMedications=null, preExistingConditions=[DIABETES], otherPreExistingConditions=null, signatureDataUrl=null)
2026-05-05T16:45:39.113+03:00  INFO 8220 --- [submit-service] [           main] i.t.s.service.PatientFormService         : Submitting new form for patient: NAMEA DOE
2026-05-05T16:45:39.188+03:00  INFO 8220 --- [submit-service] [           main] i.t.s.controller.PatientFormController   : Form submitted successfully with ID: 581
2026-05-05T16:45:39.189+03:00 DEBUG 8220 --- [submit-service] [           main] o.s.w.s.m.m.a.HttpEntityMethodProcessor  : Using 'application/json', given [*/*] and supported [application/json, application/*+json]
2026-05-05T16:45:39.190+03:00 DEBUG 8220 --- [submit-service] [           main] o.s.w.s.m.m.a.HttpEntityMethodProcessor  : Writing [PatientFormResponseDto(id=581, firstName=NAMEA, lastName=DOE, dateOfBirth=1990-01-15, streetName=MAI (truncated)...]
2026-05-05T16:45:39.193+03:00 DEBUG 8220 --- [submit-service] [           main] s.w.s.m.m.a.RequestMappingHandlerMapping : Mapped to infrax.teama.submit_service.controller.PatientFormController#submitForm(PatientFormRequest)
2026-05-05T16:45:39.195+03:00 DEBUG 8220 --- [submit-service] [           main] m.m.a.RequestResponseBodyMethodProcessor : Read "application/json" to [PatientFormRequest(firstName=NAMEB, lastName=DOE, dateOfBirth=1990-01-15, streetName=MAINSTREET, str (truncated)...]
2026-05-05T16:45:39.198+03:00  INFO 8220 --- [submit-service] [           main] i.t.s.controller.PatientFormController   : Received form submission request: PatientFormRequest(firstName=NAMEB, lastName=DOE, dateOfBirth=1990-01-15, streetName=MAINSTREET, streetNumber=123, city=BERLIN, postalCode=10115, phoneNumber=+49301234567, emailAddress=john.doe@example.com, symptoms=[FEVER, COUGH], otherSymptoms=null, allergies=[POLLEN], otherAllergies=null, medications=[PARACETAMOL], otherMedications=null, preExistingConditions=[DIABETES], otherPreExistingConditions=null, signatureDataUrl=null)
2026-05-05T16:45:39.213+03:00  INFO 8220 --- [submit-service] [           main] i.t.s.service.PatientFormService         : Submitting new form for patient: NAMEB DOE
2026-05-05T16:45:39.293+03:00  INFO 8220 --- [submit-service] [           main] i.t.s.controller.PatientFormController   : Form submitted successfully with ID: 582
2026-05-05T16:45:39.294+03:00 DEBUG 8220 --- [submit-service] [           main] o.s.w.s.m.m.a.HttpEntityMethodProcessor  : Using 'application/json', given [*/*] and supported [application/json, application/*+json]
2026-05-05T16:45:39.295+03:00 DEBUG 8220 --- [submit-service] [           main] o.s.w.s.m.m.a.HttpEntityMethodProcessor  : Writing [PatientFormResponseDto(id=582, firstName=NAMEB, lastName=DOE, dateOfBirth=1990-01-15, streetName=MAI (truncated)...]
2026-05-05T16:45:39.299+03:00 DEBUG 8220 --- [submit-service] [           main] s.w.s.m.m.a.RequestMappingHandlerMapping : Mapped to infrax.teama.submit_service.controller.PatientFormController#submitForm(PatientFormRequest)
2026-05-05T16:45:39.302+03:00 DEBUG 8220 --- [submit-service] [           main] m.m.a.RequestResponseBodyMethodProcessor : Read "application/json" to [PatientFormRequest(firstName=NAMEC, lastName=DOE, dateOfBirth=1990-01-15, streetName=MAINSTREET, str (truncated)...]
2026-05-05T16:45:39.305+03:00  INFO 8220 --- [submit-service] [           main] i.t.s.controller.PatientFormController   : Received form submission request: PatientFormRequest(firstName=NAMEC, lastName=DOE, dateOfBirth=1990-01-15, streetName=MAINSTREET, streetNumber=123, city=BERLIN, postalCode=10115, phoneNumber=+49301234567, emailAddress=john.doe@example.com, symptoms=[FEVER, COUGH], otherSymptoms=null, allergies=[POLLEN], otherAllergies=null, medications=[PARACETAMOL], otherMedications=null, preExistingConditions=[DIABETES], otherPreExistingConditions=null, signatureDataUrl=null)
2026-05-05T16:45:39.326+03:00  INFO 8220 --- [submit-service] [           main] i.t.s.service.PatientFormService         : Submitting new form for patient: NAMEC DOE
2026-05-05T16:45:39.564+03:00  INFO 8220 --- [submit-service] [           main] i.t.s.controller.PatientFormController   : Form submitted successfully with ID: 583
2026-05-05T16:45:39.565+03:00 DEBUG 8220 --- [submit-service] [           main] o.s.w.s.m.m.a.HttpEntityMethodProcessor  : Using 'application/json', given [*/*] and supported [application/json, application/*+json]
2026-05-05T16:45:39.565+03:00 DEBUG 8220 --- [submit-service] [           main] o.s.w.s.m.m.a.HttpEntityMethodProcessor  : Writing [PatientFormResponseDto(id=583, firstName=NAMEC, lastName=DOE, dateOfBirth=1990-01-15, streetName=MAI (truncated)...]
]]></system-out>
  </testcase>
  <testcase name="testFormSubmissionWithEmptyOptionalFields" classname="infrax.teama.submit_service.integration.SubmitServiceE2ETest" time="0.239">
    <system-out><![CDATA[2026-05-05T16:45:39.579+03:00  INFO 8220 --- [submit-service] [           main] o.s.b.t.m.w.SpringBootMockServletContext : Initializing Spring TestDispatcherServlet ''
2026-05-05T16:45:39.580+03:00  INFO 8220 --- [submit-service] [           main] o.s.t.web.servlet.TestDispatcherServlet  : Initializing Servlet ''
2026-05-05T16:45:39.582+03:00  INFO 8220 --- [submit-service] [           main] o.s.t.web.servlet.TestDispatcherServlet  : Completed initialization in 2 ms
2026-05-05T16:45:39.586+03:00 DEBUG 8220 --- [submit-service] [           main] s.w.s.m.m.a.RequestMappingHandlerMapping : Mapped to infrax.teama.submit_service.controller.PatientFormController#submitForm(PatientFormRequest)
2026-05-05T16:45:39.590+03:00 DEBUG 8220 --- [submit-service] [           main] m.m.a.RequestResponseBodyMethodProcessor : Read "application/json" to [PatientFormRequest(firstName=JOHN, lastName=DOE, dateOfBirth=1990-01-15, streetName=MAINSTREET, stre (truncated)...]
2026-05-05T16:45:39.592+03:00  INFO 8220 --- [submit-service] [           main] i.t.s.controller.PatientFormController   : Received form submission request: PatientFormRequest(firstName=JOHN, lastName=DOE, dateOfBirth=1990-01-15, streetName=MAINSTREET, streetNumber=123, city=BERLIN, postalCode=10115, phoneNumber=+49301234567, emailAddress=john.doe@example.com, symptoms=[FEVER, COUGH], otherSymptoms=null, allergies=[POLLEN], otherAllergies=null, medications=[PARACETAMOL], otherMedications=null, preExistingConditions=[DIABETES], otherPreExistingConditions=null, signatureDataUrl=null)
2026-05-05T16:45:39.611+03:00  INFO 8220 --- [submit-service] [           main] i.t.s.service.PatientFormService         : Submitting new form for patient: JOHN DOE
2026-05-05T16:45:39.807+03:00  INFO 8220 --- [submit-service] [           main] i.t.s.controller.PatientFormController   : Form submitted successfully with ID: 584
2026-05-05T16:45:39.807+03:00 DEBUG 8220 --- [submit-service] [           main] o.s.w.s.m.m.a.HttpEntityMethodProcessor  : Using 'application/json', given [*/*] and supported [application/json, application/*+json]
2026-05-05T16:45:39.808+03:00 DEBUG 8220 --- [submit-service] [           main] o.s.w.s.m.m.a.HttpEntityMethodProcessor  : Writing [PatientFormResponseDto(id=584, firstName=JOHN, lastName=DOE, dateOfBirth=1990-01-15, streetName=MAIN (truncated)...]
]]></system-out>
  </testcase>
  <testcase name="testPatientFormDataPersistence" classname="infrax.teama.submit_service.integration.SubmitServiceE2ETest" time="0.284">
    <system-out><![CDATA[2026-05-05T16:45:39.827+03:00  INFO 8220 --- [submit-service] [           main] o.s.b.t.m.w.SpringBootMockServletContext : Initializing Spring TestDispatcherServlet ''
2026-05-05T16:45:39.827+03:00  INFO 8220 --- [submit-service] [           main] o.s.t.web.servlet.TestDispatcherServlet  : Initializing Servlet ''
2026-05-05T16:45:39.831+03:00  INFO 8220 --- [submit-service] [           main] o.s.t.web.servlet.TestDispatcherServlet  : Completed initialization in 3 ms
2026-05-05T16:45:39.834+03:00 DEBUG 8220 --- [submit-service] [           main] s.w.s.m.m.a.RequestMappingHandlerMapping : Mapped to infrax.teama.submit_service.controller.PatientFormController#submitForm(PatientFormRequest)
2026-05-05T16:45:39.836+03:00 DEBUG 8220 --- [submit-service] [           main] m.m.a.RequestResponseBodyMethodProcessor : Read "application/json" to [PatientFormRequest(firstName=JANE, lastName=DOE, dateOfBirth=1990-01-15, streetName=MAINSTREET, stre (truncated)...]
2026-05-05T16:45:39.837+03:00  INFO 8220 --- [submit-service] [           main] i.t.s.controller.PatientFormController   : Received form submission request: PatientFormRequest(firstName=JANE, lastName=DOE, dateOfBirth=1990-01-15, streetName=MAINSTREET, streetNumber=123, city=BERLIN, postalCode=10115, phoneNumber=+49301234567, emailAddress=john.doe@example.com, symptoms=[FEVER, COUGH], otherSymptoms=Fatigue and weakness, allergies=[POLLEN], otherAllergies=null, medications=[PARACETAMOL], otherMedications=null, preExistingConditions=[DIABETES], otherPreExistingConditions=null, signatureDataUrl=null)
2026-05-05T16:45:39.913+03:00  INFO 8220 --- [submit-service] [           main] i.t.s.service.PatientFormService         : Submitting new form for patient: JANE DOE
2026-05-05T16:45:40.098+03:00  INFO 8220 --- [submit-service] [           main] i.t.s.controller.PatientFormController   : Form submitted successfully with ID: 585
2026-05-05T16:45:40.098+03:00 DEBUG 8220 --- [submit-service] [           main] o.s.w.s.m.m.a.HttpEntityMethodProcessor  : Using 'application/json', given [*/*] and supported [application/json, application/*+json]
2026-05-05T16:45:40.099+03:00 DEBUG 8220 --- [submit-service] [           main] o.s.w.s.m.m.a.HttpEntityMethodProcessor  : Writing [PatientFormResponseDto(id=585, firstName=JANE, lastName=DOE, dateOfBirth=1990-01-15, streetName=MAIN (truncated)...]
]]></system-out>
  </testcase>
</testsuite>