<?xml version="1.0" encoding="UTF-8"?>
<testsuite xmlns:xsi="http://www.w3.org/2001/XMLSchema-instance" xsi:noNamespaceSchemaLocation="https://maven.apache.org/surefire/maven-surefire-plugin/xsd/surefire-test-report.xsd" version="3.0.2" name="infrax.teama.submit_service.performance.SubmitServicePerformanceTest" time="15.022" tests="7" errors="0" skipped="0" failures="0" flakes="0">
  <properties>
[...]
</properties>
  <testcase name="testFormSubmissionWithCompleteData" classname="infrax.teama.submit_service.performance.SubmitServicePerformanceTest" time="0.161">
    <system-out><![CDATA[2026-05-05T16:45:40.137+03:00  INFO 8220 --- [submit-service] [           main] t.c.s.AnnotationConfigContextLoaderUtils : Could not detect default configuration classes for test class [infrax.teama.submit_service.performance.SubmitServicePerformanceTest]: SubmitServicePerformanceTest does not declare any static, non-private, non-final, nested classes annotated with @Configuration.
2026-05-05T16:45:40.175+03:00  INFO 8220 --- [submit-service] [           main] .b.t.c.SpringBootTestContextBootstrapper : Found @SpringBootConfiguration infrax.teama.submit_service.SubmitServiceApplication for test class infrax.teama.submit_service.performance.SubmitServicePerformanceTest
2026-05-05T16:45:40.177+03:00  INFO 8220 --- [submit-service] [           main] t.c.s.AnnotationConfigContextLoaderUtils : Could not detect default configuration classes for test class [infrax.teama.submit_service.performance.SubmitServicePerformanceTest]: SubmitServicePerformanceTest does not declare any static, non-private, non-final, nested classes annotated with @Configuration.
2026-05-05T16:45:40.180+03:00  INFO 8220 --- [submit-service] [           main] .b.t.c.SpringBootTestContextBootstrapper : Found @SpringBootConfiguration infrax.teama.submit_service.SubmitServiceApplication for test class infrax.teama.submit_service.performance.SubmitServicePerformanceTest
2026-05-05T16:45:40.195+03:00  INFO 8220 --- [submit-service] [           main] o.s.b.t.m.w.SpringBootMockServletContext : Initializing Spring TestDispatcherServlet ''
2026-05-05T16:45:40.195+03:00  INFO 8220 --- [submit-service] [           main] o.s.t.web.servlet.TestDispatcherServlet  : Initializing Servlet ''
2026-05-05T16:45:40.202+03:00  INFO 8220 --- [submit-service] [           main] o.s.t.web.servlet.TestDispatcherServlet  : Completed initialization in 7 ms
2026-05-05T16:45:40.226+03:00 DEBUG 8220 --- [submit-service] [           main] s.w.s.m.m.a.RequestMappingHandlerMapping : Mapped to infrax.teama.submit_service.controller.PatientFormController#submitForm(PatientFormRequest)
2026-05-05T16:45:40.228+03:00 DEBUG 8220 --- [submit-service] [           main] m.m.a.RequestResponseBodyMethodProcessor : Read "application/json" to [PatientFormRequest(firstName=ALICE, lastName=DOE, dateOfBirth=1990-01-15, streetName=MAINSTREET, str (truncated)...]
2026-05-05T16:45:40.231+03:00  INFO 8220 --- [submit-service] [           main] i.t.s.controller.PatientFormController   : Received form submission request: PatientFormRequest(firstName=ALICE, lastName=DOE, dateOfBirth=1990-01-15, streetName=MAINSTREET, streetNumber=123, city=BERLIN, postalCode=10115, phoneNumber=+49301234567, emailAddress=john.doe@example.com, symptoms=null, otherSymptoms=null, allergies=null, otherAllergies=null, medications=null, otherMedications=null, preExistingConditions=null, otherPreExistingConditions=null, signatureDataUrl=null)
2026-05-05T16:45:40.245+03:00  INFO 8220 --- [submit-service] [           main] i.t.s.service.PatientFormService         : Submitting new form for patient: ALICE DOE
2026-05-05T16:45:40.341+03:00  INFO 8220 --- [submit-service] [           main] i.t.s.controller.PatientFormController   : Form submitted successfully with ID: 586
2026-05-05T16:45:40.342+03:00 DEBUG 8220 --- [submit-service] [           main] o.s.w.s.m.m.a.HttpEntityMethodProcessor  : Using 'application/json', given [*/*] and supported [application/json, application/*+json]
2026-05-05T16:45:40.343+03:00 DEBUG 8220 --- [submit-service] [           main] o.s.w.s.m.m.a.HttpEntityMethodProcessor  : Writing [PatientFormResponseDto(id=586, firstName=ALICE, lastName=DOE, dateOfBirth=1990-01-15, streetName=MAI (truncated)...]
]]></system-out>
  </testcase>
  <testcase name="testFormSubmissionResponseTimeUnder3Seconds" classname="infrax.teama.submit_service.performance.SubmitServicePerformanceTest" time="0.091">
    <system-out><![CDATA[2026-05-05T16:45:40.355+03:00  INFO 8220 --- [submit-service] [           main] o.s.b.t.m.w.SpringBootMockServletContext : Initializing Spring TestDispatcherServlet ''
2026-05-05T16:45:40.355+03:00  INFO 8220 --- [submit-service] [           main] o.s.t.web.servlet.TestDispatcherServlet  : Initializing Servlet ''
2026-05-05T16:45:40.358+03:00  INFO 8220 --- [submit-service] [           main] o.s.t.web.servlet.TestDispatcherServlet  : Completed initialization in 3 ms
2026-05-05T16:45:40.361+03:00 DEBUG 8220 --- [submit-service] [           main] s.w.s.m.m.a.RequestMappingHandlerMapping : Mapped to infrax.teama.submit_service.controller.PatientFormController#submitForm(PatientFormRequest)
2026-05-05T16:45:40.364+03:00 DEBUG 8220 --- [submit-service] [           main] m.m.a.RequestResponseBodyMethodProcessor : Read "application/json" to [PatientFormRequest(firstName=JOHN, lastName=DOE, dateOfBirth=1990-01-15, streetName=MAINSTREET, stre (truncated)...]
2026-05-05T16:45:40.366+03:00  INFO 8220 --- [submit-service] [           main] i.t.s.controller.PatientFormController   : Received form submission request: PatientFormRequest(firstName=JOHN, lastName=DOE, dateOfBirth=1990-01-15, streetName=MAINSTREET, streetNumber=123, city=BERLIN, postalCode=10115, phoneNumber=+49301234567, emailAddress=john.doe@example.com, symptoms=null, otherSymptoms=null, allergies=null, otherAllergies=null, medications=null, otherMedications=null, preExistingConditions=null, otherPreExistingConditions=null, signatureDataUrl=null)
2026-05-05T16:45:40.393+03:00  INFO 8220 --- [submit-service] [           main] i.t.s.service.PatientFormService         : Submitting new form for patient: JOHN DOE
2026-05-05T16:45:40.429+03:00  INFO 8220 --- [submit-service] [           main] i.t.s.controller.PatientFormController   : Form submitted successfully with ID: 587
2026-05-05T16:45:40.430+03:00 DEBUG 8220 --- [submit-service] [           main] o.s.w.s.m.m.a.HttpEntityMethodProcessor  : Using 'application/json', given [*/*] and supported [application/json, application/*+json]
2026-05-05T16:45:40.430+03:00 DEBUG 8220 --- [submit-service] [           main] o.s.w.s.m.m.a.HttpEntityMethodProcessor  : Writing [PatientFormResponseDto(id=587, firstName=JOHN, lastName=DOE, dateOfBirth=1990-01-15, streetName=MAIN (truncated)...]
]]></system-out>
  </testcase>
  <testcase name="testValidationPerformance" classname="infrax.teama.submit_service.performance.SubmitServicePerformanceTest" time="1.07">
    <system-out><![CDATA[2026-05-05T16:45:40.454+03:00  INFO 8220 --- [submit-service] [           main] o.s.b.t.m.w.SpringBootMockServletContext : Initializing Spring TestDispatcherServlet ''
2026-05-05T16:45:40.459+03:00  INFO 8220 --- [submit-service] [           main] o.s.t.web.servlet.TestDispatcherServlet  : Initializing Servlet ''
2026-05-05T16:45:40.468+03:00  INFO 8220 --- [submit-service] [           main] o.s.t.web.servlet.TestDispatcherServlet  : Completed initialization in 8 ms
2026-05-05T16:45:40.472+03:00 DEBUG 8220 --- [submit-service] [           main] s.w.s.m.m.a.RequestMappingHandlerMapping : Mapped to infrax.teama.submit_service.controller.PatientFormController#submitForm(PatientFormRequest)
2026-05-05T16:45:40.473+03:00 DEBUG 8220 --- [submit-service] [           main] m.m.a.RequestResponseBodyMethodProcessor : Read "application/json" to [PatientFormRequest(firstName=lowercase, lastName=DOE, dateOfBirth=1990-01-15, streetName=MAINSTREET, (truncated)...]
2026-05-05T16:45:40.475+03:00 DEBUG 8220 --- [submit-service] [           main] .m.m.a.ExceptionHandlerExceptionResolver : Using @ExceptionHandler infrax.teama.submit_service.advice.GlobalExceptionHandler#handleValidationException(MethodArgumentNotValidException, WebRequest)
2026-05-05T16:45:40.476+03:00  WARN 8220 --- [submit-service] [           main] i.t.s.advice.GlobalExceptionHandler      : Validation error occurred: Validation failed for argument [0] in public org.springframework.http.ResponseEntity<infrax.teama.submit_service.dto.PatientFormResponseDto> infrax.teama.submit_service.controller.PatientFormController.submitForm(infrax.teama.submit_service.dto.PatientFormRequest): [Field error in object 'patientFormRequest' on field 'firstName': rejected value [lowercase]; codes [Pattern.patientFormRequest.firstName,Pattern.firstName,Pattern.java.lang.String,Pattern]; arguments [org.springframework.context.support.DefaultMessageSourceResolvable: codes [patientFormRequest.firstName,firstName]; arguments []; default message [firstName],[Ljakarta.validation.constraints.Pattern$Flag;@7a6cab6f,[A-Z]+]; default message [First name must be uppercase letters only]] 
2026-05-05T16:45:40.478+03:00 DEBUG 8220 --- [submit-service] [           main] o.s.w.s.m.m.a.HttpEntityMethodProcessor  : Using 'application/json', given [*/*] and supported [application/json, application/*+json]
2026-05-05T16:45:40.479+03:00 DEBUG 8220 --- [submit-service] [           main] o.s.w.s.m.m.a.HttpEntityMethodProcessor  : Writing [{path=/api/submit/forms, message=Validation failed, errors={firstName=First name must be uppercase l (truncated)...]
2026-05-05T16:45:40.480+03:00 DEBUG 8220 --- [submit-service] [           main] .m.m.a.ExceptionHandlerExceptionResolver : Resolved [org.springframework.web.bind.MethodArgumentNotValidException: Validation failed for argument [0] in public org.springframework.http.ResponseEntity<infrax.teama.submit_service.dto.PatientFormResponseDto> infrax.teama.submit_service.controller.PatientFormController.submitForm(infrax.teama.submit_service.dto.PatientFormRequest): [Field error in object 'patientFormRequest' on field 'firstName': rejected value [lowercase]; codes [Pattern.patientFormRequest.firstName,Pattern.firstName,Pattern.java.lang.String,Pattern]; arguments [org.springframework.context.support.DefaultMessageSourceResolvable: codes [patientFormRequest.firstName,firstName]; arguments []; default message [firstName],[Ljakarta.validation.constraints.Pattern$Flag;@7a6cab6f,[A-Z]+]; default message [First name must be uppercase letters only]] ]
2026-05-05T16:45:40.481+03:00 DEBUG 8220 --- [submit-service] [           main] s.w.s.m.m.a.RequestMappingHandlerMapping : Mapped to infrax.teama.submit_service.controller.PatientFormController#submitForm(PatientFormRequest)
2026-05-05T16:45:40.483+03:00 DEBUG 8220 --- [submit-service] [           main] m.m.a.RequestResponseBodyMethodProcessor : Read "application/json" to [PatientFormRequest(firstName=lowercase, lastName=DOE, dateOfBirth=1990-01-15, streetName=MAINSTREET, (truncated)...]
2026-05-05T16:45:40.487+03:00 DEBUG 8220 --- [submit-service] [           main] .m.m.a.ExceptionHandlerExceptionResolver : Using @ExceptionHandler infrax.teama.submit_service.advice.GlobalExceptionHandler#handleValidationException(MethodArgumentNotValidException, WebRequest)
2026-05-05T16:45:40.513+03:00  WARN 8220 --- [submit-service] [           main] i.t.s.advice.GlobalExceptionHandler      : Validation error occurred: Validation failed for argument [0] in public org.springframework.http.ResponseEntity<infrax.teama.submit_service.dto.PatientFormResponseDto> infrax.teama.submit_service.controller.PatientFormController.submitForm(infrax.teama.submit_service.dto.PatientFormRequest): [Field error in object 'patientFormRequest' on field 'firstName': rejected value [lowercase]; codes [Pattern.patientFormRequest.firstName,Pattern.firstName,Pattern.java.lang.String,Pattern]; arguments [org.springframework.context.support.DefaultMessageSourceResolvable: codes [patientFormRequest.firstName,firstName]; arguments []; default message [firstName],[Ljakarta.validation.constraints.Pattern$Flag;@7a6cab6f,[A-Z]+]; default message [First name must be uppercase letters only]] 
2026-05-05T16:45:40.514+03:00 DEBUG 8220 --- [submit-service] [           main] o.s.w.s.m.m.a.HttpEntityMethodProcessor  : Using 'application/json', given [*/*] and supported [application/json, application/*+json]
2026-05-05T16:45:40.515+03:00 DEBUG 8220 --- [submit-service] [           main] o.s.w.s.m.m.a.HttpEntityMethodProcessor  : Writing [{path=/api/submit/forms, message=Validation failed, errors={firstName=First name must be uppercase l (truncated)...]
2026-05-05T16:45:40.521+03:00 DEBUG 8220 --- [submit-service] [           main] .m.m.a.ExceptionHandlerExceptionResolver : Resolved [org.springframework.web.bind.MethodArgumentNotValidException: Validation failed for argument [0] in public org.springframework.http.ResponseEntity<infrax.teama.submit_service.dto.PatientFormResponseDto> infrax.teama.submit_service.controller.PatientFormController.submitForm(infrax.teama.submit_service.dto.PatientFormRequest): [Field error in object 'patientFormRequest' on field 'firstName': rejected value [lowercase]; codes [Pattern.patientFormRequest.firstName,Pattern.firstName,Pattern.java.lang.String,Pattern]; arguments [org.springframework.context.support.DefaultMessageSourceResolvable: codes [patientFormRequest.firstName,firstName]; arguments []; default message [firstName],[Ljakarta.validation.constraints.Pattern$Flag;@7a6cab6f,[A-Z]+]; default message [First name must be uppercase letters only]] ]
2026-05-05T16:45:40.523+03:00 DEBUG 8220 --- [submit-service] [           main] s.w.s.m.m.a.RequestMappingHandlerMapping : Mapped to infrax.teama.submit_service.controller.PatientFormController#submitForm(PatientFormRequest)
2026-05-05T16:45:40.525+03:00 DEBUG 8220 --- [submit-service] [           main] m.m.a.RequestResponseBodyMethodProcessor : Read "application/json" to [PatientFormRequest(firstName=lowercase, lastName=DOE, dateOfBirth=1990-01-15, streetName=MAINSTREET, (truncated)...]
2026-05-05T16:45:40.528+03:00 DEBUG 8220 --- [submit-service] [           main] .m.m.a.ExceptionHandlerExceptionResolver : Using @ExceptionHandler infrax.teama.submit_service.advice.GlobalExceptionHandler#handleValidationException(MethodArgumentNotValidException, WebRequest)
2026-05-05T16:45:40.529+03:00  WARN 8220 --- [submit-service] [           main] i.t.s.advice.GlobalExceptionHandler      : Validation error occurred: Validation failed for argument [0] in public org.springframework.http.ResponseEntity<infrax.teama.submit_service.dto.PatientFormResponseDto> infrax.teama.submit_service.controller.PatientFormController.submitForm(infrax.teama.submit_service.dto.PatientFormRequest): [Field error in object 'patientFormRequest' on field 'firstName': rejected value [lowercase]; codes [Pattern.patientFormRequest.firstName,Pattern.firstName,Pattern.java.lang.String,Pattern]; arguments [org.springframework.context.support.DefaultMessageSourceResolvable: codes [patientFormRequest.firstName,firstName]; arguments []; default message [firstName],[Ljakarta.validation.constraints.Pattern$Flag;@7a6cab6f,[A-Z]+]; default message [First name must be uppercase letters only]] 
2026-05-05T16:45:40.529+03:00 DEBUG 8220 --- [submit-service] [           main] o.s.w.s.m.m.a.HttpEntityMethodProcessor  : Using 'application/json', given [*/*] and supported [application/json, application/*+json]
2026-05-05T16:45:40.540+03:00 DEBUG 8220 --- [submit-service] [           main] o.s.w.s.m.m.a.HttpEntityMethodProcessor  : Writing [{path=/api/submit/forms, message=Validation failed, errors={firstName=First name must be uppercase l (truncated)...]
2026-05-05T16:45:40.541+03:00 DEBUG 8220 --- [submit-service] [           main] .m.m.a.ExceptionHandlerExceptionResolver : Resolved [org.springframework.web.bind.MethodArgumentNotValidException: Validation failed for argument [0] in public org.springframework.http.ResponseEntity<infrax.teama.submit_service.dto.PatientFormResponseDto> infrax.teama.submit_service.controller.PatientFormController.submitForm(infrax.teama.submit_service.dto.PatientFormRequest): [Field error in object 'patientFormRequest' on field 'firstName': rejected value [lowercase]; codes [Pattern.patientFormRequest.firstName,Pattern.firstName,Pattern.java.lang.String,Pattern]; arguments [org.springframework.context.support.DefaultMessageSourceResolvable: codes [patientFormRequest.firstName,firstName]; arguments []; default message [firstName],[Ljakarta.validation.constraints.Pattern$Flag;@7a6cab6f,[A-Z]+]; default message [First name must be uppercase letters only]] ]
2026-05-05T16:45:40.545+03:00 DEBUG 8220 --- [submit-service] [           main] s.w.s.m.m.a.RequestMappingHandlerMapping : Mapped to infrax.teama.submit_service.controller.PatientFormController#submitForm(PatientFormRequest)
2026-05-05T16:45:40.565+03:00 DEBUG 8220 --- [submit-service] [           main] m.m.a.RequestResponseBodyMethodProcessor : Read "application/json" to [PatientFormRequest(firstName=lowercase, lastName=DOE, dateOfBirth=1990-01-15, streetName=MAINSTREET, (truncated)...]
2026-05-05T16:45:40.572+03:00 DEBUG 8220 --- [submit-service] [           main] .m.m.a.ExceptionHandlerExceptionResolver : Using @ExceptionHandler infrax.teama.submit_service.advice.GlobalExceptionHandler#handleValidationException(MethodArgumentNotValidException, WebRequest)
2026-05-05T16:45:40.573+03:00  WARN 8220 --- [submit-service] [           main] i.t.s.advice.GlobalExceptionHandler      : Validation error occurred: Validation failed for argument [0] in public org.springframework.http.ResponseEntity<infrax.teama.submit_service.dto.PatientFormResponseDto> infrax.teama.submit_service.controller.PatientFormController.submitForm(infrax.teama.submit_service.dto.PatientFormRequest): [Field error in object 'patientFormRequest' on field 'firstName': rejected value [lowercase]; codes [Pattern.patientFormRequest.firstName,Pattern.firstName,Pattern.java.lang.String,Pattern]; arguments [org.springframework.context.support.DefaultMessageSourceResolvable: codes [patientFormRequest.firstName,firstName]; arguments []; default message [firstName],[Ljakarta.validation.constraints.Pattern$Flag;@7a6cab6f,[A-Z]+]; default message [First name must be uppercase letters only]] 
2026-05-05T16:45:40.578+03:00 DEBUG 8220 --- [submit-service] [           main] o.s.w.s.m.m.a.HttpEntityMethodProcessor  : Using 'application/json', given [*/*] and supported [application/json, application/*+json]
2026-05-05T16:45:40.578+03:00 DEBUG 8220 --- [submit-service] [           main] o.s.w.s.m.m.a.HttpEntityMethodProcessor  : Writing [{path=/api/submit/forms, message=Validation failed, errors={firstName=First name must be uppercase l (truncated)...]
2026-05-05T16:45:40.580+03:00 DEBUG 8220 --- [submit-service] [           main] .m.m.a.ExceptionHandlerExceptionResolver : Resolved [org.springframework.web.bind.MethodArgumentNotValidException: Validation failed for argument [0] in public org.springframework.http.ResponseEntity<infrax.teama.submit_service.dto.PatientFormResponseDto> infrax.teama.submit_service.controller.PatientFormController.submitForm(infrax.teama.submit_service.dto.PatientFormRequest): [Field error in object 'patientFormRequest' on field 'firstName': rejected value [lowercase]; codes [Pattern.patientFormRequest.firstName,Pattern.firstName,Pattern.java.lang.String,Pattern]; arguments [org.springframework.context.support.DefaultMessageSourceResolvable: codes [patientFormRequest.firstName,firstName]; arguments []; default message [firstName],[Ljakarta.validation.constraints.Pattern$Flag;@7a6cab6f,[A-Z]+]; default message [First name must be uppercase letters only]] ]
2026-05-05T16:45:40.582+03:00 DEBUG 8220 --- [submit-service] [           main] s.w.s.m.m.a.RequestMappingHandlerMapping : Mapped to infrax.teama.submit_service.controller.PatientFormController#submitForm(PatientFormRequest)
2026-05-05T16:45:40.618+03:00 DEBUG 8220 --- [submit-service] [           main] m.m.a.RequestResponseBodyMethodProcessor : Read "application/json" to [PatientFormRequest(firstName=lowercase, lastName=DOE, dateOfBirth=1990-01-15, streetName=MAINSTREET, (truncated)...]
2026-05-05T16:45:40.646+03:00 DEBUG 8220 --- [submit-service] [           main] .m.m.a.ExceptionHandlerExceptionResolver : Using @ExceptionHandler infrax.teama.submit_service.advice.GlobalExceptionHandler#handleValidationException(MethodArgumentNotValidException, WebRequest)
2026-05-05T16:45:40.655+03:00  WARN 8220 --- [submit-service] [           main] i.t.s.advice.GlobalExceptionHandler      : Validation error occurred: Validation failed for argument [0] in public org.springframework.http.ResponseEntity<infrax.teama.submit_service.dto.PatientFormResponseDto> infrax.teama.submit_service.controller.PatientFormController.submitForm(infrax.teama.submit_service.dto.PatientFormRequest): [Field error in object 'patientFormRequest' on field 'firstName': rejected value [lowercase]; codes [Pattern.patientFormRequest.firstName,Pattern.firstName,Pattern.java.lang.String,Pattern]; arguments [org.springframework.context.support.DefaultMessageSourceResolvable: codes [patientFormRequest.firstName,firstName]; arguments []; default message [firstName],[Ljakarta.validation.constraints.Pattern$Flag;@7a6cab6f,[A-Z]+]; default message [First name must be uppercase letters only]] 
2026-05-05T16:45:40.663+03:00 DEBUG 8220 --- [submit-service] [           main] o.s.w.s.m.m.a.HttpEntityMethodProcessor  : Using 'application/json', given [*/*] and supported [application/json, application/*+json]
2026-05-05T16:45:40.664+03:00 DEBUG 8220 --- [submit-service] [           main] o.s.w.s.m.m.a.HttpEntityMethodProcessor  : Writing [{path=/api/submit/forms, message=Validation failed, errors={firstName=First name must be uppercase l (truncated)...]
2026-05-05T16:45:40.668+03:00 DEBUG 8220 --- [submit-service] [           main] .m.m.a.ExceptionHandlerExceptionResolver : Resolved [org.springframework.web.bind.MethodArgumentNotValidException: Validation failed for argument [0] in public org.springframework.http.ResponseEntity<infrax.teama.submit_service.dto.PatientFormResponseDto> infrax.teama.submit_service.controller.PatientFormController.submitForm(infrax.teama.submit_service.dto.PatientFormRequest): [Field error in object 'patientFormRequest' on field 'firstName': rejected value [lowercase]; codes [Pattern.patientFormRequest.firstName,Pattern.firstName,Pattern.java.lang.String,Pattern]; arguments [org.springframework.context.support.DefaultMessageSourceResolvable: codes [patientFormRequest.firstName,firstName]; arguments []; default message [firstName],[Ljakarta.validation.constraints.Pattern$Flag;@7a6cab6f,[A-Z]+]; default message [First name must be uppercase letters only]] ]
2026-05-05T16:45:40.670+03:00 DEBUG 8220 --- [submit-service] [           main] s.w.s.m.m.a.RequestMappingHandlerMapping : Mapped to infrax.teama.submit_service.controller.PatientFormController#submitForm(PatientFormRequest)
2026-05-05T16:45:40.671+03:00 DEBUG 8220 --- [submit-service] [           main] m.m.a.RequestResponseBodyMethodProcessor : Read "application/json" to [PatientFormRequest(firstName=lowercase, lastName=DOE, dateOfBirth=1990-01-15, streetName=MAINSTREET, (truncated)...]
2026-05-05T16:45:40.765+03:00 DEBUG 8220 --- [submit-service] [           main] .m.m.a.ExceptionHandlerExceptionResolver : Using @ExceptionHandler infrax.teama.submit_service.advice.GlobalExceptionHandler#handleValidationException(MethodArgumentNotValidException, WebRequest)
2026-05-05T16:45:40.767+03:00  WARN 8220 --- [submit-service] [           main] i.t.s.advice.GlobalExceptionHandler      : Validation error occurred: Validation failed for argument [0] in public org.springframework.http.ResponseEntity<infrax.teama.submit_service.dto.PatientFormResponseDto> infrax.teama.submit_service.controller.PatientFormController.submitForm(infrax.teama.submit_service.dto.PatientFormRequest): [Field error in object 'patientFormRequest' on field 'firstName': rejected value [lowercase]; codes [Pattern.patientFormRequest.firstName,Pattern.firstName,Pattern.java.lang.String,Pattern]; arguments [org.springframework.context.support.DefaultMessageSourceResolvable: codes [patientFormRequest.firstName,firstName]; arguments []; default message [firstName],[Ljakarta.validation.constraints.Pattern$Flag;@7a6cab6f,[A-Z]+]; default message [First name must be uppercase letters only]] 
2026-05-05T16:45:40.768+03:00 DEBUG 8220 --- [submit-service] [           main] o.s.w.s.m.m.a.HttpEntityMethodProcessor  : Using 'application/json', given [*/*] and supported [application/json, application/*+json]
2026-05-05T16:45:40.769+03:00 DEBUG 8220 --- [submit-service] [           main] o.s.w.s.m.m.a.HttpEntityMethodProcessor  : Writing [{path=/api/submit/forms, message=Validation failed, errors={firstName=First name must be uppercase l (truncated)...]
2026-05-05T16:45:40.771+03:00 DEBUG 8220 --- [submit-service] [           main] .m.m.a.ExceptionHandlerExceptionResolver : Resolved [org.springframework.web.bind.MethodArgumentNotValidException: Validation failed for argument [0] in public org.springframework.http.ResponseEntity<infrax.teama.submit_service.dto.PatientFormResponseDto> infrax.teama.submit_service.controller.PatientFormController.submitForm(infrax.teama.submit_service.dto.PatientFormRequest): [Field error in object 'patientFormRequest' on field 'firstName': rejected value [lowercase]; codes [Pattern.patientFormRequest.firstName,Pattern.firstName,Pattern.java.lang.String,Pattern]; arguments [org.springframework.context.support.DefaultMessageSourceResolvable: codes [patientFormRequest.firstName,firstName]; arguments []; default message [firstName],[Ljakarta.validation.constraints.Pattern$Flag;@7a6cab6f,[A-Z]+]; default message [First name must be uppercase letters only]] ]
2026-05-05T16:45:40.774+03:00 DEBUG 8220 --- [submit-service] [           main] s.w.s.m.m.a.RequestMappingHandlerMapping : Mapped to infrax.teama.submit_service.controller.PatientFormController#submitForm(PatientFormRequest)
2026-05-05T16:45:40.776+03:00 DEBUG 8220 --- [submit-service] [           main] m.m.a.RequestResponseBodyMethodProcessor : Read "application/json" to [PatientFormRequest(firstName=lowercase, lastName=DOE, dateOfBirth=1990-01-15, streetName=MAINSTREET, (truncated)...]
2026-05-05T16:45:40.781+03:00 DEBUG 8220 --- [submit-service] [           main] .m.m.a.ExceptionHandlerExceptionResolver : Using @ExceptionHandler infrax.teama.submit_service.advice.GlobalExceptionHandler#handleValidationException(MethodArgumentNotValidException, WebRequest)
2026-05-05T16:45:40.782+03:00  WARN 8220 --- [submit-service] [           main] i.t.s.advice.GlobalExceptionHandler      : Validation error occurred: Validation failed for argument [0] in public org.springframework.http.ResponseEntity<infrax.teama.submit_service.dto.PatientFormResponseDto> infrax.teama.submit_service.controller.PatientFormController.submitForm(infrax.teama.submit_service.dto.PatientFormRequest): [Field error in object 'patientFormRequest' on field 'firstName': rejected value [lowercase]; codes [Pattern.patientFormRequest.firstName,Pattern.firstName,Pattern.java.lang.String,Pattern]; arguments [org.springframework.context.support.DefaultMessageSourceResolvable: codes [patientFormRequest.firstName,firstName]; arguments []; default message [firstName],[Ljakarta.validation.constraints.Pattern$Flag;@7a6cab6f,[A-Z]+]; default message [First name must be uppercase letters only]] 
2026-05-05T16:45:40.788+03:00 DEBUG 8220 --- [submit-service] [           main] o.s.w.s.m.m.a.HttpEntityMethodProcessor  : Using 'application/json', given [*/*] and supported [application/json, application/*+json]
2026-05-05T16:45:40.795+03:00 DEBUG 8220 --- [submit-service] [           main] o.s.w.s.m.m.a.HttpEntityMethodProcessor  : Writing [{path=/api/submit/forms, message=Validation failed, errors={firstName=First name must be uppercase l (truncated)...]
2026-05-05T16:45:40.804+03:00 DEBUG 8220 --- [submit-service] [           main] .m.m.a.ExceptionHandlerExceptionResolver : Resolved [org.springframework.web.bind.MethodArgumentNotValidException: Validation failed for argument [0] in public org.springframework.http.ResponseEntity<infrax.teama.submit_service.dto.PatientFormResponseDto> infrax.teama.submit_service.controller.PatientFormController.submitForm(infrax.teama.submit_service.dto.PatientFormRequest): [Field error in object 'patientFormRequest' on field 'firstName': rejected value [lowercase]; codes [Pattern.patientFormRequest.firstName,Pattern.firstName,Pattern.java.lang.String,Pattern]; arguments [org.springframework.context.support.DefaultMessageSourceResolvable: codes [patientFormRequest.firstName,firstName]; arguments []; default message [firstName],[Ljakarta.validation.constraints.Pattern$Flag;@7a6cab6f,[A-Z]+]; default message [First name must be uppercase letters only]] ]
2026-05-05T16:45:40.831+03:00 DEBUG 8220 --- [submit-service] [           main] s.w.s.m.m.a.RequestMappingHandlerMapping : Mapped to infrax.teama.submit_service.controller.PatientFormController#submitForm(PatientFormRequest)
2026-05-05T16:45:40.838+03:00 DEBUG 8220 --- [submit-service] [           main] m.m.a.RequestResponseBodyMethodProcessor : Read "application/json" to [PatientFormRequest(firstName=lowercase, lastName=DOE, dateOfBirth=1990-01-15, streetName=MAINSTREET, (truncated)...]
2026-05-05T16:45:40.842+03:00 DEBUG 8220 --- [submit-service] [           main] .m.m.a.ExceptionHandlerExceptionResolver : Using @ExceptionHandler infrax.teama.submit_service.advice.GlobalExceptionHandler#handleValidationException(MethodArgumentNotValidException, WebRequest)
2026-05-05T16:45:40.843+03:00  WARN 8220 --- [submit-service] [           main] i.t.s.advice.GlobalExceptionHandler      : Validation error occurred: Validation failed for argument [0] in public org.springframework.http.ResponseEntity<infrax.teama.submit_service.dto.PatientFormResponseDto> infrax.teama.submit_service.controller.PatientFormController.submitForm(infrax.teama.submit_service.dto.PatientFormRequest): [Field error in object 'patientFormRequest' on field 'firstName': rejected value [lowercase]; codes [Pattern.patientFormRequest.firstName,Pattern.firstName,Pattern.java.lang.String,Pattern]; arguments [org.springframework.context.support.DefaultMessageSourceResolvable: codes [patientFormRequest.firstName,firstName]; arguments []; default message [firstName],[Ljakarta.validation.constraints.Pattern$Flag;@7a6cab6f,[A-Z]+]; default message [First name must be uppercase letters only]] 
2026-05-05T16:45:40.845+03:00 DEBUG 8220 --- [submit-service] [           main] o.s.w.s.m.m.a.HttpEntityMethodProcessor  : Using 'application/json', given [*/*] and supported [application/json, application/*+json]
2026-05-05T16:45:40.845+03:00 DEBUG 8220 --- [submit-service] [           main] o.s.w.s.m.m.a.HttpEntityMethodProcessor  : Writing [{path=/api/submit/forms, message=Validation failed, errors={firstName=First name must be uppercase l (truncated)...]
2026-05-05T16:45:40.872+03:00 DEBUG 8220 --- [submit-service] [           main] .m.m.a.ExceptionHandlerExceptionResolver : Resolved [org.springframework.web.bind.MethodArgumentNotValidException: Validation failed for argument [0] in public org.springframework.http.ResponseEntity<infrax.teama.submit_service.dto.PatientFormResponseDto> infrax.teama.submit_service.controller.PatientFormController.submitForm(infrax.teama.submit_service.dto.PatientFormRequest): [Field error in object 'patientFormRequest' on field 'firstName': rejected value [lowercase]; codes [Pattern.patientFormRequest.firstName,Pattern.firstName,Pattern.java.lang.String,Pattern]; arguments [org.springframework.context.support.DefaultMessageSourceResolvable: codes [patientFormRequest.firstName,firstName]; arguments []; default message [firstName],[Ljakarta.validation.constraints.Pattern$Flag;@7a6cab6f,[A-Z]+]; default message [First name must be uppercase letters only]] ]
2026-05-05T16:45:40.915+03:00 DEBUG 8220 --- [submit-service] [           main] s.w.s.m.m.a.RequestMappingHandlerMapping : Mapped to infrax.teama.submit_service.controller.PatientFormController#submitForm(PatientFormRequest)
2026-05-05T16:45:40.925+03:00 DEBUG 8220 --- [submit-service] [           main] m.m.a.RequestResponseBodyMethodProcessor : Read "application/json" to [PatientFormRequest(firstName=lowercase, lastName=DOE, dateOfBirth=1990-01-15, streetName=MAINSTREET, (truncated)...]
2026-05-05T16:45:40.929+03:00 DEBUG 8220 --- [submit-service] [           main] .m.m.a.ExceptionHandlerExceptionResolver : Using @ExceptionHandler infrax.teama.submit_service.advice.GlobalExceptionHandler#handleValidationException(MethodArgumentNotValidException, WebRequest)
2026-05-05T16:45:40.930+03:00  WARN 8220 --- [submit-service] [           main] i.t.s.advice.GlobalExceptionHandler      : Validation error occurred: Validation failed for argument [0] in public org.springframework.http.ResponseEntity<infrax.teama.submit_service.dto.PatientFormResponseDto> infrax.teama.submit_service.controller.PatientFormController.submitForm(infrax.teama.submit_service.dto.PatientFormRequest): [Field error in object 'patientFormRequest' on field 'firstName': rejected value [lowercase]; codes [Pattern.patientFormRequest.firstName,Pattern.firstName,Pattern.java.lang.String,Pattern]; arguments [org.springframework.context.support.DefaultMessageSourceResolvable: codes [patientFormRequest.firstName,firstName]; arguments []; default message [firstName],[Ljakarta.validation.constraints.Pattern$Flag;@7a6cab6f,[A-Z]+]; default message [First name must be uppercase letters only]] 
2026-05-05T16:45:40.937+03:00 DEBUG 8220 --- [submit-service] [           main] o.s.w.s.m.m.a.HttpEntityMethodProcessor  : Using 'application/json', given [*/*] and supported [application/json, application/*+json]
2026-05-05T16:45:40.941+03:00 DEBUG 8220 --- [submit-service] [           main] o.s.w.s.m.m.a.HttpEntityMethodProcessor  : Writing [{path=/api/submit/forms, message=Validation failed, errors={firstName=First name must be uppercase l (truncated)...]
2026-05-05T16:45:40.942+03:00 DEBUG 8220 --- [submit-service] [           main] .m.m.a.ExceptionHandlerExceptionResolver : Resolved [org.springframework.web.bind.MethodArgumentNotValidException: Validation failed for argument [0] in public org.springframework.http.ResponseEntity<infrax.teama.submit_service.dto.PatientFormResponseDto> infrax.teama.submit_service.controller.PatientFormController.submitForm(infrax.teama.submit_service.dto.PatientFormRequest): [Field error in object 'patientFormRequest' on field 'firstName': rejected value [lowercase]; codes [Pattern.patientFormRequest.firstName,Pattern.firstName,Pattern.java.lang.String,Pattern]; arguments [org.springframework.context.support.DefaultMessageSourceResolvable: codes [patientFormRequest.firstName,firstName]; arguments []; default message [firstName],[Ljakarta.validation.constraints.Pattern$Flag;@7a6cab6f,[A-Z]+]; default message [First name must be uppercase letters only]] ]
2026-05-05T16:45:40.948+03:00 DEBUG 8220 --- [submit-service] [           main] s.w.s.m.m.a.RequestMappingHandlerMapping : Mapped to infrax.teama.submit_service.controller.PatientFormController#submitForm(PatientFormRequest)
2026-05-05T16:45:40.989+03:00 DEBUG 8220 --- [submit-service] [           main] m.m.a.RequestResponseBodyMethodProcessor : Read "application/json" to [PatientFormRequest(firstName=lowercase, lastName=DOE, dateOfBirth=1990-01-15, streetName=MAINSTREET, (truncated)...]
2026-05-05T16:45:40.994+03:00 DEBUG 8220 --- [submit-service] [           main] .m.m.a.ExceptionHandlerExceptionResolver : Using @ExceptionHandler infrax.teama.submit_service.advice.GlobalExceptionHandler#handleValidationException(MethodArgumentNotValidException, WebRequest)
2026-05-05T16:45:41.011+03:00  WARN 8220 --- [submit-service] [           main] i.t.s.advice.GlobalExceptionHandler      : Validation error occurred: Validation failed for argument [0] in public org.springframework.http.ResponseEntity<infrax.teama.submit_service.dto.PatientFormResponseDto> infrax.teama.submit_service.controller.PatientFormController.submitForm(infrax.teama.submit_service.dto.PatientFormRequest): [Field error in object 'patientFormRequest' on field 'firstName': rejected value [lowercase]; codes [Pattern.patientFormRequest.firstName,Pattern.firstName,Pattern.java.lang.String,Pattern]; arguments [org.springframework.context.support.DefaultMessageSourceResolvable: codes [patientFormRequest.firstName,firstName]; arguments []; default message [firstName],[Ljakarta.validation.constraints.Pattern$Flag;@7a6cab6f,[A-Z]+]; default message [First name must be uppercase letters only]] 
2026-05-05T16:45:41.012+03:00 DEBUG 8220 --- [submit-service] [           main] o.s.w.s.m.m.a.HttpEntityMethodProcessor  : Using 'application/json', given [*/*] and supported [application/json, application/*+json]
2026-05-05T16:45:41.016+03:00 DEBUG 8220 --- [submit-service] [           main] o.s.w.s.m.m.a.HttpEntityMethodProcessor  : Writing [{path=/api/submit/forms, message=Validation failed, errors={firstName=First name must be uppercase l (truncated)...]
2026-05-05T16:45:41.022+03:00 DEBUG 8220 --- [submit-service] [           main] .m.m.a.ExceptionHandlerExceptionResolver : Resolved [org.springframework.web.bind.MethodArgumentNotValidException: Validation failed for argument [0] in public org.springframework.http.ResponseEntity<infrax.teama.submit_service.dto.PatientFormResponseDto> infrax.teama.submit_service.controller.PatientFormController.submitForm(infrax.teama.submit_service.dto.PatientFormRequest): [Field error in object 'patientFormRequest' on field 'firstName': rejected value [lowercase]; codes [Pattern.patientFormRequest.firstName,Pattern.firstName,Pattern.java.lang.String,Pattern]; arguments [org.springframework.context.support.DefaultMessageSourceResolvable: codes [patientFormRequest.firstName,firstName]; arguments []; default message [firstName],[Ljakarta.validation.constraints.Pattern$Flag;@7a6cab6f,[A-Z]+]; default message [First name must be uppercase letters only]] ]
2026-05-05T16:45:41.057+03:00 DEBUG 8220 --- [submit-service] [           main] s.w.s.m.m.a.RequestMappingHandlerMapping : Mapped to infrax.teama.submit_service.controller.PatientFormController#submitForm(PatientFormRequest)
2026-05-05T16:45:41.070+03:00 DEBUG 8220 --- [submit-service] [           main] m.m.a.RequestResponseBodyMethodProcessor : Read "application/json" to [PatientFormRequest(firstName=lowercase, lastName=DOE, dateOfBirth=1990-01-15, streetName=MAINSTREET, (truncated)...]
2026-05-05T16:45:41.073+03:00 DEBUG 8220 --- [submit-service] [           main] .m.m.a.ExceptionHandlerExceptionResolver : Using @ExceptionHandler infrax.teama.submit_service.advice.GlobalExceptionHandler#handleValidationException(MethodArgumentNotValidException, WebRequest)
2026-05-05T16:45:41.074+03:00  WARN 8220 --- [submit-service] [           main] i.t.s.advice.GlobalExceptionHandler      : Validation error occurred: Validation failed for argument [0] in public org.springframework.http.ResponseEntity<infrax.teama.submit_service.dto.PatientFormResponseDto> infrax.teama.submit_service.controller.PatientFormController.submitForm(infrax.teama.submit_service.dto.PatientFormRequest): [Field error in object 'patientFormRequest' on field 'firstName': rejected value [lowercase]; codes [Pattern.patientFormRequest.firstName,Pattern.firstName,Pattern.java.lang.String,Pattern]; arguments [org.springframework.context.support.DefaultMessageSourceResolvable: codes [patientFormRequest.firstName,firstName]; arguments []; default message [firstName],[Ljakarta.validation.constraints.Pattern$Flag;@7a6cab6f,[A-Z]+]; default message [First name must be uppercase letters only]] 
2026-05-05T16:45:41.074+03:00 DEBUG 8220 --- [submit-service] [           main] o.s.w.s.m.m.a.HttpEntityMethodProcessor  : Using 'application/json', given [*/*] and supported [application/json, application/*+json]
2026-05-05T16:45:41.075+03:00 DEBUG 8220 --- [submit-service] [           main] o.s.w.s.m.m.a.HttpEntityMethodProcessor  : Writing [{path=/api/submit/forms, message=Validation failed, errors={firstName=First name must be uppercase l (truncated)...]
2026-05-05T16:45:41.078+03:00 DEBUG 8220 --- [submit-service] [           main] .m.m.a.ExceptionHandlerExceptionResolver : Resolved [org.springframework.web.bind.MethodArgumentNotValidException: Validation failed for argument [0] in public org.springframework.http.ResponseEntity<infrax.teama.submit_service.dto.PatientFormResponseDto> infrax.teama.submit_service.controller.PatientFormController.submitForm(infrax.teama.submit_service.dto.PatientFormRequest): [Field error in object 'patientFormRequest' on field 'firstName': rejected value [lowercase]; codes [Pattern.patientFormRequest.firstName,Pattern.firstName,Pattern.java.lang.String,Pattern]; arguments [org.springframework.context.support.DefaultMessageSourceResolvable: codes [patientFormRequest.firstName,firstName]; arguments []; default message [firstName],[Ljakarta.validation.constraints.Pattern$Flag;@7a6cab6f,[A-Z]+]; default message [First name must be uppercase letters only]] ]
2026-05-05T16:45:41.079+03:00 DEBUG 8220 --- [submit-service] [           main] s.w.s.m.m.a.RequestMappingHandlerMapping : Mapped to infrax.teama.submit_service.controller.PatientFormController#submitForm(PatientFormRequest)
2026-05-05T16:45:41.083+03:00 DEBUG 8220 --- [submit-service] [           main] m.m.a.RequestResponseBodyMethodProcessor : Read "application/json" to [PatientFormRequest(firstName=lowercase, lastName=DOE, dateOfBirth=1990-01-15, streetName=MAINSTREET, (truncated)...]
2026-05-05T16:45:41.105+03:00 DEBUG 8220 --- [submit-service] [           main] .m.m.a.ExceptionHandlerExceptionResolver : Using @ExceptionHandler infrax.teama.submit_service.advice.GlobalExceptionHandler#handleValidationException(MethodArgumentNotValidException, WebRequest)
2026-05-05T16:45:41.106+03:00  WARN 8220 --- [submit-service] [           main] i.t.s.advice.GlobalExceptionHandler      : Validation error occurred: Validation failed for argument [0] in public org.springframework.http.ResponseEntity<infrax.teama.submit_service.dto.PatientFormResponseDto> infrax.teama.submit_service.controller.PatientFormController.submitForm(infrax.teama.submit_service.dto.PatientFormRequest): [Field error in object 'patientFormRequest' on field 'firstName': rejected value [lowercase]; codes [Pattern.patientFormRequest.firstName,Pattern.firstName,Pattern.java.lang.String,Pattern]; arguments [org.springframework.context.support.DefaultMessageSourceResolvable: codes [patientFormRequest.firstName,firstName]; arguments []; default message [firstName],[Ljakarta.validation.constraints.Pattern$Flag;@7a6cab6f,[A-Z]+]; default message [First name must be uppercase letters only]] 
2026-05-05T16:45:41.107+03:00 DEBUG 8220 --- [submit-service] [           main] o.s.w.s.m.m.a.HttpEntityMethodProcessor  : Using 'application/json', given [*/*] and supported [application/json, application/*+json]
2026-05-05T16:45:41.108+03:00 DEBUG 8220 --- [submit-service] [           main] o.s.w.s.m.m.a.HttpEntityMethodProcessor  : Writing [{path=/api/submit/forms, message=Validation failed, errors={firstName=First name must be uppercase l (truncated)...]
2026-05-05T16:45:41.109+03:00 DEBUG 8220 --- [submit-service] [           main] .m.m.a.ExceptionHandlerExceptionResolver : Resolved [org.springframework.web.bind.MethodArgumentNotValidException: Validation failed for argument [0] in public org.springframework.http.ResponseEntity<infrax.teama.submit_service.dto.PatientFormResponseDto> infrax.teama.submit_service.controller.PatientFormController.submitForm(infrax.teama.submit_service.dto.PatientFormRequest): [Field error in object 'patientFormRequest' on field 'firstName': rejected value [lowercase]; codes [Pattern.patientFormRequest.firstName,Pattern.firstName,Pattern.java.lang.String,Pattern]; arguments [org.springframework.context.support.DefaultMessageSourceResolvable: codes [patientFormRequest.firstName,firstName]; arguments []; default message [firstName],[Ljakarta.validation.constraints.Pattern$Flag;@7a6cab6f,[A-Z]+]; default message [First name must be uppercase letters only]] ]
2026-05-05T16:45:41.112+03:00 DEBUG 8220 --- [submit-service] [           main] s.w.s.m.m.a.RequestMappingHandlerMapping : Mapped to infrax.teama.submit_service.controller.PatientFormController#submitForm(PatientFormRequest)
2026-05-05T16:45:41.115+03:00 DEBUG 8220 --- [submit-service] [           main] m.m.a.RequestResponseBodyMethodProcessor : Read "application/json" to [PatientFormRequest(firstName=lowercase, lastName=DOE, dateOfBirth=1990-01-15, streetName=MAINSTREET, (truncated)...]
2026-05-05T16:45:41.123+03:00 DEBUG 8220 --- [submit-service] [           main] .m.m.a.ExceptionHandlerExceptionResolver : Using @ExceptionHandler infrax.teama.submit_service.advice.GlobalExceptionHandler#handleValidationException(MethodArgumentNotValidException, WebRequest)
2026-05-05T16:45:41.124+03:00  WARN 8220 --- [submit-service] [           main] i.t.s.advice.GlobalExceptionHandler      : Validation error occurred: Validation failed for argument [0] in public org.springframework.http.ResponseEntity<infrax.teama.submit_service.dto.PatientFormResponseDto> infrax.teama.submit_service.controller.PatientFormController.submitForm(infrax.teama.submit_service.dto.PatientFormRequest): [Field error in object 'patientFormRequest' on field 'firstName': rejected value [lowercase]; codes [Pattern.patientFormRequest.firstName,Pattern.firstName,Pattern.java.lang.String,Pattern]; arguments [org.springframework.context.support.DefaultMessageSourceResolvable: codes [patientFormRequest.firstName,firstName]; arguments []; default message [firstName],[Ljakarta.validation.constraints.Pattern$Flag;@7a6cab6f,[A-Z]+]; default message [First name must be uppercase letters only]] 
2026-05-05T16:45:41.211+03:00 DEBUG 8220 --- [submit-service] [           main] o.s.w.s.m.m.a.HttpEntityMethodProcessor  : Using 'application/json', given [*/*] and supported [application/json, application/*+json]
2026-05-05T16:45:41.265+03:00 DEBUG 8220 --- [submit-service] [           main] o.s.w.s.m.m.a.HttpEntityMethodProcessor  : Writing [{path=/api/submit/forms, message=Validation failed, errors={firstName=First name must be uppercase l (truncated)...]
2026-05-05T16:45:41.267+03:00 DEBUG 8220 --- [submit-service] [           main] .m.m.a.ExceptionHandlerExceptionResolver : Resolved [org.springframework.web.bind.MethodArgumentNotValidException: Validation failed for argument [0] in public org.springframework.http.ResponseEntity<infrax.teama.submit_service.dto.PatientFormResponseDto> infrax.teama.submit_service.controller.PatientFormController.submitForm(infrax.teama.submit_service.dto.PatientFormRequest): [Field error in object 'patientFormRequest' on field 'firstName': rejected value [lowercase]; codes [Pattern.patientFormRequest.firstName,Pattern.firstName,Pattern.java.lang.String,Pattern]; arguments [org.springframework.context.support.DefaultMessageSourceResolvable: codes [patientFormRequest.firstName,firstName]; arguments []; default message [firstName],[Ljakarta.validation.constraints.Pattern$Flag;@7a6cab6f,[A-Z]+]; default message [First name must be uppercase letters only]] ]
2026-05-05T16:45:41.275+03:00 DEBUG 8220 --- [submit-service] [           main] s.w.s.m.m.a.RequestMappingHandlerMapping : Mapped to infrax.teama.submit_service.controller.PatientFormController#submitForm(PatientFormRequest)
2026-05-05T16:45:41.281+03:00 DEBUG 8220 --- [submit-service] [           main] m.m.a.RequestResponseBodyMethodProcessor : Read "application/json" to [PatientFormRequest(firstName=lowercase, lastName=DOE, dateOfBirth=1990-01-15, streetName=MAINSTREET, (truncated)...]
2026-05-05T16:45:41.288+03:00 DEBUG 8220 --- [submit-service] [           main] .m.m.a.ExceptionHandlerExceptionResolver : Using @ExceptionHandler infrax.teama.submit_service.advice.GlobalExceptionHandler#handleValidationException(MethodArgumentNotValidException, WebRequest)
2026-05-05T16:45:41.289+03:00  WARN 8220 --- [submit-service] [           main] i.t.s.advice.GlobalExceptionHandler      : Validation error occurred: Validation failed for argument [0] in public org.springframework.http.ResponseEntity<infrax.teama.submit_service.dto.PatientFormResponseDto> infrax.teama.submit_service.controller.PatientFormController.submitForm(infrax.teama.submit_service.dto.PatientFormRequest): [Field error in object 'patientFormRequest' on field 'firstName': rejected value [lowercase]; codes [Pattern.patientFormRequest.firstName,Pattern.firstName,Pattern.java.lang.String,Pattern]; arguments [org.springframework.context.support.DefaultMessageSourceResolvable: codes [patientFormRequest.firstName,firstName]; arguments []; default message [firstName],[Ljakarta.validation.constraints.Pattern$Flag;@7a6cab6f,[A-Z]+]; default message [First name must be uppercase letters only]] 
2026-05-05T16:45:41.290+03:00 DEBUG 8220 --- [submit-service] [           main] o.s.w.s.m.m.a.HttpEntityMethodProcessor  : Using 'application/json', given [*/*] and supported [application/json, application/*+json]
2026-05-05T16:45:41.290+03:00 DEBUG 8220 --- [submit-service] [           main] o.s.w.s.m.m.a.HttpEntityMethodProcessor  : Writing [{path=/api/submit/forms, message=Validation failed, errors={firstName=First name must be uppercase l (truncated)...]
2026-05-05T16:45:41.292+03:00 DEBUG 8220 --- [submit-service] [           main] .m.m.a.ExceptionHandlerExceptionResolver : Resolved [org.springframework.web.bind.MethodArgumentNotValidException: Validation failed for argument [0] in public org.springframework.http.ResponseEntity<infrax.teama.submit_service.dto.PatientFormResponseDto> infrax.teama.submit_service.controller.PatientFormController.submitForm(infrax.teama.submit_service.dto.PatientFormRequest): [Field error in object 'patientFormRequest' on field 'firstName': rejected value [lowercase]; codes [Pattern.patientFormRequest.firstName,Pattern.firstName,Pattern.java.lang.String,Pattern]; arguments [org.springframework.context.support.DefaultMessageSourceResolvable: codes [patientFormRequest.firstName,firstName]; arguments []; default message [firstName],[Ljakarta.validation.constraints.Pattern$Flag;@7a6cab6f,[A-Z]+]; default message [First name must be uppercase letters only]] ]
2026-05-05T16:45:41.297+03:00 DEBUG 8220 --- [submit-service] [           main] s.w.s.m.m.a.RequestMappingHandlerMapping : Mapped to infrax.teama.submit_service.controller.PatientFormController#submitForm(PatientFormRequest)
2026-05-05T16:45:41.302+03:00 DEBUG 8220 --- [submit-service] [           main] m.m.a.RequestResponseBodyMethodProcessor : Read "application/json" to [PatientFormRequest(firstName=lowercase, lastName=DOE, dateOfBirth=1990-01-15, streetName=MAINSTREET, (truncated)...]
2026-05-05T16:45:41.308+03:00 DEBUG 8220 --- [submit-service] [           main] .m.m.a.ExceptionHandlerExceptionResolver : Using @ExceptionHandler infrax.teama.submit_service.advice.GlobalExceptionHandler#handleValidationException(MethodArgumentNotValidException, WebRequest)
2026-05-05T16:45:41.308+03:00  WARN 8220 --- [submit-service] [           main] i.t.s.advice.GlobalExceptionHandler      : Validation error occurred: Validation failed for argument [0] in public org.springframework.http.ResponseEntity<infrax.teama.submit_service.dto.PatientFormResponseDto> infrax.teama.submit_service.controller.PatientFormController.submitForm(infrax.teama.submit_service.dto.PatientFormRequest): [Field error in object 'patientFormRequest' on field 'firstName': rejected value [lowercase]; codes [Pattern.patientFormRequest.firstName,Pattern.firstName,Pattern.java.lang.String,Pattern]; arguments [org.springframework.context.support.DefaultMessageSourceResolvable: codes [patientFormRequest.firstName,firstName]; arguments []; default message [firstName],[Ljakarta.validation.constraints.Pattern$Flag;@7a6cab6f,[A-Z]+]; default message [First name must be uppercase letters only]] 
2026-05-05T16:45:41.308+03:00 DEBUG 8220 --- [submit-service] [           main] o.s.w.s.m.m.a.HttpEntityMethodProcessor  : Using 'application/json', given [*/*] and supported [application/json, application/*+json]
2026-05-05T16:45:41.308+03:00 DEBUG 8220 --- [submit-service] [           main] o.s.w.s.m.m.a.HttpEntityMethodProcessor  : Writing [{path=/api/submit/forms, message=Validation failed, errors={firstName=First name must be uppercase l (truncated)...]
2026-05-05T16:45:41.310+03:00 DEBUG 8220 --- [submit-service] [           main] .m.m.a.ExceptionHandlerExceptionResolver : Resolved [org.springframework.web.bind.MethodArgumentNotValidException: Validation failed for argument [0] in public org.springframework.http.ResponseEntity<infrax.teama.submit_service.dto.PatientFormResponseDto> infrax.teama.submit_service.controller.PatientFormController.submitForm(infrax.teama.submit_service.dto.PatientFormRequest): [Field error in object 'patientFormRequest' on field 'firstName': rejected value [lowercase]; codes [Pattern.patientFormRequest.firstName,Pattern.firstName,Pattern.java.lang.String,Pattern]; arguments [org.springframework.context.support.DefaultMessageSourceResolvable: codes [patientFormRequest.firstName,firstName]; arguments []; default message [firstName],[Ljakarta.validation.constraints.Pattern$Flag;@7a6cab6f,[A-Z]+]; default message [First name must be uppercase letters only]] ]
2026-05-05T16:45:41.314+03:00 DEBUG 8220 --- [submit-service] [           main] s.w.s.m.m.a.RequestMappingHandlerMapping : Mapped to infrax.teama.submit_service.controller.PatientFormController#submitForm(PatientFormRequest)
2026-05-05T16:45:41.315+03:00 DEBUG 8220 --- [submit-service] [           main] m.m.a.RequestResponseBodyMethodProcessor : Read "application/json" to [PatientFormRequest(firstName=lowercase, lastName=DOE, dateOfBirth=1990-01-15, streetName=MAINSTREET, (truncated)...]
2026-05-05T16:45:41.320+03:00 DEBUG 8220 --- [submit-service] [           main] .m.m.a.ExceptionHandlerExceptionResolver : Using @ExceptionHandler infrax.teama.submit_service.advice.GlobalExceptionHandler#handleValidationException(MethodArgumentNotValidException, WebRequest)
2026-05-05T16:45:41.320+03:00  WARN 8220 --- [submit-service] [           main] i.t.s.advice.GlobalExceptionHandler      : Validation error occurred: Validation failed for argument [0] in public org.springframework.http.ResponseEntity<infrax.teama.submit_service.dto.PatientFormResponseDto> infrax.teama.submit_service.controller.PatientFormController.submitForm(infrax.teama.submit_service.dto.PatientFormRequest): [Field error in object 'patientFormRequest' on field 'firstName': rejected value [lowercase]; codes [Pattern.patientFormRequest.firstName,Pattern.firstName,Pattern.java.lang.String,Pattern]; arguments [org.springframework.context.support.DefaultMessageSourceResolvable: codes [patientFormRequest.firstName,firstName]; arguments []; default message [firstName],[Ljakarta.validation.constraints.Pattern$Flag;@7a6cab6f,[A-Z]+]; default message [First name must be uppercase letters only]] 
2026-05-05T16:45:41.321+03:00 DEBUG 8220 --- [submit-service] [           main] o.s.w.s.m.m.a.HttpEntityMethodProcessor  : Using 'application/json', given [*/*] and supported [application/json, application/*+json]
2026-05-05T16:45:41.321+03:00 DEBUG 8220 --- [submit-service] [           main] o.s.w.s.m.m.a.HttpEntityMethodProcessor  : Writing [{path=/api/submit/forms, message=Validation failed, errors={firstName=First name must be uppercase l (truncated)...]
2026-05-05T16:45:41.322+03:00 DEBUG 8220 --- [submit-service] [           main] .m.m.a.ExceptionHandlerExceptionResolver : Resolved [org.springframework.web.bind.MethodArgumentNotValidException: Validation failed for argument [0] in public org.springframework.http.ResponseEntity<infrax.teama.submit_service.dto.PatientFormResponseDto> infrax.teama.submit_service.controller.PatientFormController.submitForm(infrax.teama.submit_service.dto.PatientFormRequest): [Field error in object 'patientFormRequest' on field 'firstName': rejected value [lowercase]; codes [Pattern.patientFormRequest.firstName,Pattern.firstName,Pattern.java.lang.String,Pattern]; arguments [org.springframework.context.support.DefaultMessageSourceResolvable: codes [patientFormRequest.firstName,firstName]; arguments []; default message [firstName],[Ljakarta.validation.constraints.Pattern$Flag;@7a6cab6f,[A-Z]+]; default message [First name must be uppercase letters only]] ]
2026-05-05T16:45:41.324+03:00 DEBUG 8220 --- [submit-service] [           main] s.w.s.m.m.a.RequestMappingHandlerMapping : Mapped to infrax.teama.submit_service.controller.PatientFormController#submitForm(PatientFormRequest)
2026-05-05T16:45:41.327+03:00 DEBUG 8220 --- [submit-service] [           main] m.m.a.RequestResponseBodyMethodProcessor : Read "application/json" to [PatientFormRequest(firstName=lowercase, lastName=DOE, dateOfBirth=1990-01-15, streetName=MAINSTREET, (truncated)...]
2026-05-05T16:45:41.331+03:00 DEBUG 8220 --- [submit-service] [           main] .m.m.a.ExceptionHandlerExceptionResolver : Using @ExceptionHandler infrax.teama.submit_service.advice.GlobalExceptionHandler#handleValidationException(MethodArgumentNotValidException, WebRequest)
2026-05-05T16:45:41.332+03:00  WARN 8220 --- [submit-service] [           main] i.t.s.advice.GlobalExceptionHandler      : Validation error occurred: Validation failed for argument [0] in public org.springframework.http.ResponseEntity<infrax.teama.submit_service.dto.PatientFormResponseDto> infrax.teama.submit_service.controller.PatientFormController.submitForm(infrax.teama.submit_service.dto.PatientFormRequest): [Field error in object 'patientFormRequest' on field 'firstName': rejected value [lowercase]; codes [Pattern.patientFormRequest.firstName,Pattern.firstName,Pattern.java.lang.String,Pattern]; arguments [org.springframework.context.support.DefaultMessageSourceResolvable: codes [patientFormRequest.firstName,firstName]; arguments []; default message [firstName],[Ljakarta.validation.constraints.Pattern$Flag;@7a6cab6f,[A-Z]+]; default message [First name must be uppercase letters only]] 
2026-05-05T16:45:41.333+03:00 DEBUG 8220 --- [submit-service] [           main] o.s.w.s.m.m.a.HttpEntityMethodProcessor  : Using 'application/json', given [*/*] and supported [application/json, application/*+json]
2026-05-05T16:45:41.435+03:00 DEBUG 8220 --- [submit-service] [           main] o.s.w.s.m.m.a.HttpEntityMethodProcessor  : Writing [{path=/api/submit/forms, message=Validation failed, errors={firstName=First name must be uppercase l (truncated)...]
2026-05-05T16:45:41.447+03:00 DEBUG 8220 --- [submit-service] [           main] .m.m.a.ExceptionHandlerExceptionResolver : Resolved [org.springframework.web.bind.MethodArgumentNotValidException: Validation failed for argument [0] in public org.springframework.http.ResponseEntity<infrax.teama.submit_service.dto.PatientFormResponseDto> infrax.teama.submit_service.controller.PatientFormController.submitForm(infrax.teama.submit_service.dto.PatientFormRequest): [Field error in object 'patientFormRequest' on field 'firstName': rejected value [lowercase]; codes [Pattern.patientFormRequest.firstName,Pattern.firstName,Pattern.java.lang.String,Pattern]; arguments [org.springframework.context.support.DefaultMessageSourceResolvable: codes [patientFormRequest.firstName,firstName]; arguments []; default message [firstName],[Ljakarta.validation.constraints.Pattern$Flag;@7a6cab6f,[A-Z]+]; default message [First name must be uppercase letters only]] ]
2026-05-05T16:45:41.448+03:00 DEBUG 8220 --- [submit-service] [           main] s.w.s.m.m.a.RequestMappingHandlerMapping : Mapped to infrax.teama.submit_service.controller.PatientFormController#submitForm(PatientFormRequest)
2026-05-05T16:45:41.449+03:00 DEBUG 8220 --- [submit-service] [           main] m.m.a.RequestResponseBodyMethodProcessor : Read "application/json" to [PatientFormRequest(firstName=lowercase, lastName=DOE, dateOfBirth=1990-01-15, streetName=MAINSTREET, (truncated)...]
2026-05-05T16:45:41.452+03:00 DEBUG 8220 --- [submit-service] [           main] .m.m.a.ExceptionHandlerExceptionResolver : Using @ExceptionHandler infrax.teama.submit_service.advice.GlobalExceptionHandler#handleValidationException(MethodArgumentNotValidException, WebRequest)
2026-05-05T16:45:41.453+03:00  WARN 8220 --- [submit-service] [           main] i.t.s.advice.GlobalExceptionHandler      : Validation error occurred: Validation failed for argument [0] in public org.springframework.http.ResponseEntity<infrax.teama.submit_service.dto.PatientFormResponseDto> infrax.teama.submit_service.controller.PatientFormController.submitForm(infrax.teama.submit_service.dto.PatientFormRequest): [Field error in object 'patientFormRequest' on field 'firstName': rejected value [lowercase]; codes [Pattern.patientFormRequest.firstName,Pattern.firstName,Pattern.java.lang.String,Pattern]; arguments [org.springframework.context.support.DefaultMessageSourceResolvable: codes [patientFormRequest.firstName,firstName]; arguments []; default message [firstName],[Ljakarta.validation.constraints.Pattern$Flag;@7a6cab6f,[A-Z]+]; default message [First name must be uppercase letters only]] 
2026-05-05T16:45:41.456+03:00 DEBUG 8220 --- [submit-service] [           main] o.s.w.s.m.m.a.HttpEntityMethodProcessor  : Using 'application/json', given [*/*] and supported [application/json, application/*+json]
2026-05-05T16:45:41.462+03:00 DEBUG 8220 --- [submit-service] [           main] o.s.w.s.m.m.a.HttpEntityMethodProcessor  : Writing [{path=/api/submit/forms, message=Validation failed, errors={firstName=First name must be uppercase l (truncated)...]
2026-05-05T16:45:41.465+03:00 DEBUG 8220 --- [submit-service] [           main] .m.m.a.ExceptionHandlerExceptionResolver : Resolved [org.springframework.web.bind.MethodArgumentNotValidException: Validation failed for argument [0] in public org.springframework.http.ResponseEntity<infrax.teama.submit_service.dto.PatientFormResponseDto> infrax.teama.submit_service.controller.PatientFormController.submitForm(infrax.teama.submit_service.dto.PatientFormRequest): [Field error in object 'patientFormRequest' on field 'firstName': rejected value [lowercase]; codes [Pattern.patientFormRequest.firstName,Pattern.firstName,Pattern.java.lang.String,Pattern]; arguments [org.springframework.context.support.DefaultMessageSourceResolvable: codes [patientFormRequest.firstName,firstName]; arguments []; default message [firstName],[Ljakarta.validation.constraints.Pattern$Flag;@7a6cab6f,[A-Z]+]; default message [First name must be uppercase letters only]] ]
2026-05-05T16:45:41.468+03:00 DEBUG 8220 --- [submit-service] [           main] s.w.s.m.m.a.RequestMappingHandlerMapping : Mapped to infrax.teama.submit_service.controller.PatientFormController#submitForm(PatientFormRequest)
2026-05-05T16:45:41.472+03:00 DEBUG 8220 --- [submit-service] [           main] m.m.a.RequestResponseBodyMethodProcessor : Read "application/json" to [PatientFormRequest(firstName=lowercase, lastName=DOE, dateOfBirth=1990-01-15, streetName=MAINSTREET, (truncated)...]
2026-05-05T16:45:41.487+03:00 DEBUG 8220 --- [submit-service] [           main] .m.m.a.ExceptionHandlerExceptionResolver : Using @ExceptionHandler infrax.teama.submit_service.advice.GlobalExceptionHandler#handleValidationException(MethodArgumentNotValidException, WebRequest)
2026-05-05T16:45:41.487+03:00  WARN 8220 --- [submit-service] [           main] i.t.s.advice.GlobalExceptionHandler      : Validation error occurred: Validation failed for argument [0] in public org.springframework.http.ResponseEntity<infrax.teama.submit_service.dto.PatientFormResponseDto> infrax.teama.submit_service.controller.PatientFormController.submitForm(infrax.teama.submit_service.dto.PatientFormRequest): [Field error in object 'patientFormRequest' on field 'firstName': rejected value [lowercase]; codes [Pattern.patientFormRequest.firstName,Pattern.firstName,Pattern.java.lang.String,Pattern]; arguments [org.springframework.context.support.DefaultMessageSourceResolvable: codes [patientFormRequest.firstName,firstName]; arguments []; default message [firstName],[Ljakarta.validation.constraints.Pattern$Flag;@7a6cab6f,[A-Z]+]; default message [First name must be uppercase letters only]] 
2026-05-05T16:45:41.489+03:00 DEBUG 8220 --- [submit-service] [           main] o.s.w.s.m.m.a.HttpEntityMethodProcessor  : Using 'application/json', given [*/*] and supported [application/json, application/*+json]
2026-05-05T16:45:41.497+03:00 DEBUG 8220 --- [submit-service] [           main] o.s.w.s.m.m.a.HttpEntityMethodProcessor  : Writing [{path=/api/submit/forms, message=Validation failed, errors={firstName=First name must be uppercase l (truncated)...]
2026-05-05T16:45:41.498+03:00 DEBUG 8220 --- [submit-service] [           main] .m.m.a.ExceptionHandlerExceptionResolver : Resolved [org.springframework.web.bind.MethodArgumentNotValidException: Validation failed for argument [0] in public org.springframework.http.ResponseEntity<infrax.teama.submit_service.dto.PatientFormResponseDto> infrax.teama.submit_service.controller.PatientFormController.submitForm(infrax.teama.submit_service.dto.PatientFormRequest): [Field error in object 'patientFormRequest' on field 'firstName': rejected value [lowercase]; codes [Pattern.patientFormRequest.firstName,Pattern.firstName,Pattern.java.lang.String,Pattern]; arguments [org.springframework.context.support.DefaultMessageSourceResolvable: codes [patientFormRequest.firstName,firstName]; arguments []; default message [firstName],[Ljakarta.validation.constraints.Pattern$Flag;@7a6cab6f,[A-Z]+]; default message [First name must be uppercase letters only]] ]
2026-05-05T16:45:41.503+03:00 DEBUG 8220 --- [submit-service] [           main] s.w.s.m.m.a.RequestMappingHandlerMapping : Mapped to infrax.teama.submit_service.controller.PatientFormController#submitForm(PatientFormRequest)
2026-05-05T16:45:41.506+03:00 DEBUG 8220 --- [submit-service] [           main] m.m.a.RequestResponseBodyMethodProcessor : Read "application/json" to [PatientFormRequest(firstName=lowercase, lastName=DOE, dateOfBirth=1990-01-15, streetName=MAINSTREET, (truncated)...]
2026-05-05T16:45:41.510+03:00 DEBUG 8220 --- [submit-service] [           main] .m.m.a.ExceptionHandlerExceptionResolver : Using @ExceptionHandler infrax.teama.submit_service.advice.GlobalExceptionHandler#handleValidationException(MethodArgumentNotValidException, WebRequest)
2026-05-05T16:45:41.510+03:00  WARN 8220 --- [submit-service] [           main] i.t.s.advice.GlobalExceptionHandler      : Validation error occurred: Validation failed for argument [0] in public org.springframework.http.ResponseEntity<infrax.teama.submit_service.dto.PatientFormResponseDto> infrax.teama.submit_service.controller.PatientFormController.submitForm(infrax.teama.submit_service.dto.PatientFormRequest): [Field error in object 'patientFormRequest' on field 'firstName': rejected value [lowercase]; codes [Pattern.patientFormRequest.firstName,Pattern.firstName,Pattern.java.lang.String,Pattern]; arguments [org.springframework.context.support.DefaultMessageSourceResolvable: codes [patientFormRequest.firstName,firstName]; arguments []; default message [firstName],[Ljakarta.validation.constraints.Pattern$Flag;@7a6cab6f,[A-Z]+]; default message [First name must be uppercase letters only]] 
2026-05-05T16:45:41.510+03:00 DEBUG 8220 --- [submit-service] [           main] o.s.w.s.m.m.a.HttpEntityMethodProcessor  : Using 'application/json', given [*/*] and supported [application/json, application/*+json]
2026-05-05T16:45:41.511+03:00 DEBUG 8220 --- [submit-service] [           main] o.s.w.s.m.m.a.HttpEntityMethodProcessor  : Writing [{path=/api/submit/forms, message=Validation failed, errors={firstName=First name must be uppercase l (truncated)...]
2026-05-05T16:45:41.511+03:00 DEBUG 8220 --- [submit-service] [           main] .m.m.a.ExceptionHandlerExceptionResolver : Resolved [org.springframework.web.bind.MethodArgumentNotValidException: Validation failed for argument [0] in public org.springframework.http.ResponseEntity<infrax.teama.submit_service.dto.PatientFormResponseDto> infrax.teama.submit_service.controller.PatientFormController.submitForm(infrax.teama.submit_service.dto.PatientFormRequest): [Field error in object 'patientFormRequest' on field 'firstName': rejected value [lowercase]; codes [Pattern.patientFormRequest.firstName,Pattern.firstName,Pattern.java.lang.String,Pattern]; arguments [org.springframework.context.support.DefaultMessageSourceResolvable: codes [patientFormRequest.firstName,firstName]; arguments []; default message [firstName],[Ljakarta.validation.constraints.Pattern$Flag;@7a6cab6f,[A-Z]+]; default message [First name must be uppercase letters only]] ]
]]></system-out>
  </testcase>
  <testcase name="testThroughputPerformance" classname="infrax.teama.submit_service.performance.SubmitServicePerformanceTest" time="10.189">
    <system-out><![CDATA[2026-05-05T16:45:41.526+03:00  INFO 8220 --- [submit-service] [           main] o.s.b.t.m.w.SpringBootMockServletContext : Initializing Spring TestDispatcherServlet ''
2026-05-05T16:45:41.526+03:00  INFO 8220 --- [submit-service] [           main] o.s.t.web.servlet.TestDispatcherServlet  : Initializing Servlet ''
2026-05-05T16:45:41.690+03:00  INFO 8220 --- [submit-service] [           main] o.s.t.web.servlet.TestDispatcherServlet  : Completed initialization in 164 ms
2026-05-05T16:45:41.698+03:00 DEBUG 8220 --- [submit-service] [           main] s.w.s.m.m.a.RequestMappingHandlerMapping : Mapped to infrax.teama.submit_service.controller.PatientFormController#submitForm(PatientFormRequest)
2026-05-05T16:45:41.700+03:00 DEBUG 8220 --- [submit-service] [           main] m.m.a.RequestResponseBodyMethodProcessor : Read "application/json" to [PatientFormRequest(firstName=PERFA, lastName=DOE, dateOfBirth=1990-01-15, streetName=MAINSTREET, str (truncated)...]
2026-05-05T16:45:41.708+03:00  INFO 8220 --- [submit-service] [           main] i.t.s.controller.PatientFormController   : Received form submission request: PatientFormRequest(firstName=PERFA, lastName=DOE, dateOfBirth=1990-01-15, streetName=MAINSTREET, streetNumber=123, city=BERLIN, postalCode=10115, phoneNumber=+49301234567, emailAddress=john.doe@example.com, symptoms=null, otherSymptoms=null, allergies=null, otherAllergies=null, medications=null, otherMedications=null, preExistingConditions=null, otherPreExistingConditions=null, signatureDataUrl=null)
2026-05-05T16:45:41.891+03:00  INFO 8220 --- [submit-service] [           main] i.t.s.service.PatientFormService         : Submitting new form for patient: PERFA DOE
2026-05-05T16:45:42.365+03:00  INFO 8220 --- [submit-service] [           main] i.t.s.controller.PatientFormController   : Form submitted successfully with ID: 588
2026-05-05T16:45:42.365+03:00 DEBUG 8220 --- [submit-service] [           main] o.s.w.s.m.m.a.HttpEntityMethodProcessor  : Using 'application/json', given [*/*] and supported [application/json, application/*+json]
2026-05-05T16:45:42.366+03:00 DEBUG 8220 --- [submit-service] [           main] o.s.w.s.m.m.a.HttpEntityMethodProcessor  : Writing [PatientFormResponseDto(id=588, firstName=PERFA, lastName=DOE, dateOfBirth=1990-01-15, streetName=MAI (truncated)...]
2026-05-05T16:45:42.368+03:00 DEBUG 8220 --- [submit-service] [           main] s.w.s.m.m.a.RequestMappingHandlerMapping : Mapped to infrax.teama.submit_service.controller.PatientFormController#submitForm(PatientFormRequest)
2026-05-05T16:45:42.369+03:00 DEBUG 8220 --- [submit-service] [           main] m.m.a.RequestResponseBodyMethodProcessor : Read "application/json" to [PatientFormRequest(firstName=PERFB, lastName=DOE, dateOfBirth=1990-01-15, streetName=MAINSTREET, str (truncated)...]
2026-05-05T16:45:42.370+03:00  INFO 8220 --- [submit-service] [           main] i.t.s.controller.PatientFormController   : Received form submission request: PatientFormRequest(firstName=PERFB, lastName=DOE, dateOfBirth=1990-01-15, streetName=MAINSTREET, streetNumber=123, city=BERLIN, postalCode=10115, phoneNumber=+49301234567, emailAddress=john.doe@example.com, symptoms=null, otherSymptoms=null, allergies=null, otherAllergies=null, medications=null, otherMedications=null, preExistingConditions=null, otherPreExistingConditions=null, signatureDataUrl=null)
2026-05-05T16:45:42.375+03:00  INFO 8220 --- [submit-service] [           main] i.t.s.service.PatientFormService         : Submitting new form for patient: PERFB DOE
2026-05-05T16:45:42.645+03:00  INFO 8220 --- [submit-service] [           main] i.t.s.controller.PatientFormController   : Form submitted successfully with ID: 589
2026-05-05T16:45:42.645+03:00 DEBUG 8220 --- [submit-service] [           main] o.s.w.s.m.m.a.HttpEntityMethodProcessor  : Using 'application/json', given [*/*] and supported [application/json, application/*+json]
2026-05-05T16:45:42.645+03:00 DEBUG 8220 --- [submit-service] [           main] o.s.w.s.m.m.a.HttpEntityMethodProcessor  : Writing [PatientFormResponseDto(id=589, firstName=PERFB, lastName=DOE, dateOfBirth=1990-01-15, streetName=MAI (truncated)...]
2026-05-05T16:45:42.647+03:00 DEBUG 8220 --- [submit-service] [           main] s.w.s.m.m.a.RequestMappingHandlerMapping : Mapped to infrax.teama.submit_service.controller.PatientFormController#submitForm(PatientFormRequest)
2026-05-05T16:45:42.649+03:00 DEBUG 8220 --- [submit-service] [           main] m.m.a.RequestResponseBodyMethodProcessor : Read "application/json" to [PatientFormRequest(firstName=PERFC, lastName=DOE, dateOfBirth=1990-01-15, streetName=MAINSTREET, str (truncated)...]
2026-05-05T16:45:42.650+03:00  INFO 8220 --- [submit-service] [           main] i.t.s.controller.PatientFormController   : Received form submission request: PatientFormRequest(firstName=PERFC, lastName=DOE, dateOfBirth=1990-01-15, streetName=MAINSTREET, streetNumber=123, city=BERLIN, postalCode=10115, phoneNumber=+49301234567, emailAddress=john.doe@example.com, symptoms=null, otherSymptoms=null, allergies=null, otherAllergies=null, medications=null, otherMedications=null, preExistingConditions=null, otherPreExistingConditions=null, signatureDataUrl=null)
2026-05-05T16:45:42.720+03:00  INFO 8220 --- [submit-service] [           main] i.t.s.service.PatientFormService         : Submitting new form for patient: PERFC DOE
2026-05-05T16:45:42.908+03:00  INFO 8220 --- [submit-service] [           main] i.t.s.controller.PatientFormController   : Form submitted successfully with ID: 590
2026-05-05T16:45:42.909+03:00 DEBUG 8220 --- [submit-service] [           main] o.s.w.s.m.m.a.HttpEntityMethodProcessor  : Using 'application/json', given [*/*] and supported [application/json, application/*+json]
2026-05-05T16:45:42.910+03:00 DEBUG 8220 --- [submit-service] [           main] o.s.w.s.m.m.a.HttpEntityMethodProcessor  : Writing [PatientFormResponseDto(id=590, firstName=PERFC, lastName=DOE, dateOfBirth=1990-01-15, streetName=MAI (truncated)...]
2026-05-05T16:45:42.912+03:00 DEBUG 8220 --- [submit-service] [           main] s.w.s.m.m.a.RequestMappingHandlerMapping : Mapped to infrax.teama.submit_service.controller.PatientFormController#submitForm(PatientFormRequest)
2026-05-05T16:45:42.916+03:00 DEBUG 8220 --- [submit-service] [           main] m.m.a.RequestResponseBodyMethodProcessor : Read "application/json" to [PatientFormRequest(firstName=PERFD, lastName=DOE, dateOfBirth=1990-01-15, streetName=MAINSTREET, str (truncated)...]
2026-05-05T16:45:42.919+03:00  INFO 8220 --- [submit-service] [           main] i.t.s.controller.PatientFormController   : Received form submission request: PatientFormRequest(firstName=PERFD, lastName=DOE, dateOfBirth=1990-01-15, streetName=MAINSTREET, streetNumber=123, city=BERLIN, postalCode=10115, phoneNumber=+49301234567, emailAddress=john.doe@example.com, symptoms=null, otherSymptoms=null, allergies=null, otherAllergies=null, medications=null, otherMedications=null, preExistingConditions=null, otherPreExistingConditions=null, signatureDataUrl=null)
2026-05-05T16:45:42.940+03:00  INFO 8220 --- [submit-service] [           main] i.t.s.service.PatientFormService         : Submitting new form for patient: PERFD DOE
2026-05-05T16:45:43.059+03:00  INFO 8220 --- [submit-service] [           main] i.t.s.controller.PatientFormController   : Form submitted successfully with ID: 591
2026-05-05T16:45:43.060+03:00 DEBUG 8220 --- [submit-service] [           main] o.s.w.s.m.m.a.HttpEntityMethodProcessor  : Using 'application/json', given [*/*] and supported [application/json, application/*+json]
2026-05-05T16:45:43.060+03:00 DEBUG 8220 --- [submit-service] [           main] o.s.w.s.m.m.a.HttpEntityMethodProcessor  : Writing [PatientFormResponseDto(id=591, firstName=PERFD, lastName=DOE, dateOfBirth=1990-01-15, streetName=MAI (truncated)...]
2026-05-05T16:45:43.067+03:00 DEBUG 8220 --- [submit-service] [           main] s.w.s.m.m.a.RequestMappingHandlerMapping : Mapped to infrax.teama.submit_service.controller.PatientFormController#submitForm(PatientFormRequest)
2026-05-05T16:45:43.069+03:00 DEBUG 8220 --- [submit-service] [           main] m.m.a.RequestResponseBodyMethodProcessor : Read "application/json" to [PatientFormRequest(firstName=PERFE, lastName=DOE, dateOfBirth=1990-01-15, streetName=MAINSTREET, str (truncated)...]
2026-05-05T16:45:43.072+03:00  INFO 8220 --- [submit-service] [           main] i.t.s.controller.PatientFormController   : Received form submission request: PatientFormRequest(firstName=PERFE, lastName=DOE, dateOfBirth=1990-01-15, streetName=MAINSTREET, streetNumber=123, city=BERLIN, postalCode=10115, phoneNumber=+49301234567, emailAddress=john.doe@example.com, symptoms=null, otherSymptoms=null, allergies=null, otherAllergies=null, medications=null, otherMedications=null, preExistingConditions=null, otherPreExistingConditions=null, signatureDataUrl=null)
2026-05-05T16:45:43.127+03:00  INFO 8220 --- [submit-service] [           main] i.t.s.service.PatientFormService         : Submitting new form for patient: PERFE DOE
2026-05-05T16:45:43.441+03:00  INFO 8220 --- [submit-service] [           main] i.t.s.controller.PatientFormController   : Form submitted successfully with ID: 592
2026-05-05T16:45:43.442+03:00 DEBUG 8220 --- [submit-service] [           main] o.s.w.s.m.m.a.HttpEntityMethodProcessor  : Using 'application/json', given [*/*] and supported [application/json, application/*+json]
2026-05-05T16:45:43.442+03:00 DEBUG 8220 --- [submit-service] [           main] o.s.w.s.m.m.a.HttpEntityMethodProcessor  : Writing [PatientFormResponseDto(id=592, firstName=PERFE, lastName=DOE, dateOfBirth=1990-01-15, streetName=MAI (truncated)...]
2026-05-05T16:45:43.444+03:00 DEBUG 8220 --- [submit-service] [           main] s.w.s.m.m.a.RequestMappingHandlerMapping : Mapped to infrax.teama.submit_service.controller.PatientFormController#submitForm(PatientFormRequest)
2026-05-05T16:45:43.445+03:00 DEBUG 8220 --- [submit-service] [           main] m.m.a.RequestResponseBodyMethodProcessor : Read "application/json" to [PatientFormRequest(firstName=PERFF, lastName=DOE, dateOfBirth=1990-01-15, streetName=MAINSTREET, str (truncated)...]
[...]
2026-05-05T16:45:54.741+03:00  INFO 8220 --- [submit-service] [           main] i.t.s.controller.PatientFormController   : Received form submission request: PatientFormRequest(firstName=NAMEE, lastName=DOE, dateOfBirth=1990-01-15, streetName=MAINSTREET, streetNumber=123, city=BERLIN, postalCode=10115, phoneNumber=+49301234567, emailAddress=john.doe@example.com, symptoms=null, otherSymptoms=null, allergies=null, otherAllergies=null, medications=null, otherMedications=null, preExistingConditions=null, otherPreExistingConditions=null, signatureDataUrl=null)
2026-05-05T16:45:54.744+03:00  INFO 8220 --- [submit-service] [           main] i.t.s.service.PatientFormService         : Submitting new form for patient: NAMEE DOE
2026-05-05T16:45:54.770+03:00  INFO 8220 --- [submit-service] [           main] i.t.s.controller.PatientFormController   : Form submitted successfully with ID: 713
2026-05-05T16:45:54.771+03:00 DEBUG 8220 --- [submit-service] [           main] o.s.w.s.m.m.a.HttpEntityMethodProcessor  : Using 'application/json', given [*/*] and supported [application/json, application/*+json]
2026-05-05T16:45:54.771+03:00 DEBUG 8220 --- [submit-service] [           main] o.s.w.s.m.m.a.HttpEntityMethodProcessor  : Writing [PatientFormResponseDto(id=713, firstName=NAMEE, lastName=DOE, dateOfBirth=1990-01-15, streetName=MAI (truncated)...]
2026-05-05T16:45:54.773+03:00 DEBUG 8220 --- [submit-service] [           main] s.w.s.m.m.a.RequestMappingHandlerMapping : Mapped to infrax.teama.submit_service.controller.PatientFormController#submitForm(PatientFormRequest)
2026-05-05T16:45:54.774+03:00 DEBUG 8220 --- [submit-service] [           main] m.m.a.RequestResponseBodyMethodProcessor : Read "application/json" to [PatientFormRequest(firstName=NAMEF, lastName=DOE, dateOfBirth=1990-01-15, streetName=MAINSTREET, str (truncated)...]
2026-05-05T16:45:54.774+03:00  INFO 8220 --- [submit-service] [           main] i.t.s.controller.PatientFormController   : Received form submission request: PatientFormRequest(firstName=NAMEF, lastName=DOE, dateOfBirth=1990-01-15, streetName=MAINSTREET, streetNumber=123, city=BERLIN, postalCode=10115, phoneNumber=+49301234567, emailAddress=john.doe@example.com, symptoms=null, otherSymptoms=null, allergies=null, otherAllergies=null, medications=null, otherMedications=null, preExistingConditions=null, otherPreExistingConditions=null, signatureDataUrl=null)
2026-05-05T16:45:54.780+03:00  INFO 8220 --- [submit-service] [           main] i.t.s.service.PatientFormService         : Submitting new form for patient: NAMEF DOE
2026-05-05T16:45:54.815+03:00  INFO 8220 --- [submit-service] [           main] i.t.s.controller.PatientFormController   : Form submitted successfully with ID: 714
2026-05-05T16:45:54.815+03:00 DEBUG 8220 --- [submit-service] [           main] o.s.w.s.m.m.a.HttpEntityMethodProcessor  : Using 'application/json', given [*/*] and supported [application/json, application/*+json]
2026-05-05T16:45:54.815+03:00 DEBUG 8220 --- [submit-service] [           main] o.s.w.s.m.m.a.HttpEntityMethodProcessor  : Writing [PatientFormResponseDto(id=714, firstName=NAMEF, lastName=DOE, dateOfBirth=1990-01-15, streetName=MAI (truncated)...]
2026-05-05T16:45:54.818+03:00 DEBUG 8220 --- [submit-service] [           main] s.w.s.m.m.a.RequestMappingHandlerMapping : Mapped to infrax.teama.submit_service.controller.PatientFormController#submitForm(PatientFormRequest)
2026-05-05T16:45:54.821+03:00 DEBUG 8220 --- [submit-service] [           main] m.m.a.RequestResponseBodyMethodProcessor : Read "application/json" to [PatientFormRequest(firstName=NAMEG, lastName=DOE, dateOfBirth=1990-01-15, streetName=MAINSTREET, str (truncated)...]
2026-05-05T16:45:54.821+03:00  INFO 8220 --- [submit-service] [           main] i.t.s.controller.PatientFormController   : Received form submission request: PatientFormRequest(firstName=NAMEG, lastName=DOE, dateOfBirth=1990-01-15, streetName=MAINSTREET, streetNumber=123, city=BERLIN, postalCode=10115, phoneNumber=+49301234567, emailAddress=john.doe@example.com, symptoms=null, otherSymptoms=null, allergies=null, otherAllergies=null, medications=null, otherMedications=null, preExistingConditions=null, otherPreExistingConditions=null, signatureDataUrl=null)
2026-05-05T16:45:54.839+03:00  INFO 8220 --- [submit-service] [           main] i.t.s.service.PatientFormService         : Submitting new form for patient: NAMEG DOE
2026-05-05T16:45:54.860+03:00  INFO 8220 --- [submit-service] [           main] i.t.s.controller.PatientFormController   : Form submitted successfully with ID: 715
2026-05-05T16:45:54.860+03:00 DEBUG 8220 --- [submit-service] [           main] o.s.w.s.m.m.a.HttpEntityMethodProcessor  : Using 'application/json', given [*/*] and supported [application/json, application/*+json]
2026-05-05T16:45:54.860+03:00 DEBUG 8220 --- [submit-service] [           main] o.s.w.s.m.m.a.HttpEntityMethodProcessor  : Writing [PatientFormResponseDto(id=715, firstName=NAMEG, lastName=DOE, dateOfBirth=1990-01-15, streetName=MAI (truncated)...]
2026-05-05T16:45:54.861+03:00 DEBUG 8220 --- [submit-service] [           main] s.w.s.m.m.a.RequestMappingHandlerMapping : Mapped to infrax.teama.submit_service.controller.PatientFormController#submitForm(PatientFormRequest)
2026-05-05T16:45:54.862+03:00 DEBUG 8220 --- [submit-service] [           main] m.m.a.RequestResponseBodyMethodProcessor : Read "application/json" to [PatientFormRequest(firstName=NAMEH, lastName=DOE, dateOfBirth=1990-01-15, streetName=MAINSTREET, str (truncated)...]
2026-05-05T16:45:54.863+03:00  INFO 8220 --- [submit-service] [           main] i.t.s.controller.PatientFormController   : Received form submission request: PatientFormRequest(firstName=NAMEH, lastName=DOE, dateOfBirth=1990-01-15, streetName=MAINSTREET, streetNumber=123, city=BERLIN, postalCode=10115, phoneNumber=+49301234567, emailAddress=john.doe@example.com, symptoms=null, otherSymptoms=null, allergies=null, otherAllergies=null, medications=null, otherMedications=null, preExistingConditions=null, otherPreExistingConditions=null, signatureDataUrl=null)
2026-05-05T16:45:54.866+03:00  INFO 8220 --- [submit-service] [           main] i.t.s.service.PatientFormService         : Submitting new form for patient: NAMEH DOE
2026-05-05T16:45:54.887+03:00  INFO 8220 --- [submit-service] [           main] i.t.s.controller.PatientFormController   : Form submitted successfully with ID: 716
2026-05-05T16:45:54.888+03:00 DEBUG 8220 --- [submit-service] [           main] o.s.w.s.m.m.a.HttpEntityMethodProcessor  : Using 'application/json', given [*/*] and supported [application/json, application/*+json]
2026-05-05T16:45:54.888+03:00 DEBUG 8220 --- [submit-service] [           main] o.s.w.s.m.m.a.HttpEntityMethodProcessor  : Writing [PatientFormResponseDto(id=716, firstName=NAMEH, lastName=DOE, dateOfBirth=1990-01-15, streetName=MAI (truncated)...]
2026-05-05T16:45:54.889+03:00 DEBUG 8220 --- [submit-service] [           main] s.w.s.m.m.a.RequestMappingHandlerMapping : Mapped to infrax.teama.submit_service.controller.PatientFormController#submitForm(PatientFormRequest)
2026-05-05T16:45:54.890+03:00 DEBUG 8220 --- [submit-service] [           main] m.m.a.RequestResponseBodyMethodProcessor : Read "application/json" to [PatientFormRequest(firstName=NAMEI, lastName=DOE, dateOfBirth=1990-01-15, streetName=MAINSTREET, str (truncated)...]
2026-05-05T16:45:54.891+03:00  INFO 8220 --- [submit-service] [           main] i.t.s.controller.PatientFormController   : Received form submission request: PatientFormRequest(firstName=NAMEI, lastName=DOE, dateOfBirth=1990-01-15, streetName=MAINSTREET, streetNumber=123, city=BERLIN, postalCode=10115, phoneNumber=+49301234567, emailAddress=john.doe@example.com, symptoms=null, otherSymptoms=null, allergies=null, otherAllergies=null, medications=null, otherMedications=null, preExistingConditions=null, otherPreExistingConditions=null, signatureDataUrl=null)
2026-05-05T16:45:54.897+03:00  INFO 8220 --- [submit-service] [           main] i.t.s.service.PatientFormService         : Submitting new form for patient: NAMEI DOE
2026-05-05T16:45:54.912+03:00  INFO 8220 --- [submit-service] [           main] i.t.s.controller.PatientFormController   : Form submitted successfully with ID: 717
2026-05-05T16:45:54.913+03:00 DEBUG 8220 --- [submit-service] [           main] o.s.w.s.m.m.a.HttpEntityMethodProcessor  : Using 'application/json', given [*/*] and supported [application/json, application/*+json]
2026-05-05T16:45:54.913+03:00 DEBUG 8220 --- [submit-service] [           main] o.s.w.s.m.m.a.HttpEntityMethodProcessor  : Writing [PatientFormResponseDto(id=717, firstName=NAMEI, lastName=DOE, dateOfBirth=1990-01-15, streetName=MAI (truncated)...]
2026-05-05T16:45:54.914+03:00 DEBUG 8220 --- [submit-service] [           main] s.w.s.m.m.a.RequestMappingHandlerMapping : Mapped to infrax.teama.submit_service.controller.PatientFormController#submitForm(PatientFormRequest)
2026-05-05T16:45:54.915+03:00 DEBUG 8220 --- [submit-service] [           main] m.m.a.RequestResponseBodyMethodProcessor : Read "application/json" to [PatientFormRequest(firstName=NAMEJ, lastName=DOE, dateOfBirth=1990-01-15, streetName=MAINSTREET, str (truncated)...]
2026-05-05T16:45:54.916+03:00  INFO 8220 --- [submit-service] [           main] i.t.s.controller.PatientFormController   : Received form submission request: PatientFormRequest(firstName=NAMEJ, lastName=DOE, dateOfBirth=1990-01-15, streetName=MAINSTREET, streetNumber=123, city=BERLIN, postalCode=10115, phoneNumber=+49301234567, emailAddress=john.doe@example.com, symptoms=null, otherSymptoms=null, allergies=null, otherAllergies=null, medications=null, otherMedications=null, preExistingConditions=null, otherPreExistingConditions=null, signatureDataUrl=null)
2026-05-05T16:45:54.918+03:00  INFO 8220 --- [submit-service] [           main] i.t.s.service.PatientFormService         : Submitting new form for patient: NAMEJ DOE
2026-05-05T16:45:54.932+03:00  INFO 8220 --- [submit-service] [           main] i.t.s.controller.PatientFormController   : Form submitted successfully with ID: 718
2026-05-05T16:45:54.932+03:00 DEBUG 8220 --- [submit-service] [           main] o.s.w.s.m.m.a.HttpEntityMethodProcessor  : Using 'application/json', given [*/*] and supported [application/json, application/*+json]
2026-05-05T16:45:54.932+03:00 DEBUG 8220 --- [submit-service] [           main] o.s.w.s.m.m.a.HttpEntityMethodProcessor  : Writing [PatientFormResponseDto(id=718, firstName=NAMEJ, lastName=DOE, dateOfBirth=1990-01-15, streetName=MAI (truncated)...]
2026-05-05T16:45:54.934+03:00 DEBUG 8220 --- [submit-service] [           main] s.w.s.m.m.a.RequestMappingHandlerMapping : Mapped to infrax.teama.submit_service.controller.PatientFormController#submitForm(PatientFormRequest)
2026-05-05T16:45:54.935+03:00 DEBUG 8220 --- [submit-service] [           main] m.m.a.RequestResponseBodyMethodProcessor : Read "application/json" to [PatientFormRequest(firstName=NAMEK, lastName=DOE, dateOfBirth=1990-01-15, streetName=MAINSTREET, str (truncated)...]
2026-05-05T16:45:54.936+03:00  INFO 8220 --- [submit-service] [           main] i.t.s.controller.PatientFormController   : Received form submission request: PatientFormRequest(firstName=NAMEK, lastName=DOE, dateOfBirth=1990-01-15, streetName=MAINSTREET, streetNumber=123, city=BERLIN, postalCode=10115, phoneNumber=+49301234567, emailAddress=john.doe@example.com, symptoms=null, otherSymptoms=null, allergies=null, otherAllergies=null, medications=null, otherMedications=null, preExistingConditions=null, otherPreExistingConditions=null, signatureDataUrl=null)
2026-05-05T16:45:54.939+03:00  INFO 8220 --- [submit-service] [           main] i.t.s.service.PatientFormService         : Submitting new form for patient: NAMEK DOE
2026-05-05T16:45:54.969+03:00  INFO 8220 --- [submit-service] [           main] i.t.s.controller.PatientFormController   : Form submitted successfully with ID: 719
2026-05-05T16:45:54.969+03:00 DEBUG 8220 --- [submit-service] [           main] o.s.w.s.m.m.a.HttpEntityMethodProcessor  : Using 'application/json', given [*/*] and supported [application/json, application/*+json]
2026-05-05T16:45:54.969+03:00 DEBUG 8220 --- [submit-service] [           main] o.s.w.s.m.m.a.HttpEntityMethodProcessor  : Writing [PatientFormResponseDto(id=719, firstName=NAMEK, lastName=DOE, dateOfBirth=1990-01-15, streetName=MAI (truncated)...]
2026-05-05T16:45:54.970+03:00 DEBUG 8220 --- [submit-service] [           main] s.w.s.m.m.a.RequestMappingHandlerMapping : Mapped to infrax.teama.submit_service.controller.PatientFormController#submitForm(PatientFormRequest)
2026-05-05T16:45:54.971+03:00 DEBUG 8220 --- [submit-service] [           main] m.m.a.RequestResponseBodyMethodProcessor : Read "application/json" to [PatientFormRequest(firstName=NAMEL, lastName=DOE, dateOfBirth=1990-01-15, streetName=MAINSTREET, str (truncated)...]
2026-05-05T16:45:54.972+03:00  INFO 8220 --- [submit-service] [           main] i.t.s.controller.PatientFormController   : Received form submission request: PatientFormRequest(firstName=NAMEL, lastName=DOE, dateOfBirth=1990-01-15, streetName=MAINSTREET, streetNumber=123, city=BERLIN, postalCode=10115, phoneNumber=+49301234567, emailAddress=john.doe@example.com, symptoms=null, otherSymptoms=null, allergies=null, otherAllergies=null, medications=null, otherMedications=null, preExistingConditions=null, otherPreExistingConditions=null, signatureDataUrl=null)
2026-05-05T16:45:54.976+03:00  INFO 8220 --- [submit-service] [           main] i.t.s.service.PatientFormService         : Submitting new form for patient: NAMEL DOE
2026-05-05T16:45:54.999+03:00  INFO 8220 --- [submit-service] [           main] i.t.s.controller.PatientFormController   : Form submitted successfully with ID: 720
2026-05-05T16:45:54.999+03:00 DEBUG 8220 --- [submit-service] [           main] o.s.w.s.m.m.a.HttpEntityMethodProcessor  : Using 'application/json', given [*/*] and supported [application/json, application/*+json]
2026-05-05T16:45:55.000+03:00 DEBUG 8220 --- [submit-service] [           main] o.s.w.s.m.m.a.HttpEntityMethodProcessor  : Writing [PatientFormResponseDto(id=720, firstName=NAMEL, lastName=DOE, dateOfBirth=1990-01-15, streetName=MAI (truncated)...]
2026-05-05T16:45:55.001+03:00 DEBUG 8220 --- [submit-service] [           main] s.w.s.m.m.a.RequestMappingHandlerMapping : Mapped to infrax.teama.submit_service.controller.PatientFormController#submitForm(PatientFormRequest)
2026-05-05T16:45:55.003+03:00 DEBUG 8220 --- [submit-service] [           main] m.m.a.RequestResponseBodyMethodProcessor : Read "application/json" to [PatientFormRequest(firstName=NAMEM, lastName=DOE, dateOfBirth=1990-01-15, streetName=MAINSTREET, str (truncated)...]
2026-05-05T16:45:55.003+03:00  INFO 8220 --- [submit-service] [           main] i.t.s.controller.PatientFormController   : Received form submission request: PatientFormRequest(firstName=NAMEM, lastName=DOE, dateOfBirth=1990-01-15, streetName=MAINSTREET, streetNumber=123, city=BERLIN, postalCode=10115, phoneNumber=+49301234567, emailAddress=john.doe@example.com, symptoms=null, otherSymptoms=null, allergies=null, otherAllergies=null, medications=null, otherMedications=null, preExistingConditions=null, otherPreExistingConditions=null, signatureDataUrl=null)
2026-05-05T16:45:55.024+03:00  INFO 8220 --- [submit-service] [           main] i.t.s.service.PatientFormService         : Submitting new form for patient: NAMEM DOE
2026-05-05T16:45:55.056+03:00  INFO 8220 --- [submit-service] [           main] i.t.s.controller.PatientFormController   : Form submitted successfully with ID: 721
2026-05-05T16:45:55.056+03:00 DEBUG 8220 --- [submit-service] [           main] o.s.w.s.m.m.a.HttpEntityMethodProcessor  : Using 'application/json', given [*/*] and supported [application/json, application/*+json]
2026-05-05T16:45:55.056+03:00 DEBUG 8220 --- [submit-service] [           main] o.s.w.s.m.m.a.HttpEntityMethodProcessor  : Writing [PatientFormResponseDto(id=721, firstName=NAMEM, lastName=DOE, dateOfBirth=1990-01-15, streetName=MAI (truncated)...]
2026-05-05T16:45:55.057+03:00 DEBUG 8220 --- [submit-service] [           main] s.w.s.m.m.a.RequestMappingHandlerMapping : Mapped to infrax.teama.submit_service.controller.PatientFormController#submitForm(PatientFormRequest)
2026-05-05T16:45:55.059+03:00 DEBUG 8220 --- [submit-service] [           main] m.m.a.RequestResponseBodyMethodProcessor : Read "application/json" to [PatientFormRequest(firstName=NAMEN, lastName=DOE, dateOfBirth=1990-01-15, streetName=MAINSTREET, str (truncated)...]
2026-05-05T16:45:55.059+03:00  INFO 8220 --- [submit-service] [           main] i.t.s.controller.PatientFormController   : Received form submission request: PatientFormRequest(firstName=NAMEN, lastName=DOE, dateOfBirth=1990-01-15, streetName=MAINSTREET, streetNumber=123, city=BERLIN, postalCode=10115, phoneNumber=+49301234567, emailAddress=john.doe@example.com, symptoms=null, otherSymptoms=null, allergies=null, otherAllergies=null, medications=null, otherMedications=null, preExistingConditions=null, otherPreExistingConditions=null, signatureDataUrl=null)
2026-05-05T16:45:55.070+03:00  INFO 8220 --- [submit-service] [           main] i.t.s.service.PatientFormService         : Submitting new form for patient: NAMEN DOE
2026-05-05T16:45:55.086+03:00  INFO 8220 --- [submit-service] [           main] i.t.s.controller.PatientFormController   : Form submitted successfully with ID: 722
2026-05-05T16:45:55.087+03:00 DEBUG 8220 --- [submit-service] [           main] o.s.w.s.m.m.a.HttpEntityMethodProcessor  : Using 'application/json', given [*/*] and supported [application/json, application/*+json]
2026-05-05T16:45:55.087+03:00 DEBUG 8220 --- [submit-service] [           main] o.s.w.s.m.m.a.HttpEntityMethodProcessor  : Writing [PatientFormResponseDto(id=722, firstName=NAMEN, lastName=DOE, dateOfBirth=1990-01-15, streetName=MAI (truncated)...]
2026-05-05T16:45:55.089+03:00 DEBUG 8220 --- [submit-service] [           main] s.w.s.m.m.a.RequestMappingHandlerMapping : Mapped to infrax.teama.submit_service.controller.PatientFormController#submitForm(PatientFormRequest)
2026-05-05T16:45:55.089+03:00 DEBUG 8220 --- [submit-service] [           main] m.m.a.RequestResponseBodyMethodProcessor : Read "application/json" to [PatientFormRequest(firstName=NAMEO, lastName=DOE, dateOfBirth=1990-01-15, streetName=MAINSTREET, str (truncated)...]
2026-05-05T16:45:55.090+03:00  INFO 8220 --- [submit-service] [           main] i.t.s.controller.PatientFormController   : Received form submission request: PatientFormRequest(firstName=NAMEO, lastName=DOE, dateOfBirth=1990-01-15, streetName=MAINSTREET, streetNumber=123, city=BERLIN, postalCode=10115, phoneNumber=+49301234567, emailAddress=john.doe@example.com, symptoms=null, otherSymptoms=null, allergies=null, otherAllergies=null, medications=null, otherMedications=null, preExistingConditions=null, otherPreExistingConditions=null, signatureDataUrl=null)
2026-05-05T16:45:55.104+03:00  INFO 8220 --- [submit-service] [           main] i.t.s.service.PatientFormService         : Submitting new form for patient: NAMEO DOE
2026-05-05T16:45:55.146+03:00  INFO 8220 --- [submit-service] [           main] i.t.s.controller.PatientFormController   : Form submitted successfully with ID: 723
2026-05-05T16:45:55.146+03:00 DEBUG 8220 --- [submit-service] [           main] o.s.w.s.m.m.a.HttpEntityMethodProcessor  : Using 'application/json', given [*/*] and supported [application/json, application/*+json]
2026-05-05T16:45:55.146+03:00 DEBUG 8220 --- [submit-service] [           main] o.s.w.s.m.m.a.HttpEntityMethodProcessor  : Writing [PatientFormResponseDto(id=723, firstName=NAMEO, lastName=DOE, dateOfBirth=1990-01-15, streetName=MAI (truncated)...]
]]></system-out>
  </testcase>
</testsuite>